2026-04-18 04:33:23.692 [info] Reading sessions from keychain...
2026-04-18 04:33:23.692 [info] Got stored sessions!
2026-04-18 04:33:23.692 [info] Got 1 verified sessions.
2026-04-18 04:33:23.692 [info] Getting sessions for all scopes...
2026-04-18 04:33:23.692 [info] Got 1 sessions for ...
2026-04-18 04:33:23.692 [info] Getting sessions for all scopes...
2026-04-18 04:33:23.692 [info] Got 1 sessions for ...
2026-04-18 04:33:23.692 [info] Getting sessions for all scopes...
2026-04-18 04:33:23.692 [info] Got 1 sessions for ...
2026-04-18 04:33:23.692 [info] Getting sessions for all scopes...
2026-04-18 04:33:23.692 [info] Got 1 sessions for ...
2026-04-18 04:33:24.718 [info] Getting sessions for all scopes...
2026-04-18 04:33:24.718 [info] Got 1 sessions for ...
2026-04-18 04:33:24.718 [info] Getting sessions for all scopes...
2026-04-18 04:33:24.718 [info] Got 1 sessions for ...
2026-04-18 04:33:24.718 [info] Getting sessions for all scopes...
2026-04-18 04:33:24.718 [info] Got 1 sessions for ...
2026-04-18 04:33:24.985 [info] Getting sessions for all scopes...
2026-04-18 04:33:24.985 [info] Got 1 sessions for ...
2026-04-18 04:33:25.531 [info] Getting sessions for read:user,repo,user:email,workflow...
2026-04-18 04:33:25.531 [info] Got 1 sessions for read:user,repo,user:email,workflow...
2026-04-18 04:33:26.496 [info] Getting sessions for read:user,repo,user:email,workflow...
2026-04-18 04:33:26.496 [info] Got 1 sessions for read:user,repo,user:email,workflow...
2026-04-18 04:33:27.173 [info] Getting sessions for all scopes...
2026-04-18 04:33:27.173 [info] Got 1 sessions for ...
2026-04-18 04:33:27.173 [info] Getting sessions for all scopes...
2026-04-18 04:33:27.173 [info] Got 1 sessions for ...
2026-04-18 04:33:28.330 [info] Getting sessions for read:user,repo,user:email,workflow...
2026-04-18 04:33:28.330 [info] Got 1 sessions for read:user,repo,user:email,workflow...
2026-04-18 04:33:29.099 [info] Getting sessions for all scopes...
2026-04-18 04:33:29.099 [info] Got 1 sessions for ...
2026-04-18 04:33:29.297 [info] Getting sessions for all scopes...
2026-04-18 04:33:29.297 [info] Got 1 sessions for ...
2026-04-18 04:33:29.297 [info] Getting sessions for all scopes...
2026-04-18 04:33:29.297 [info] Got 1 sessions for ...
2026-04-18 04:33:29.297 [info] Getting sessions for all scopes...
2026-04-18 04:33:29.297 [info] Got 1 sessions for ...
2026-04-18 04:33:29.337 [info] Getting sessions for all scopes...
2026-04-18 04:33:29.337 [info] Got 1 sessions for ...
2026-04-18 04:33:29.941 [info] Getting sessions for read:user,repo,user:email,workflow...
2026-04-18 04:33:29.941 [info] Got 1 sessions for read:user,repo,user:email,workflow...
2026-04-18 04:33:30.966 [info] Getting sessions for all scopes...
2026-04-18 04:33:30.966 [info] Got 1 sessions for ...
2026-04-18 04:33:31.210 [info] Getting sessions for all scopes...
2026-04-18 04:33:31.210 [info] Got 1 sessions for ...
2026-04-18 04:33:31.694 [info] Getting sessions for read:user,repo,user:email,workflow...
2026-04-18 04:33:31.694 [info] Got 1 sessions for read:user,repo,user:email,workflow...
2026-04-18 04:33:32.329 [info] Getting sessions for all scopes...
2026-04-18 04:33:32.329 [info] Got 1 sessions for ...
2026-04-18 04:33:33.000 [info] Getting sessions for read:user,repo,user:email,workflow...
2026-04-18 04:33:33.000 [info] Got 1 sessions for read:user,repo,user:email,workflow...
2026-04-18 04:33:33.533 [info] Getting sessions for all scopes...
2026-04-18 04:33:33.533 [info] Got 1 sessions for ...
2026-04-18 04:33:34.159 [info] Getting sessions for read:user,repo,user:email,workflow...
2026-04-18 04:33:34.159 [info] Got 1 sessions for read:user,repo,user:email,workflow...
2026-04-18 04:34:27.930 [info] Getting sessions for all scopes...
2026-04-18 04:34:27.931 [info] Got 1 sessions for ...
2026-04-18 04:34:28.230 [info] Getting sessions for all scopes...
2026-04-18 04:34:28.230 [info] Got 1 sessions for ...
2026-04-18 04:34:28.439 [info] Getting sessions for all scopes...
2026-04-18 04:34:28.439 [info] Got 1 sessions for ...
2026-04-18 04:34:28.647 [info] Getting sessions for all scopes...
2026-04-18 04:34:28.647 [info] Got 1 sessions for ...
2026-04-18 04:34:43.458 [info] Getting sessions for all scopes...
2026-04-18 04:34:43.458 [info] Got 1 sessions for ...
2026-04-18 04:34:43.666 [info] Getting sessions for all scopes...
2026-04-18 04:34:43.666 [info] Got 1 sessions for ...
2026-04-18 04:35:54.073 [info] Getting sessions for all scopes...
2026-04-18 04:35:54.073 [info] Got 1 sessions for ...
2026-04-18 04:35:54.374 [info] Getting sessions for all scopes...
2026-04-18 04:35:54.374 [info] Got 1 sessions for ...
2026-04-18 04:36:47.680 [info] Getting sessions for all scopes...
2026-04-18 04:36:47.680 [info] Got 1 sessions for ...
2026-04-18 04:36:47.906 [info] Getting sessions for all scopes...
2026-04-18 04:36:47.906 [info] Got 1 sessions for ...
