File not found: /usr/lib/code-server/lib/vscode/node_modules/vsda/rust/web/vsda.js
File not found: /usr/lib/code-server/lib/vscode/node_modules/vsda/rust/web/vsda_bg.wasm
File not found: /usr/lib/code-server/lib/vscode/node_modules/vscode-regexp-languagedetection/dist/index.js
[IPC Library: Pty Host] xterm.js: Parsing error:  {
  position: 14,
  code: 127,
  currentState: 0,
  collect: 0,
  params: {
    maxLength: 32,
    maxSubParamsLength: 32,
    params: {
      '0': 0,
      '1': 0,
      '2': 0,
      '3': 0,
      '4': 0,
      '5': 0,
      '6': 0,
      '7': 0,
      '8': 0,
      '9': 0,
      '10': 0,
      '11': 0,
      '12': 0,
      '13': 0,
      '14': 0,
      '15': 0,
      '16': 0,
      '17': 0,
      '18': 0,
      '19': 0,
      '20': 0,
      '21': 0,
      '22': 0,
      '23': 0,
      '24': 0,
      '25': 0,
      '26': 0,
      '27': 0,
      '28': 0,
      '29': 0,
      '30': 0,
      '31': 0
    },
    length: 1,
    _subParams: {
      '0': 0,
      '1': 0,
      '2': 0,
      '3': 0,
      '4': 0,
      '5': 0,
      '6': 0,
      '7': 0,
      '8': 0,
      '9': 0,
      '10': 0,
      '11': 0,
      '12': 0,
      '13': 0,
      '14': 0,
      '15': 0,
      '16': 0,
      '17': 0,
      '18': 0,
      '19': 0,
      '20': 0,
      '21': 0,
      '22': 0,
      '23': 0,
      '24': 0,
      '25': 0,
      '26': 0,
      '27': 0,
      '28': 0,
      '29': 0,
      '30': 0,
      '31': 0
    },
    _subParamsLength: 0,
    _subParamsIdx: {
      '0': 0,
      '1': 0,
      '2': 0,
      '3': 0,
      '4': 0,
      '5': 0,
      '6': 0,
      '7': 0,
      '8': 0,
      '9': 0,
      '10': 0,
      '11': 0,
      '12': 0,
      '13': 0,
      '14': 0,
      '15': 0,
      '16': 0,
      '17': 0,
      '18': 0,
      '19': 0,
      '20': 0,
      '21': 0,
      '22': 0,
      '23': 0,
      '24': 0,
      '25': 0,
      '26': 0,
      '27': 0,
      '28': 0,
      '29': 0,
      '30': 0,
      '31': 0
    },
    _rejectDigits: false,
    _rejectSubDigits: false,
    _digitIsSub: false
  },
  abort: false
}
File not found: /usr/lib/code-server/lib/vscode/node_modules/vsda/rust/web/vsda.js
File not found: /usr/lib/code-server/lib/vscode/node_modules/vsda/rust/web/vsda_bg.wasm
File not found: /usr/lib/code-server/lib/vscode/node_modules/vsda/rust/web/vsda_bg.wasm
File not found: /usr/lib/code-server/lib/vscode/node_modules/vsda/rust/web/vsda.js
File not found: /usr/lib/code-server/lib/vscode/node_modules/vsda/rust/web/vsda_bg.wasm
File not found: /usr/lib/code-server/lib/vscode/node_modules/vsda/rust/web/vsda.js
[IPC Library: Pty Host] xterm.js: Parsing error:  {
  position: 14,
  code: 127,
  currentState: 0,
  collect: 0,
  params: {
    maxLength: 32,
    maxSubParamsLength: 32,
    params: {
      '0': 0,
      '1': 0,
      '2': 0,
      '3': 0,
      '4': 0,
      '5': 0,
      '6': 0,
      '7': 0,
      '8': 0,
      '9': 0,
      '10': 0,
      '11': 0,
      '12': 0,
      '13': 0,
      '14': 0,
      '15': 0,
      '16': 0,
      '17': 0,
      '18': 0,
      '19': 0,
      '20': 0,
      '21': 0,
      '22': 0,
      '23': 0,
      '24': 0,
      '25': 0,
      '26': 0,
      '27': 0,
      '28': 0,
      '29': 0,
      '30': 0,
      '31': 0
    },
    length: 1,
    _subParams: {
      '0': 0,
      '1': 0,
      '2': 0,
      '3': 0,
      '4': 0,
      '5': 0,
      '6': 0,
      '7': 0,
      '8': 0,
      '9': 0,
      '10': 0,
      '11': 0,
      '12': 0,
      '13': 0,
      '14': 0,
      '15': 0,
      '16': 0,
      '17': 0,
      '18': 0,
      '19': 0,
      '20': 0,
      '21': 0,
      '22': 0,
      '23': 0,
      '24': 0,
      '25': 0,
      '26': 0,
      '27': 0,
      '28': 0,
      '29': 0,
      '30': 0,
      '31': 0
    },
    _subParamsLength: 0,
    _subParamsIdx: {
      '0': 0,
      '1': 0,
      '2': 0,
      '3': 0,
      '4': 0,
      '5': 0,
      '6': 0,
      '7': 0,
      '8': 0,
      '9': 0,
      '10': 0,
      '11': 0,
      '12': 0,
      '13': 0,
      '14': 0,
      '15': 0,
      '16': 0,
      '17': 0,
      '18': 0,
      '19': 0,
      '20': 0,
      '21': 0,
      '22': 0,
      '23': 0,
      '24': 0,
      '25': 0,
      '26': 0,
      '27': 0,
      '28': 0,
      '29': 0,
      '30': 0,
      '31': 0
    },
    _rejectDigits: false,
    _rejectSubDigits: false,
    _digitIsSub: false
  },
  abort: false
}
[IPC Library: Pty Host] xterm.js: Parsing error:  {
  position: 14,
  code: 127,
  currentState: 0,
  collect: 0,
  params: {
    maxLength: 32,
    maxSubParamsLength: 32,
    params: {
      '0': 0,
      '1': 0,
      '2': 0,
      '3': 0,
      '4': 0,
      '5': 0,
      '6': 0,
      '7': 0,
      '8': 0,
      '9': 0,
      '10': 0,
      '11': 0,
      '12': 0,
      '13': 0,
      '14': 0,
      '15': 0,
      '16': 0,
      '17': 0,
      '18': 0,
      '19': 0,
      '20': 0,
      '21': 0,
      '22': 0,
      '23': 0,
      '24': 0,
      '25': 0,
      '26': 0,
      '27': 0,
      '28': 0,
      '29': 0,
      '30': 0,
      '31': 0
    },
    length: 1,
    _subParams: {
      '0': 0,
      '1': 0,
      '2': 0,
      '3': 0,
      '4': 0,
      '5': 0,
      '6': 0,
      '7': 0,
      '8': 0,
      '9': 0,
      '10': 0,
      '11': 0,
      '12': 0,
      '13': 0,
      '14': 0,
      '15': 0,
      '16': 0,
      '17': 0,
      '18': 0,
      '19': 0,
      '20': 0,
      '21': 0,
      '22': 0,
      '23': 0,
      '24': 0,
      '25': 0,
      '26': 0,
      '27': 0,
      '28': 0,
      '29': 0,
      '30': 0,
      '31': 0
    },
    _subParamsLength: 0,
    _subParamsIdx: {
      '0': 0,
      '1': 0,
      '2': 0,
      '3': 0,
      '4': 0,
      '5': 0,
      '6': 0,
      '7': 0,
      '8': 0,
      '9': 0,
      '10': 0,
      '11': 0,
      '12': 0,
      '13': 0,
      '14': 0,
      '15': 0,
      '16': 0,
      '17': 0,
      '18': 0,
      '19': 0,
      '20': 0,
      '21': 0,
      '22': 0,
      '23': 0,
      '24': 0,
      '25': 0,
      '26': 0,
      '27': 0,
      '28': 0,
      '29': 0,
      '30': 0,
      '31': 0
    },
    _rejectDigits: false,
    _rejectSubDigits: false,
    _digitIsSub: false
  },
  abort: false
}
