2026-04-17 16:04:22.354 [info] [main] Log level: Info
2026-04-17 16:04:22.354 [info] [main] Validating found git in: "git"
2026-04-17 16:04:22.354 [info] [main] Using git "2.30.2" from "git"
2026-04-17 16:04:22.354 [info] [Model][doInitialScan] Initial repository scan started
2026-04-17 16:04:22.354 [info] > git rev-parse --show-toplevel [5ms]
2026-04-17 16:04:22.354 [info] > git rev-parse --git-dir --git-common-dir --show-superproject-working-tree [3ms]
2026-04-17 16:04:22.511 [info] [Model][openRepository] Opened repository (path): /home/user
2026-04-17 16:04:22.511 [info] [Model][openRepository] Opened repository (real path): /home/user
2026-04-17 16:04:22.511 [info] [Model][openRepository] Opened repository (kind): repository
2026-04-17 16:04:22.519 [info] > git config --get commit.template [3ms]
2026-04-17 16:04:22.544 [info] > git rev-parse --show-toplevel [26ms]
2026-04-17 16:04:22.548 [info] [Git][getRemotes] No remotes found in the git config file
2026-04-17 16:04:22.551 [info] > git for-each-ref --format=%(refname)%00%(upstream:short)%00%(objectname)%00%(upstream:track)%00%(upstream:remotename)%00%(upstream:remoteref) refs/heads/main refs/remotes/main [4ms]
2026-04-17 16:04:22.551 [warning] [Git][getBranch] No such branch: main
2026-04-17 16:04:22.557 [info] > git rev-parse --show-toplevel [7ms]
2026-04-17 16:04:22.559 [info] > git for-each-ref --sort -committerdate --format %(refname)%00%(objectname)%00%(*objectname) [3ms]
2026-04-17 16:04:22.560 [info] > git rev-parse --show-toplevel [1ms]
2026-04-17 16:04:22.564 [info] > git rev-parse --show-toplevel [1ms]
2026-04-17 16:04:22.566 [info] [Model][doInitialScan] Initial repository scan completed - repositories (1), closed repositories (0), parent repositories (0), unsafe repositories (0)
2026-04-17 16:04:22.570 [info] > git status -z -uall [17ms]
2026-04-17 16:04:23.027 [info] > git for-each-ref --format=%(refname)%00%(upstream:short)%00%(objectname)%00%(upstream:track)%00%(upstream:remotename)%00%(upstream:remoteref) refs/heads/main refs/remotes/main [410ms]
2026-04-17 16:04:23.027 [warning] [Git][getBranch] No such branch: main
2026-04-17 16:04:23.027 [error] [GitHistoryProvider][resolveHEADMergeBase] Failed to resolve merge base for main: Error: No such branch: main.
2026-04-17 16:04:23.030 [info] > git config --get commit.template [4ms]
2026-04-17 16:04:23.033 [info] [Git][getRemotes] No remotes found in the git config file
2026-04-17 16:04:23.034 [info] > git for-each-ref --format=%(refname)%00%(upstream:short)%00%(objectname)%00%(upstream:track)%00%(upstream:remotename)%00%(upstream:remoteref) refs/heads/main refs/remotes/main [1ms]
2026-04-17 16:04:23.034 [warning] [Git][getBranch] No such branch: main
2026-04-17 16:04:23.041 [info] > git for-each-ref --sort -committerdate --format %(refname)%00%(objectname)%00%(*objectname) [2ms]
2026-04-17 16:04:23.096 [info] > git status -z -uall [59ms]
2026-04-17 16:04:23.637 [info] > git check-ignore -v -z --stdin [1ms]
2026-04-17 16:04:24.972 [info] > git check-ignore -v -z --stdin [0ms]
2026-04-17 16:04:25.536 [info] > git check-ignore -v -z --stdin [4ms]
2026-04-17 16:04:27.882 [info] > git check-ignore -v -z --stdin [1ms]
2026-04-17 16:04:37.829 [info] [Git][getRemotes] No remotes found in the git config file
2026-04-17 16:04:37.830 [info] > git config --get commit.template [4ms]
2026-04-17 16:04:37.831 [info] > git for-each-ref --format=%(refname)%00%(upstream:short)%00%(objectname)%00%(upstream:track)%00%(upstream:remotename)%00%(upstream:remoteref) refs/heads/main refs/remotes/main [2ms]
2026-04-17 16:04:37.831 [warning] [Git][getBranch] No such branch: main
2026-04-17 16:04:37.837 [info] > git for-each-ref --sort -committerdate --format %(refname)%00%(objectname)%00%(*objectname) [1ms]
2026-04-17 16:04:37.847 [info] > git status -z -uall [14ms]
2026-04-17 16:04:42.875 [info] [Git][getRemotes] No remotes found in the git config file
2026-04-17 16:04:42.876 [info] > git config --get commit.template [4ms]
2026-04-17 16:04:42.876 [info] > git for-each-ref --format=%(refname)%00%(upstream:short)%00%(objectname)%00%(upstream:track)%00%(upstream:remotename)%00%(upstream:remoteref) refs/heads/main refs/remotes/main [1ms]
2026-04-17 16:04:42.876 [warning] [Git][getBranch] No such branch: main
2026-04-17 16:04:42.883 [info] > git for-each-ref --sort -committerdate --format %(refname)%00%(objectname)%00%(*objectname) [1ms]
2026-04-17 16:04:42.892 [info] > git status -z -uall [13ms]
2026-04-17 16:04:43.816 [info] > git check-ignore -v -z --stdin [1ms]
2026-04-17 16:04:47.927 [info] [Git][getRemotes] No remotes found in the git config file
2026-04-17 16:04:47.927 [info] > git config --get commit.template [4ms]
2026-04-17 16:04:47.928 [info] > git for-each-ref --format=%(refname)%00%(upstream:short)%00%(objectname)%00%(upstream:track)%00%(upstream:remotename)%00%(upstream:remoteref) refs/heads/main refs/remotes/main [2ms]
2026-04-17 16:04:47.928 [warning] [Git][getBranch] No such branch: main
2026-04-17 16:04:47.935 [info] > git for-each-ref --sort -committerdate --format %(refname)%00%(objectname)%00%(*objectname) [1ms]
2026-04-17 16:04:47.944 [info] > git status -z -uall [14ms]
2026-04-17 16:04:48.357 [info] > git check-ignore -v -z --stdin [2ms]
2026-04-17 16:04:52.975 [info] [Git][getRemotes] No remotes found in the git config file
2026-04-17 16:04:52.976 [info] > git config --get commit.template [4ms]
2026-04-17 16:04:52.976 [info] > git for-each-ref --format=%(refname)%00%(upstream:short)%00%(objectname)%00%(upstream:track)%00%(upstream:remotename)%00%(upstream:remoteref) refs/heads/main refs/remotes/main [1ms]
2026-04-17 16:04:52.976 [warning] [Git][getBranch] No such branch: main
2026-04-17 16:04:52.983 [info] > git for-each-ref --sort -committerdate --format %(refname)%00%(objectname)%00%(*objectname) [1ms]
2026-04-17 16:04:52.995 [info] > git status -z -uall [16ms]
2026-04-17 16:04:58.023 [info] [Git][getRemotes] No remotes found in the git config file
2026-04-17 16:04:58.023 [info] > git config --get commit.template [4ms]
2026-04-17 16:04:58.024 [info] > git for-each-ref --format=%(refname)%00%(upstream:short)%00%(objectname)%00%(upstream:track)%00%(upstream:remotename)%00%(upstream:remoteref) refs/heads/main refs/remotes/main [1ms]
2026-04-17 16:04:58.024 [warning] [Git][getBranch] No such branch: main
2026-04-17 16:04:58.031 [info] > git for-each-ref --sort -committerdate --format %(refname)%00%(objectname)%00%(*objectname) [1ms]
2026-04-17 16:04:58.041 [info] > git status -z -uall [14ms]
2026-04-17 16:05:03.071 [info] [Git][getRemotes] No remotes found in the git config file
2026-04-17 16:05:03.071 [info] > git config --get commit.template [5ms]
2026-04-17 16:05:03.071 [info] > git for-each-ref --format=%(refname)%00%(upstream:short)%00%(objectname)%00%(upstream:track)%00%(upstream:remotename)%00%(upstream:remoteref) refs/heads/main refs/remotes/main [1ms]
2026-04-17 16:05:03.072 [warning] [Git][getBranch] No such branch: main
2026-04-17 16:05:03.079 [info] > git for-each-ref --sort -committerdate --format %(refname)%00%(objectname)%00%(*objectname) [1ms]
2026-04-17 16:05:03.088 [info] > git status -z -uall [13ms]
2026-04-17 16:05:08.117 [info] [Git][getRemotes] No remotes found in the git config file
2026-04-17 16:05:08.118 [info] > git config --get commit.template [5ms]
2026-04-17 16:05:08.118 [info] > git for-each-ref --format=%(refname)%00%(upstream:short)%00%(objectname)%00%(upstream:track)%00%(upstream:remotename)%00%(upstream:remoteref) refs/heads/main refs/remotes/main [1ms]
2026-04-17 16:05:08.118 [warning] [Git][getBranch] No such branch: main
2026-04-17 16:05:08.125 [info] > git for-each-ref --sort -committerdate --format %(refname)%00%(objectname)%00%(*objectname) [1ms]
2026-04-17 16:05:08.134 [info] > git status -z -uall [13ms]
2026-04-17 16:05:13.164 [info] [Git][getRemotes] No remotes found in the git config file
2026-04-17 16:05:13.165 [info] > git config --get commit.template [5ms]
2026-04-17 16:05:13.165 [info] > git for-each-ref --format=%(refname)%00%(upstream:short)%00%(objectname)%00%(upstream:track)%00%(upstream:remotename)%00%(upstream:remoteref) refs/heads/main refs/remotes/main [1ms]
2026-04-17 16:05:13.165 [warning] [Git][getBranch] No such branch: main
2026-04-17 16:05:13.174 [info] > git for-each-ref --sort -committerdate --format %(refname)%00%(objectname)%00%(*objectname) [1ms]
2026-04-17 16:05:13.183 [info] > git status -z -uall [14ms]
2026-04-17 16:05:18.225 [info] [Git][getRemotes] No remotes found in the git config file
2026-04-17 16:05:18.226 [info] > git config --get commit.template [4ms]
2026-04-17 16:05:18.226 [info] > git for-each-ref --format=%(refname)%00%(upstream:short)%00%(objectname)%00%(upstream:track)%00%(upstream:remotename)%00%(upstream:remoteref) refs/heads/main refs/remotes/main [1ms]
2026-04-17 16:05:18.226 [warning] [Git][getBranch] No such branch: main
2026-04-17 16:05:18.235 [info] > git for-each-ref --sort -committerdate --format %(refname)%00%(objectname)%00%(*objectname) [1ms]
2026-04-17 16:05:18.243 [info] > git status -z -uall [13ms]
2026-04-17 16:05:23.280 [info] [Git][getRemotes] No remotes found in the git config file
2026-04-17 16:05:23.281 [info] > git config --get commit.template [4ms]
2026-04-17 16:05:23.281 [info] > git for-each-ref --format=%(refname)%00%(upstream:short)%00%(objectname)%00%(upstream:track)%00%(upstream:remotename)%00%(upstream:remoteref) refs/heads/main refs/remotes/main [1ms]
2026-04-17 16:05:23.281 [warning] [Git][getBranch] No such branch: main
2026-04-17 16:05:23.289 [info] > git for-each-ref --sort -committerdate --format %(refname)%00%(objectname)%00%(*objectname) [1ms]
2026-04-17 16:05:23.298 [info] > git status -z -uall [13ms]
2026-04-17 16:05:28.330 [info] [Git][getRemotes] No remotes found in the git config file
2026-04-17 16:05:28.331 [info] > git config --get commit.template [4ms]
2026-04-17 16:05:28.331 [info] > git for-each-ref --format=%(refname)%00%(upstream:short)%00%(objectname)%00%(upstream:track)%00%(upstream:remotename)%00%(upstream:remoteref) refs/heads/main refs/remotes/main [1ms]
2026-04-17 16:05:28.331 [warning] [Git][getBranch] No such branch: main
2026-04-17 16:05:28.339 [info] > git for-each-ref --sort -committerdate --format %(refname)%00%(objectname)%00%(*objectname) [1ms]
2026-04-17 16:05:28.347 [info] > git status -z -uall [13ms]
2026-04-17 16:05:33.385 [info] [Git][getRemotes] No remotes found in the git config file
2026-04-17 16:05:33.386 [info] > git config --get commit.template [5ms]
2026-04-17 16:05:33.386 [info] > git for-each-ref --format=%(refname)%00%(upstream:short)%00%(objectname)%00%(upstream:track)%00%(upstream:remotename)%00%(upstream:remoteref) refs/heads/main refs/remotes/main [1ms]
2026-04-17 16:05:33.386 [warning] [Git][getBranch] No such branch: main
2026-04-17 16:05:33.394 [info] > git for-each-ref --sort -committerdate --format %(refname)%00%(objectname)%00%(*objectname) [1ms]
2026-04-17 16:05:33.404 [info] > git status -z -uall [15ms]
2026-04-17 16:05:38.435 [info] [Git][getRemotes] No remotes found in the git config file
2026-04-17 16:05:38.436 [info] > git config --get commit.template [5ms]
2026-04-17 16:05:38.436 [info] > git for-each-ref --format=%(refname)%00%(upstream:short)%00%(objectname)%00%(upstream:track)%00%(upstream:remotename)%00%(upstream:remoteref) refs/heads/main refs/remotes/main [1ms]
2026-04-17 16:05:38.436 [warning] [Git][getBranch] No such branch: main
2026-04-17 16:05:38.446 [info] > git for-each-ref --sort -committerdate --format %(refname)%00%(objectname)%00%(*objectname) [1ms]
2026-04-17 16:05:38.453 [info] > git status -z -uall [13ms]
2026-04-17 16:05:43.486 [info] [Git][getRemotes] No remotes found in the git config file
2026-04-17 16:05:43.486 [info] > git config --get commit.template [4ms]
2026-04-17 16:05:43.487 [info] > git for-each-ref --format=%(refname)%00%(upstream:short)%00%(objectname)%00%(upstream:track)%00%(upstream:remotename)%00%(upstream:remoteref) refs/heads/main refs/remotes/main [2ms]
2026-04-17 16:05:43.487 [warning] [Git][getBranch] No such branch: main
2026-04-17 16:05:43.496 [info] > git for-each-ref --sort -committerdate --format %(refname)%00%(objectname)%00%(*objectname) [1ms]
2026-04-17 16:05:43.505 [info] > git status -z -uall [14ms]
2026-04-17 16:05:48.536 [info] [Git][getRemotes] No remotes found in the git config file
2026-04-17 16:05:48.536 [info] > git config --get commit.template [4ms]
2026-04-17 16:05:48.536 [info] > git for-each-ref --format=%(refname)%00%(upstream:short)%00%(objectname)%00%(upstream:track)%00%(upstream:remotename)%00%(upstream:remoteref) refs/heads/main refs/remotes/main [0ms]
2026-04-17 16:05:48.537 [warning] [Git][getBranch] No such branch: main
2026-04-17 16:05:48.544 [info] > git for-each-ref --sort -committerdate --format %(refname)%00%(objectname)%00%(*objectname) [0ms]
2026-04-17 16:05:48.553 [info] > git status -z -uall [13ms]
2026-04-17 16:05:53.589 [info] [Git][getRemotes] No remotes found in the git config file
2026-04-17 16:05:53.589 [info] > git config --get commit.template [8ms]
2026-04-17 16:05:53.589 [info] > git for-each-ref --format=%(refname)%00%(upstream:short)%00%(objectname)%00%(upstream:track)%00%(upstream:remotename)%00%(upstream:remoteref) refs/heads/main refs/remotes/main [1ms]
2026-04-17 16:05:53.589 [warning] [Git][getBranch] No such branch: main
2026-04-17 16:05:53.600 [info] > git for-each-ref --sort -committerdate --format %(refname)%00%(objectname)%00%(*objectname) [2ms]
2026-04-17 16:05:53.610 [info] > git status -z -uall [17ms]
2026-04-17 16:05:58.649 [info] [Git][getRemotes] No remotes found in the git config file
2026-04-17 16:05:58.649 [info] > git config --get commit.template [5ms]
2026-04-17 16:05:58.649 [info] > git for-each-ref --format=%(refname)%00%(upstream:short)%00%(objectname)%00%(upstream:track)%00%(upstream:remotename)%00%(upstream:remoteref) refs/heads/main refs/remotes/main [1ms]
2026-04-17 16:05:58.649 [warning] [Git][getBranch] No such branch: main
2026-04-17 16:05:58.660 [info] > git for-each-ref --sort -committerdate --format %(refname)%00%(objectname)%00%(*objectname) [1ms]
2026-04-17 16:05:58.667 [info] > git status -z -uall [14ms]
2026-04-17 16:06:03.705 [info] [Git][getRemotes] No remotes found in the git config file
2026-04-17 16:06:03.706 [info] > git config --get commit.template [6ms]
2026-04-17 16:06:03.706 [info] > git for-each-ref --format=%(refname)%00%(upstream:short)%00%(objectname)%00%(upstream:track)%00%(upstream:remotename)%00%(upstream:remoteref) refs/heads/main refs/remotes/main [1ms]
2026-04-17 16:06:03.706 [warning] [Git][getBranch] No such branch: main
2026-04-17 16:06:03.716 [info] > git for-each-ref --sort -committerdate --format %(refname)%00%(objectname)%00%(*objectname) [1ms]
2026-04-17 16:06:03.725 [info] > git status -z -uall [15ms]
