2026-04-17 16:06:25.339 [info] Reading sessions from keychain...
2026-04-17 16:06:25.339 [info] Getting sessions for all scopes...
2026-04-17 16:06:25.339 [info] Got 0 sessions for ...
2026-04-17 16:06:25.339 [info] Getting sessions for all scopes...
2026-04-17 16:06:25.339 [info] Got 0 sessions for ...
2026-04-17 16:06:25.339 [info] Getting sessions for all scopes...
2026-04-17 16:06:25.339 [info] Got 0 sessions for ...
2026-04-17 16:06:25.339 [info] Getting sessions for all scopes...
2026-04-17 16:06:25.339 [info] Got 0 sessions for ...
2026-04-17 16:06:25.551 [info] Getting sessions for all scopes...
2026-04-17 16:06:25.551 [info] Got 0 sessions for ...
2026-04-17 16:06:46.342 [info] Logging in with 'any' account...
2026-04-17 16:06:46.342 [info] Logging in for the following scopes: read:user repo user:email workflow
2026-04-17 16:06:46.829 [info] Trying device code flow... (read:user repo user:email workflow)
2026-04-17 16:08:46.575 [info] Getting user info...
2026-04-17 16:08:46.958 [info] Got account info!
2026-04-17 16:08:46.958 [info] Storing 1 sessions...
2026-04-17 16:08:47.181 [info] Reading sessions from keychain...
2026-04-17 16:08:47.181 [info] Stored 1 sessions!
2026-04-17 16:08:47.182 [info] Login success!
2026-04-17 16:08:47.424 [info] Got stored sessions!
2026-04-17 16:08:47.424 [info] Got 1 verified sessions.
2026-04-17 16:08:48.697 [info] Getting sessions for all scopes...
2026-04-17 16:08:48.697 [info] Got 1 sessions for ...
2026-04-17 16:08:48.906 [info] Getting sessions for all scopes...
2026-04-17 16:08:48.906 [info] Got 1 sessions for ...
2026-04-17 16:09:03.350 [info] Getting sessions for all scopes...
2026-04-17 16:09:03.350 [info] Got 1 sessions for ...
2026-04-17 16:09:03.983 [info] Getting sessions for all scopes...
2026-04-17 16:09:03.983 [info] Got 1 sessions for ...
2026-04-17 16:09:04.772 [info] Getting sessions for all scopes...
2026-04-17 16:09:04.772 [info] Got 1 sessions for ...
2026-04-17 16:09:04.772 [info] Getting sessions for all scopes...
2026-04-17 16:09:04.772 [info] Got 1 sessions for ...
2026-04-17 16:09:05.797 [info] Getting sessions for all scopes...
2026-04-17 16:09:05.798 [info] Got 1 sessions for ...
2026-04-17 16:09:06.666 [info] Getting sessions for read:user,repo,user:email,workflow...
2026-04-17 16:09:06.667 [info] Got 1 sessions for read:user,repo,user:email,workflow...
2026-04-17 16:09:08.296 [info] Getting sessions for all scopes...
2026-04-17 16:09:08.296 [info] Got 1 sessions for ...
2026-04-17 16:09:08.296 [info] Getting sessions for all scopes...
2026-04-17 16:09:08.296 [info] Got 1 sessions for ...
2026-04-17 16:09:09.017 [info] Getting sessions for read:user,repo,user:email,workflow...
2026-04-17 16:09:09.017 [info] Got 1 sessions for read:user,repo,user:email,workflow...
2026-04-17 16:09:09.431 [info] Getting sessions for all scopes...
2026-04-17 16:09:09.431 [info] Got 1 sessions for ...
2026-04-17 16:09:10.344 [info] Getting sessions for all scopes...
2026-04-17 16:09:10.344 [info] Got 1 sessions for ...
2026-04-17 16:09:11.189 [info] Getting sessions for all scopes...
2026-04-17 16:09:11.189 [info] Got 1 sessions for ...
2026-04-17 16:09:11.207 [info] Getting sessions for all scopes...
2026-04-17 16:09:11.207 [info] Got 1 sessions for ...
2026-04-17 16:09:11.291 [info] Getting sessions for all scopes...
2026-04-17 16:09:11.291 [info] Got 1 sessions for ...
2026-04-17 16:09:11.517 [info] Getting sessions for read:user,repo,user:email,workflow...
2026-04-17 16:09:11.517 [info] Got 1 sessions for read:user,repo,user:email,workflow...
2026-04-17 16:09:12.588 [info] Getting sessions for all scopes...
2026-04-17 16:09:12.589 [info] Got 1 sessions for ...
2026-04-17 16:09:12.776 [info] Getting sessions for all scopes...
2026-04-17 16:09:12.777 [info] Got 1 sessions for ...
2026-04-17 16:09:13.466 [info] Getting sessions for read:user,repo,user:email,workflow...
2026-04-17 16:09:13.466 [info] Got 1 sessions for read:user,repo,user:email,workflow...
2026-04-17 16:09:14.146 [info] Getting sessions for all scopes...
2026-04-17 16:09:14.146 [info] Got 1 sessions for ...
2026-04-17 16:09:14.791 [info] Getting sessions for read:user,repo,user:email,workflow...
2026-04-17 16:09:14.791 [info] Got 1 sessions for read:user,repo,user:email,workflow...
2026-04-17 16:09:18.261 [info] Getting sessions for all scopes...
2026-04-17 16:09:18.261 [info] Got 1 sessions for ...
2026-04-17 16:09:19.151 [info] Getting sessions for read:user,repo,user:email,workflow...
2026-04-17 16:09:19.151 [info] Got 1 sessions for read:user,repo,user:email,workflow...
2026-04-17 16:09:31.138 [info] Getting sessions for all scopes...
2026-04-17 16:09:31.138 [info] Got 1 sessions for ...
2026-04-17 16:09:31.725 [info] Getting sessions for all scopes...
2026-04-17 16:09:31.725 [info] Got 1 sessions for ...
2026-04-17 16:10:29.996 [info] Getting sessions for all scopes...
2026-04-17 16:10:29.996 [info] Got 1 sessions for ...
2026-04-17 16:10:30.236 [info] Getting sessions for all scopes...
2026-04-17 16:10:30.236 [info] Got 1 sessions for ...
