2026-04-18 04:33:25.456 [info] [main] Log level: Info
2026-04-18 04:33:25.456 [info] [main] Validating found git in: "git"
2026-04-18 04:33:25.456 [info] [main] Using git "2.30.2" from "git"
2026-04-18 04:33:25.456 [info] [Model][doInitialScan] Initial repository scan started
2026-04-18 04:33:25.456 [info] > git rev-parse --show-toplevel [20ms]
2026-04-18 04:33:25.456 [info] > git rev-parse --git-dir --git-common-dir --show-superproject-working-tree [20ms]
2026-04-18 04:33:25.597 [info] [Model][openRepository] Opened repository (path): /home/user
2026-04-18 04:33:25.597 [info] [Model][openRepository] Opened repository (real path): /home/user
2026-04-18 04:33:25.597 [info] [Model][openRepository] Opened repository (kind): repository
2026-04-18 04:33:25.628 [info] > git rev-parse --show-toplevel [5ms]
2026-04-18 04:33:25.629 [info] > git config --get commit.template [15ms]
2026-04-18 04:33:25.653 [info] > git rev-parse --show-toplevel [9ms]
2026-04-18 04:33:25.662 [info] > git for-each-ref --format=%(refname)%00%(upstream:short)%00%(objectname)%00%(upstream:track)%00%(upstream:remotename)%00%(upstream:remoteref) refs/heads/main refs/remotes/main [10ms]
2026-04-18 04:33:25.663 [info] > git rev-parse --show-toplevel [2ms]
2026-04-18 04:33:25.686 [info] > git rev-parse --show-toplevel [16ms]
2026-04-18 04:33:25.703 [info] > git rev-parse --show-toplevel [1ms]
2026-04-18 04:33:25.703 [info] > git for-each-ref --sort -committerdate --format %(refname)%00%(objectname)%00%(*objectname) [18ms]
2026-04-18 04:33:25.713 [info] > git rev-parse --show-toplevel [1ms]
2026-04-18 04:33:25.721 [info] > git rev-parse --show-toplevel [1ms]
2026-04-18 04:33:25.730 [info] > git rev-parse --show-toplevel [1ms]
2026-04-18 04:33:25.738 [info] > git status -z -uall [60ms]
2026-04-18 04:33:25.760 [info] > git rev-parse --show-toplevel [23ms]
2026-04-18 04:33:25.761 [info] [Model][doInitialScan] Initial repository scan completed - repositories (1), closed repositories (0), parent repositories (0), unsafe repositories (0)
2026-04-18 04:33:25.783 [info] > git for-each-ref --format=%(refname)%00%(upstream:short)%00%(objectname)%00%(upstream:track)%00%(upstream:remotename)%00%(upstream:remoteref) refs/heads/main refs/remotes/main [25ms]
2026-04-18 04:33:25.792 [info] > git config --get commit.template [13ms]
2026-04-18 04:33:25.793 [info] > git config --get --local branch.main.vscode-merge-base [2ms]
2026-04-18 04:33:25.793 [warning] [Git][config] git config failed: Failed to execute git
2026-04-18 04:33:25.811 [info] > git reflog main --grep-reflog=branch: Created from *. [10ms]
2026-04-18 04:33:25.821 [info] > git for-each-ref --format=%(refname)%00%(upstream:short)%00%(objectname)%00%(upstream:track)%00%(upstream:remotename)%00%(upstream:remoteref) refs/heads/main refs/remotes/main [12ms]
2026-04-18 04:33:25.950 [info] > git symbolic-ref --short refs/remotes/origin/HEAD [129ms]
2026-04-18 04:33:25.950 [info] fatal: ref refs/remotes/origin/HEAD is not a symbolic ref
2026-04-18 04:33:25.950 [warning] [Repository][getDefaultBranch] Failed to get default branch details: Failed to execute git.
2026-04-18 04:33:25.980 [info] > git merge-base refs/heads/main refs/remotes/origin/main [21ms]
2026-04-18 04:33:26.016 [info] > git diff --raw --numstat --diff-filter=ADMR -z --find-renames=50% edaa2b242f827807446185d4b28d161f553eb3b3...refs/remotes/origin/main -- [25ms]
2026-04-18 04:33:26.043 [info] > git for-each-ref --sort -committerdate --format %(refname)%00%(objectname)%00%(*objectname) [6ms]
2026-04-18 04:33:26.100 [info] > git status -z -uall [75ms]
2026-04-18 04:33:26.522 [info] > git check-ignore -v -z --stdin [7ms]
2026-04-18 04:33:26.578 [info] > git check-ignore -v -z --stdin [10ms]
2026-04-18 04:33:26.820 [info] > git show --textconv :.vscode/launch.json [13ms]
2026-04-18 04:33:26.822 [info] > git ls-files --stage -- .vscode/launch.json [3ms]
2026-04-18 04:33:26.835 [info] > git cat-file -s e69de29bb2d1d6434b8b29ae775ad8c2e48c5391 [1ms]
2026-04-18 04:33:27.318 [info] > git check-ignore -v -z --stdin [4ms]
2026-04-18 04:33:28.430 [info] > git check-ignore -v -z --stdin [3ms]
2026-04-18 04:33:28.732 [info] > git config --get commit.template [11ms]
2026-04-18 04:33:28.732 [info] > git for-each-ref --format=%(refname)%00%(upstream:short)%00%(objectname)%00%(upstream:track)%00%(upstream:remotename)%00%(upstream:remoteref) refs/heads/main refs/remotes/main [1ms]
2026-04-18 04:33:28.752 [info] > git show --textconv :.bash_logout [9ms]
2026-04-18 04:33:28.775 [info] > git ls-files --stage -- .bash_logout [24ms]
2026-04-18 04:33:28.784 [info] > git for-each-ref --sort -committerdate --format %(refname)%00%(objectname)%00%(*objectname) [9ms]
2026-04-18 04:33:28.814 [info] > git status -z -uall [52ms]
2026-04-18 04:33:28.818 [info] > git cat-file -s de4f5f75d7ccd3a5b62bd2ce683ed678a5cb72c2 [34ms]
2026-04-18 04:33:29.583 [info] > git check-ignore -v -z --stdin [3ms]
2026-04-18 04:33:32.583 [info] > git check-ignore -v -z --stdin [5ms]
2026-04-18 04:33:33.822 [info] > git check-ignore -v -z --stdin [5ms]
2026-04-18 04:33:34.549 [info] > git check-ignore -v -z --stdin [4ms]
2026-04-18 04:33:35.324 [info] > git check-ignore -v -z --stdin [4ms]
2026-04-18 04:33:35.886 [info] > git check-ignore -v -z --stdin [5ms]
2026-04-18 04:33:40.148 [info] > git check-ignore -v -z --stdin [5ms]
2026-04-18 04:33:41.064 [info] > git check-ignore -v -z --stdin [3ms]
2026-04-18 04:33:41.943 [info] > git check-ignore -v -z --stdin [4ms]
2026-04-18 04:33:42.534 [info] > git config --get commit.template [10ms]
2026-04-18 04:33:42.534 [info] > git for-each-ref --format=%(refname)%00%(upstream:short)%00%(objectname)%00%(upstream:track)%00%(upstream:remotename)%00%(upstream:remoteref) refs/heads/main refs/remotes/main [1ms]
2026-04-18 04:33:42.556 [info] > git for-each-ref --sort -committerdate --format %(refname)%00%(objectname)%00%(*objectname) [1ms]
2026-04-18 04:33:42.587 [info] > git status -z -uall [45ms]
2026-04-18 04:33:43.330 [info] > git check-ignore -v -z --stdin [3ms]
2026-04-18 04:33:45.677 [info] > git check-ignore -v -z --stdin [3ms]
2026-04-18 04:33:45.814 [info] > git check-ignore -v -z --stdin [4ms]
2026-04-18 04:33:46.181 [info] > git show --textconv :.local/share/code-server/extensions/ms-python.debugpy-2025.18.0-linux-x64/LICENSE.txt [11ms]
2026-04-18 04:33:46.183 [info] > git ls-files --stage -- .local/share/code-server/extensions/ms-python.debugpy-2025.18.0-linux-x64/LICENSE.txt [3ms]
2026-04-18 04:33:46.197 [info] > git cat-file -s 9e841e7a26e4eb057b24511e7b92d42b257a80e5 [2ms]
2026-04-18 04:33:47.150 [info] > git check-ignore -v -z --stdin [4ms]
2026-04-18 04:33:47.636 [info] > git config --get commit.template [29ms]
2026-04-18 04:33:47.637 [info] > git for-each-ref --format=%(refname)%00%(upstream:short)%00%(objectname)%00%(upstream:track)%00%(upstream:remotename)%00%(upstream:remoteref) refs/heads/main refs/remotes/main [4ms]
2026-04-18 04:33:47.670 [info] > git for-each-ref --sort -committerdate --format %(refname)%00%(objectname)%00%(*objectname) [2ms]
2026-04-18 04:33:47.705 [info] > git status -z -uall [54ms]
2026-04-18 04:33:48.584 [info] > git check-ignore -v -z --stdin [4ms]
2026-04-18 04:33:52.733 [info] > git config --get commit.template [12ms]
2026-04-18 04:33:52.734 [info] > git for-each-ref --format=%(refname)%00%(upstream:short)%00%(objectname)%00%(upstream:track)%00%(upstream:remotename)%00%(upstream:remoteref) refs/heads/main refs/remotes/main [2ms]
2026-04-18 04:33:52.757 [info] > git for-each-ref --sort -committerdate --format %(refname)%00%(objectname)%00%(*objectname) [1ms]
2026-04-18 04:33:52.799 [info] > git status -z -uall [56ms]
2026-04-18 04:33:53.549 [info] > git check-ignore -v -z --stdin [3ms]
2026-04-18 04:33:57.651 [info] > git check-ignore -v -z --stdin [4ms]
2026-04-18 04:33:57.824 [info] > git config --get commit.template [10ms]
2026-04-18 04:33:57.825 [info] > git for-each-ref --format=%(refname)%00%(upstream:short)%00%(objectname)%00%(upstream:track)%00%(upstream:remotename)%00%(upstream:remoteref) refs/heads/main refs/remotes/main [2ms]
2026-04-18 04:33:57.850 [info] > git for-each-ref --sort -committerdate --format %(refname)%00%(objectname)%00%(*objectname) [2ms]
2026-04-18 04:33:57.879 [info] > git status -z -uall [45ms]
2026-04-18 04:33:58.664 [info] > git check-ignore -v -z --stdin [3ms]
2026-04-18 04:34:02.911 [info] > git config --get commit.template [14ms]
2026-04-18 04:34:02.912 [info] > git for-each-ref --format=%(refname)%00%(upstream:short)%00%(objectname)%00%(upstream:track)%00%(upstream:remotename)%00%(upstream:remoteref) refs/heads/main refs/remotes/main [1ms]
2026-04-18 04:34:02.944 [info] > git for-each-ref --sort -committerdate --format %(refname)%00%(objectname)%00%(*objectname) [1ms]
2026-04-18 04:34:02.981 [info] > git status -z -uall [57ms]
2026-04-18 04:34:07.797 [info] > git check-ignore -v -z --stdin [15ms]
2026-04-18 04:34:08.010 [info] > git config --get commit.template [10ms]
2026-04-18 04:34:08.010 [info] > git for-each-ref --format=%(refname)%00%(upstream:short)%00%(objectname)%00%(upstream:track)%00%(upstream:remotename)%00%(upstream:remoteref) refs/heads/main refs/remotes/main [1ms]
2026-04-18 04:34:08.039 [info] > git for-each-ref --sort -committerdate --format %(refname)%00%(objectname)%00%(*objectname) [2ms]
2026-04-18 04:34:08.071 [info] > git status -z -uall [47ms]
2026-04-18 04:34:09.784 [info] > git check-ignore -v -z --stdin [3ms]
2026-04-18 04:34:10.070 [info] > git show --textconv :yt-dlp-gui/test_backend.py [9ms]
2026-04-18 04:34:10.073 [info] > git ls-files --stage -- yt-dlp-gui/test_backend.py [3ms]
2026-04-18 04:34:10.084 [info] > git cat-file -s 6a436969a72a7638cd10aa7d422617963db6af72 [2ms]
2026-04-18 04:34:13.101 [info] > git config --get commit.template [11ms]
2026-04-18 04:34:13.102 [info] > git for-each-ref --format=%(refname)%00%(upstream:short)%00%(objectname)%00%(upstream:track)%00%(upstream:remotename)%00%(upstream:remoteref) refs/heads/main refs/remotes/main [1ms]
2026-04-18 04:34:13.127 [info] > git for-each-ref --sort -committerdate --format %(refname)%00%(objectname)%00%(*objectname) [1ms]
2026-04-18 04:34:13.154 [info] > git status -z -uall [41ms]
2026-04-18 04:34:13.946 [info] > git check-ignore -v -z --stdin [3ms]
2026-04-18 04:34:18.187 [info] > git config --get commit.template [13ms]
2026-04-18 04:34:18.188 [info] > git for-each-ref --format=%(refname)%00%(upstream:short)%00%(objectname)%00%(upstream:track)%00%(upstream:remotename)%00%(upstream:remoteref) refs/heads/main refs/remotes/main [2ms]
2026-04-18 04:34:18.219 [info] > git for-each-ref --sort -committerdate --format %(refname)%00%(objectname)%00%(*objectname) [1ms]
2026-04-18 04:34:18.255 [info] > git status -z -uall [53ms]
2026-04-18 04:34:19.111 [info] > git check-ignore -v -z --stdin [4ms]
2026-04-18 04:34:23.272 [info] > git config --get commit.template [2ms]
2026-04-18 04:34:23.281 [info] > git for-each-ref --format=%(refname)%00%(upstream:short)%00%(objectname)%00%(upstream:track)%00%(upstream:remotename)%00%(upstream:remoteref) refs/heads/main refs/remotes/main [1ms]
2026-04-18 04:34:23.300 [info] > git for-each-ref --sort -committerdate --format %(refname)%00%(objectname)%00%(*objectname) [3ms]
2026-04-18 04:34:23.342 [info] > git status -z -uall [54ms]
2026-04-18 04:34:24.323 [info] > git check-ignore -v -z --stdin [3ms]
2026-04-18 04:34:28.368 [info] > git config --get commit.template [10ms]
2026-04-18 04:34:28.369 [info] > git for-each-ref --format=%(refname)%00%(upstream:short)%00%(objectname)%00%(upstream:track)%00%(upstream:remotename)%00%(upstream:remoteref) refs/heads/main refs/remotes/main [1ms]
2026-04-18 04:34:28.388 [info] > git for-each-ref --sort -committerdate --format %(refname)%00%(objectname)%00%(*objectname) [2ms]
2026-04-18 04:34:28.431 [info] > git status -z -uall [56ms]
2026-04-18 04:34:29.241 [info] > git check-ignore -v -z --stdin [3ms]
2026-04-18 04:34:33.455 [info] > git config --get commit.template [7ms]
2026-04-18 04:34:33.456 [info] > git for-each-ref --format=%(refname)%00%(upstream:short)%00%(objectname)%00%(upstream:track)%00%(upstream:remotename)%00%(upstream:remoteref) refs/heads/main refs/remotes/main [1ms]
2026-04-18 04:34:33.476 [info] > git for-each-ref --sort -committerdate --format %(refname)%00%(objectname)%00%(*objectname) [2ms]
2026-04-18 04:34:33.507 [info] > git status -z -uall [45ms]
2026-04-18 04:34:34.301 [info] > git check-ignore -v -z --stdin [4ms]
2026-04-18 04:34:38.531 [info] > git config --get commit.template [9ms]
2026-04-18 04:34:38.532 [info] > git for-each-ref --format=%(refname)%00%(upstream:short)%00%(objectname)%00%(upstream:track)%00%(upstream:remotename)%00%(upstream:remoteref) refs/heads/main refs/remotes/main [2ms]
2026-04-18 04:34:38.553 [info] > git for-each-ref --sort -committerdate --format %(refname)%00%(objectname)%00%(*objectname) [2ms]
2026-04-18 04:34:38.594 [info] > git status -z -uall [55ms]
2026-04-18 04:34:39.375 [info] > git check-ignore -v -z --stdin [1ms]
2026-04-18 04:34:43.616 [info] > git config --get commit.template [7ms]
2026-04-18 04:34:43.617 [info] > git for-each-ref --format=%(refname)%00%(upstream:short)%00%(objectname)%00%(upstream:track)%00%(upstream:remotename)%00%(upstream:remoteref) refs/heads/main refs/remotes/main [1ms]
2026-04-18 04:34:43.638 [info] > git for-each-ref --sort -committerdate --format %(refname)%00%(objectname)%00%(*objectname) [1ms]
2026-04-18 04:34:43.666 [info] > git status -z -uall [42ms]
2026-04-18 04:34:44.439 [info] > git check-ignore -v -z --stdin [3ms]
2026-04-18 04:34:48.690 [info] > git config --get commit.template [8ms]
2026-04-18 04:34:48.691 [info] > git for-each-ref --format=%(refname)%00%(upstream:short)%00%(objectname)%00%(upstream:track)%00%(upstream:remotename)%00%(upstream:remoteref) refs/heads/main refs/remotes/main [2ms]
2026-04-18 04:34:48.717 [info] > git for-each-ref --sort -committerdate --format %(refname)%00%(objectname)%00%(*objectname) [2ms]
2026-04-18 04:34:48.754 [info] > git status -z -uall [55ms]
2026-04-18 04:34:49.546 [info] > git check-ignore -v -z --stdin [3ms]
2026-04-18 04:34:53.776 [info] > git config --get commit.template [7ms]
2026-04-18 04:34:53.777 [info] > git for-each-ref --format=%(refname)%00%(upstream:short)%00%(objectname)%00%(upstream:track)%00%(upstream:remotename)%00%(upstream:remoteref) refs/heads/main refs/remotes/main [1ms]
2026-04-18 04:34:53.797 [info] > git for-each-ref --sort -committerdate --format %(refname)%00%(objectname)%00%(*objectname) [2ms]
2026-04-18 04:34:53.825 [info] > git status -z -uall [42ms]
2026-04-18 04:34:54.563 [info] > git check-ignore -v -z --stdin [3ms]
2026-04-18 04:34:56.563 [info] > git check-ignore -v -z --stdin [3ms]
2026-04-18 04:34:56.815 [info] > git show --textconv :yt-dlp-gui/README.md [10ms]
2026-04-18 04:34:56.817 [info] > git ls-files --stage -- yt-dlp-gui/README.md [3ms]
2026-04-18 04:34:56.826 [info] > git cat-file -s a189d8956c823af7315bd2cea538aae517a2dc9e [1ms]
2026-04-18 04:34:58.790 [info] > git check-ignore -v -z --stdin [3ms]
2026-04-18 04:34:58.854 [info] > git config --get commit.template [12ms]
2026-04-18 04:34:58.855 [info] > git for-each-ref --format=%(refname)%00%(upstream:short)%00%(objectname)%00%(upstream:track)%00%(upstream:remotename)%00%(upstream:remoteref) refs/heads/main refs/remotes/main [2ms]
2026-04-18 04:34:58.877 [info] > git for-each-ref --sort -committerdate --format %(refname)%00%(objectname)%00%(*objectname) [2ms]
2026-04-18 04:34:58.917 [info] > git status -z -uall [54ms]
2026-04-18 04:34:59.029 [info] > git show --textconv :yt-dlp-gui/.gitignore [15ms]
2026-04-18 04:34:59.029 [info] > git ls-files --stage -- yt-dlp-gui/.gitignore [7ms]
2026-04-18 04:34:59.041 [info] > git cat-file -s faa6f4a704d846ea69fd997ba3250ec399fe239c [2ms]
2026-04-18 04:34:59.701 [info] > git check-ignore -v -z --stdin [3ms]
2026-04-18 04:35:01.616 [info] > git check-ignore -v -z --stdin [3ms]
2026-04-18 04:35:01.890 [info] > git show --textconv :.local/share/code-server/extensions/.obsolete [9ms]
2026-04-18 04:35:01.893 [info] > git ls-files --stage -- .local/share/code-server/extensions/.obsolete [4ms]
2026-04-18 04:35:01.900 [info] > git cat-file -s 91562ffad2ec0112d8527bd342cb62540945cbac [1ms]
2026-04-18 04:35:04.595 [info] > git config --get commit.template [7ms]
2026-04-18 04:35:04.596 [info] > git for-each-ref --format=%(refname)%00%(upstream:short)%00%(objectname)%00%(upstream:track)%00%(upstream:remotename)%00%(upstream:remoteref) refs/heads/main refs/remotes/main [1ms]
2026-04-18 04:35:04.618 [info] > git for-each-ref --sort -committerdate --format %(refname)%00%(objectname)%00%(*objectname) [1ms]
2026-04-18 04:35:04.659 [info] > git status -z -uall [55ms]
2026-04-18 04:35:05.559 [info] > git check-ignore -v -z --stdin [4ms]
2026-04-18 04:35:54.025 [info] > git config --get commit.template [12ms]
2026-04-18 04:35:54.025 [info] > git for-each-ref --format=%(refname)%00%(upstream:short)%00%(objectname)%00%(upstream:track)%00%(upstream:remotename)%00%(upstream:remoteref) refs/heads/main refs/remotes/main [2ms]
2026-04-18 04:35:54.050 [info] > git for-each-ref --sort -committerdate --format %(refname)%00%(objectname)%00%(*objectname) [1ms]
2026-04-18 04:35:54.077 [info] > git status -z -uall [43ms]
2026-04-18 04:35:54.873 [info] > git check-ignore -v -z --stdin [3ms]
2026-04-18 04:35:56.338 [info] > git check-ignore -v -z --stdin [5ms]
2026-04-18 04:35:56.622 [info] > git show --textconv :.local/share/code-server/extensions/ms-python.debugpy-2025.18.0-linux-x64/packages.config [19ms]
2026-04-18 04:35:56.627 [info] > git ls-files --stage -- .local/share/code-server/extensions/ms-python.debugpy-2025.18.0-linux-x64/packages.config [5ms]
2026-04-18 04:35:56.640 [info] > git cat-file -s 6055d9856d93f8810232b473585cc7da1eb4aabb [1ms]
2026-04-18 04:35:59.106 [info] > git config --get commit.template [11ms]
2026-04-18 04:35:59.107 [info] > git for-each-ref --format=%(refname)%00%(upstream:short)%00%(objectname)%00%(upstream:track)%00%(upstream:remotename)%00%(upstream:remoteref) refs/heads/main refs/remotes/main [1ms]
2026-04-18 04:35:59.127 [info] > git for-each-ref --sort -committerdate --format %(refname)%00%(objectname)%00%(*objectname) [1ms]
2026-04-18 04:35:59.157 [info] > git status -z -uall [43ms]
2026-04-18 04:35:59.903 [info] > git check-ignore -v -z --stdin [2ms]
2026-04-18 04:36:04.181 [info] > git config --get commit.template [9ms]
2026-04-18 04:36:04.181 [info] > git for-each-ref --format=%(refname)%00%(upstream:short)%00%(objectname)%00%(upstream:track)%00%(upstream:remotename)%00%(upstream:remoteref) refs/heads/main refs/remotes/main [1ms]
2026-04-18 04:36:04.206 [info] > git for-each-ref --sort -committerdate --format %(refname)%00%(objectname)%00%(*objectname) [1ms]
2026-04-18 04:36:04.248 [info] > git status -z -uall [57ms]
2026-04-18 04:36:05.029 [info] > git check-ignore -v -z --stdin [3ms]
2026-04-18 04:36:09.275 [info] > git config --get commit.template [11ms]
2026-04-18 04:36:09.276 [info] > git for-each-ref --format=%(refname)%00%(upstream:short)%00%(objectname)%00%(upstream:track)%00%(upstream:remotename)%00%(upstream:remoteref) refs/heads/main refs/remotes/main [1ms]
2026-04-18 04:36:09.307 [info] > git for-each-ref --sort -committerdate --format %(refname)%00%(objectname)%00%(*objectname) [2ms]
2026-04-18 04:36:09.331 [info] > git status -z -uall [46ms]
2026-04-18 04:36:10.138 [info] > git check-ignore -v -z --stdin [2ms]
2026-04-18 04:36:11.244 [info] > git check-ignore -v -z --stdin [4ms]
2026-04-18 04:36:12.872 [info] > git check-ignore -v -z --stdin [3ms]
2026-04-18 04:36:13.152 [info] > git show --textconv :.local/share/code-server/extensions/.obsolete [9ms]
2026-04-18 04:36:13.155 [info] > git ls-files --stage -- .local/share/code-server/extensions/.obsolete [3ms]
2026-04-18 04:36:13.165 [info] > git cat-file -s 91562ffad2ec0112d8527bd342cb62540945cbac [2ms]
2026-04-18 04:36:14.575 [info] > git config --get commit.template [11ms]
2026-04-18 04:36:14.576 [info] > git for-each-ref --format=%(refname)%00%(upstream:short)%00%(objectname)%00%(upstream:track)%00%(upstream:remotename)%00%(upstream:remoteref) refs/heads/main refs/remotes/main [2ms]
2026-04-18 04:36:14.600 [info] > git for-each-ref --sort -committerdate --format %(refname)%00%(objectname)%00%(*objectname) [1ms]
2026-04-18 04:36:14.628 [info] > git status -z -uall [43ms]
2026-04-18 04:36:14.758 [info] > git check-ignore -v -z --stdin [5ms]
2026-04-18 04:36:15.035 [info] > git show --textconv :.local/share/code-server/extensions/extensions.json [9ms]
2026-04-18 04:36:15.037 [info] > git ls-files --stage -- .local/share/code-server/extensions/extensions.json [2ms]
2026-04-18 04:36:15.046 [info] > git cat-file -s 10d925043e908d954eba3fdb0635a44cb163ee44 [1ms]
2026-04-18 04:36:15.530 [info] > git check-ignore -v -z --stdin [3ms]
2026-04-18 04:36:18.102 [info] > git check-ignore -v -z --stdin [4ms]
2026-04-18 04:36:19.646 [info] > git config --get commit.template [6ms]
2026-04-18 04:36:19.647 [info] > git for-each-ref --format=%(refname)%00%(upstream:short)%00%(objectname)%00%(upstream:track)%00%(upstream:remotename)%00%(upstream:remoteref) refs/heads/main refs/remotes/main [1ms]
2026-04-18 04:36:19.667 [info] > git for-each-ref --sort -committerdate --format %(refname)%00%(objectname)%00%(*objectname) [1ms]
2026-04-18 04:36:19.696 [info] > git status -z -uall [43ms]
2026-04-18 04:36:20.725 [info] > git check-ignore -v -z --stdin [3ms]
2026-04-18 04:36:23.621 [info] > git check-ignore -v -z --stdin [4ms]
2026-04-18 04:36:24.722 [info] > git config --get commit.template [9ms]
2026-04-18 04:36:24.722 [info] > git for-each-ref --format=%(refname)%00%(upstream:short)%00%(objectname)%00%(upstream:track)%00%(upstream:remotename)%00%(upstream:remoteref) refs/heads/main refs/remotes/main [1ms]
2026-04-18 04:36:24.743 [info] > git for-each-ref --sort -committerdate --format %(refname)%00%(objectname)%00%(*objectname) [1ms]
2026-04-18 04:36:24.783 [info] > git status -z -uall [55ms]
2026-04-18 04:36:25.689 [info] > git check-ignore -v -z --stdin [3ms]
2026-04-18 04:36:27.192 [info] > git check-ignore -v -z --stdin [3ms]
2026-04-18 04:36:29.805 [info] > git config --get commit.template [10ms]
2026-04-18 04:36:29.807 [info] > git for-each-ref --format=%(refname)%00%(upstream:short)%00%(objectname)%00%(upstream:track)%00%(upstream:remotename)%00%(upstream:remoteref) refs/heads/main refs/remotes/main [2ms]
2026-04-18 04:36:29.830 [info] > git for-each-ref --sort -committerdate --format %(refname)%00%(objectname)%00%(*objectname) [1ms]
2026-04-18 04:36:29.860 [info] > git status -z -uall [40ms]
2026-04-18 04:36:34.891 [info] > git config --get commit.template [11ms]
2026-04-18 04:36:34.893 [info] > git for-each-ref --format=%(refname)%00%(upstream:short)%00%(objectname)%00%(upstream:track)%00%(upstream:remotename)%00%(upstream:remoteref) refs/heads/main refs/remotes/main [3ms]
2026-04-18 04:36:34.918 [info] > git for-each-ref --sort -committerdate --format %(refname)%00%(objectname)%00%(*objectname) [2ms]
2026-04-18 04:36:34.943 [info] > git status -z -uall [42ms]
2026-04-18 04:36:39.970 [info] > git config --get commit.template [10ms]
2026-04-18 04:36:39.971 [info] > git for-each-ref --format=%(refname)%00%(upstream:short)%00%(objectname)%00%(upstream:track)%00%(upstream:remotename)%00%(upstream:remoteref) refs/heads/main refs/remotes/main [1ms]
2026-04-18 04:36:39.994 [info] > git for-each-ref --sort -committerdate --format %(refname)%00%(objectname)%00%(*objectname) [2ms]
2026-04-18 04:36:40.027 [info] > git status -z -uall [47ms]
2026-04-18 04:36:58.585 [info] > git config --get commit.template [8ms]
2026-04-18 04:36:58.586 [info] > git for-each-ref --format=%(refname)%00%(upstream:short)%00%(objectname)%00%(upstream:track)%00%(upstream:remotename)%00%(upstream:remoteref) refs/heads/main refs/remotes/main [1ms]
2026-04-18 04:36:58.607 [info] > git for-each-ref --sort -committerdate --format %(refname)%00%(objectname)%00%(*objectname) [1ms]
2026-04-18 04:36:58.636 [info] > git status -z -uall [43ms]
2026-04-18 04:37:03.653 [info] > git config --get commit.template [2ms]
2026-04-18 04:37:03.661 [info] > git for-each-ref --format=%(refname)%00%(upstream:short)%00%(objectname)%00%(upstream:track)%00%(upstream:remotename)%00%(upstream:remoteref) refs/heads/main refs/remotes/main [1ms]
2026-04-18 04:37:03.688 [info] > git for-each-ref --sort -committerdate --format %(refname)%00%(objectname)%00%(*objectname) [2ms]
2026-04-18 04:37:03.715 [info] > git status -z -uall [43ms]
