2026-04-17 16:11:52.222 [info] Reading sessions from keychain...
2026-04-17 16:11:52.222 [info] Got stored sessions!
2026-04-17 16:11:52.222 [info] Got 1 verified sessions.
2026-04-17 16:11:52.222 [info] Getting sessions for all scopes...
2026-04-17 16:11:52.222 [info] Got 1 sessions for ...
2026-04-17 16:11:52.222 [info] Getting sessions for all scopes...
2026-04-17 16:11:52.222 [info] Got 1 sessions for ...
2026-04-17 16:11:52.222 [info] Getting sessions for all scopes...
2026-04-17 16:11:52.222 [info] Got 1 sessions for ...
2026-04-17 16:11:52.222 [info] Getting sessions for all scopes...
2026-04-17 16:11:52.222 [info] Got 1 sessions for ...
2026-04-17 16:11:53.278 [info] Getting sessions for all scopes...
2026-04-17 16:11:53.278 [info] Got 1 sessions for ...
2026-04-17 16:11:53.304 [info] Getting sessions for all scopes...
2026-04-17 16:11:53.304 [info] Got 1 sessions for ...
2026-04-17 16:11:53.304 [info] Getting sessions for all scopes...
2026-04-17 16:11:53.304 [info] Got 1 sessions for ...
2026-04-17 16:11:54.351 [info] Getting sessions for all scopes...
2026-04-17 16:11:54.351 [info] Got 1 sessions for ...
2026-04-17 16:11:55.730 [info] Getting sessions for read:user,repo,user:email,workflow...
2026-04-17 16:11:55.730 [info] Got 1 sessions for read:user,repo,user:email,workflow...
2026-04-17 16:11:57.572 [info] Getting sessions for all scopes...
2026-04-17 16:11:57.572 [info] Got 1 sessions for ...
2026-04-17 16:11:57.848 [info] Getting sessions for all scopes...
2026-04-17 16:11:57.848 [info] Got 1 sessions for ...
2026-04-17 16:11:58.341 [info] Getting sessions for read:user,repo,user:email,workflow...
2026-04-17 16:11:58.341 [info] Got 1 sessions for read:user,repo,user:email,workflow...
2026-04-17 16:11:59.719 [info] Getting sessions for all scopes...
2026-04-17 16:11:59.719 [info] Got 1 sessions for ...
2026-04-17 16:12:00.319 [info] Getting sessions for all scopes...
2026-04-17 16:12:00.319 [info] Got 1 sessions for ...
2026-04-17 16:12:00.321 [info] Getting sessions for all scopes...
2026-04-17 16:12:00.321 [info] Got 1 sessions for ...
2026-04-17 16:12:00.321 [info] Getting sessions for all scopes...
2026-04-17 16:12:00.321 [info] Got 1 sessions for ...
2026-04-17 16:12:00.385 [info] Getting sessions for all scopes...
2026-04-17 16:12:00.385 [info] Got 1 sessions for ...
2026-04-17 16:12:00.957 [info] Getting sessions for read:user,repo,user:email,workflow...
2026-04-17 16:12:00.957 [info] Got 1 sessions for read:user,repo,user:email,workflow...
2026-04-17 16:12:02.072 [info] Getting sessions for all scopes...
2026-04-17 16:12:02.072 [info] Got 1 sessions for ...
2026-04-17 16:12:02.211 [info] Getting sessions for all scopes...
2026-04-17 16:12:02.211 [info] Got 1 sessions for ...
2026-04-17 16:12:02.749 [info] Getting sessions for read:user,repo,user:email,workflow...
2026-04-17 16:12:02.749 [info] Got 1 sessions for read:user,repo,user:email,workflow...
2026-04-17 16:12:03.531 [info] Getting sessions for all scopes...
2026-04-17 16:12:03.531 [info] Got 1 sessions for ...
2026-04-17 16:12:04.236 [info] Getting sessions for read:user,repo,user:email,workflow...
2026-04-17 16:12:04.236 [info] Got 1 sessions for read:user,repo,user:email,workflow...
2026-04-17 16:12:07.186 [info] Getting sessions for all scopes...
2026-04-17 16:12:07.186 [info] Got 1 sessions for ...
2026-04-17 16:12:07.856 [info] Getting sessions for read:user,repo,user:email,workflow...
2026-04-17 16:12:07.856 [info] Got 1 sessions for read:user,repo,user:email,workflow...
2026-04-17 16:13:23.891 [info] Getting sessions for all scopes...
2026-04-17 16:13:23.891 [info] Got 1 sessions for ...
2026-04-17 16:13:24.111 [info] Getting sessions for all scopes...
2026-04-17 16:13:24.111 [info] Got 1 sessions for ...
2026-04-17 16:16:40.016 [info] Getting sessions for all scopes...
2026-04-17 16:16:40.016 [info] Got 1 sessions for ...
2026-04-17 16:16:40.706 [info] Getting sessions for read:user,repo,user:email,workflow...
2026-04-17 16:16:40.706 [info] Got 1 sessions for read:user,repo,user:email,workflow...
2026-04-17 16:16:42.261 [info] Getting sessions for all scopes...
2026-04-17 16:16:42.261 [info] Got 1 sessions for ...
2026-04-17 16:16:43.056 [info] Getting sessions for read:user,repo,user:email,workflow...
2026-04-17 16:16:43.056 [info] Got 1 sessions for read:user,repo,user:email,workflow...
2026-04-17 16:16:46.331 [info] Getting sessions for all scopes...
2026-04-17 16:16:46.331 [info] Got 1 sessions for ...
2026-04-17 16:16:47.066 [info] Getting sessions for read:user,repo,user:email,workflow...
2026-04-17 16:16:47.066 [info] Got 1 sessions for read:user,repo,user:email,workflow...
2026-04-17 16:16:48.711 [info] Getting sessions for all scopes...
2026-04-17 16:16:48.711 [info] Got 1 sessions for ...
2026-04-17 16:16:49.426 [info] Getting sessions for read:user,repo,user:email,workflow...
2026-04-17 16:16:49.426 [info] Got 1 sessions for read:user,repo,user:email,workflow...
2026-04-17 16:16:52.371 [info] Getting sessions for all scopes...
2026-04-17 16:16:52.371 [info] Got 1 sessions for ...
2026-04-17 16:16:53.071 [info] Getting sessions for read:user,repo,user:email,workflow...
2026-04-17 16:16:53.071 [info] Got 1 sessions for read:user,repo,user:email,workflow...
2026-04-17 16:16:54.061 [info] Getting sessions for all scopes...
2026-04-17 16:16:54.061 [info] Got 1 sessions for ...
2026-04-17 16:16:54.821 [info] Getting sessions for read:user,repo,user:email,workflow...
2026-04-17 16:16:54.821 [info] Got 1 sessions for read:user,repo,user:email,workflow...
2026-04-17 16:16:56.986 [info] Getting sessions for all scopes...
2026-04-17 16:16:56.986 [info] Got 1 sessions for ...
2026-04-17 16:16:57.819 [info] Getting sessions for read:user,repo,user:email,workflow...
2026-04-17 16:16:57.819 [info] Got 1 sessions for read:user,repo,user:email,workflow...
2026-04-17 16:16:59.836 [info] Getting sessions for all scopes...
2026-04-17 16:16:59.836 [info] Got 1 sessions for ...
2026-04-17 16:17:00.531 [info] Getting sessions for read:user,repo,user:email,workflow...
2026-04-17 16:17:00.531 [info] Got 1 sessions for read:user,repo,user:email,workflow...
2026-04-17 16:17:02.611 [info] Getting sessions for all scopes...
2026-04-17 16:17:02.611 [info] Got 1 sessions for ...
2026-04-17 16:17:03.348 [info] Getting sessions for read:user,repo,user:email,workflow...
2026-04-17 16:17:03.348 [info] Got 1 sessions for read:user,repo,user:email,workflow...
2026-04-17 16:17:05.421 [info] Getting sessions for all scopes...
2026-04-17 16:17:05.421 [info] Got 1 sessions for ...
2026-04-17 16:17:06.189 [info] Getting sessions for read:user,repo,user:email,workflow...
2026-04-17 16:17:06.189 [info] Got 1 sessions for read:user,repo,user:email,workflow...
2026-04-17 16:17:08.341 [info] Getting sessions for all scopes...
2026-04-17 16:17:08.341 [info] Got 1 sessions for ...
2026-04-17 16:17:09.181 [info] Getting sessions for read:user,repo,user:email,workflow...
2026-04-17 16:17:09.181 [info] Got 1 sessions for read:user,repo,user:email,workflow...
2026-04-17 16:17:11.221 [info] Getting sessions for all scopes...
2026-04-17 16:17:11.221 [info] Got 1 sessions for ...
2026-04-17 16:17:11.851 [info] Getting sessions for read:user,repo,user:email,workflow...
2026-04-17 16:17:11.851 [info] Got 1 sessions for read:user,repo,user:email,workflow...
2026-04-17 16:17:14.096 [info] Getting sessions for all scopes...
2026-04-17 16:17:14.096 [info] Got 1 sessions for ...
2026-04-17 16:17:15.056 [info] Getting sessions for read:user,repo,user:email,workflow...
2026-04-17 16:17:15.056 [info] Got 1 sessions for read:user,repo,user:email,workflow...
2026-04-17 16:17:17.186 [info] Getting sessions for all scopes...
2026-04-17 16:17:17.186 [info] Got 1 sessions for ...
2026-04-17 16:17:17.836 [info] Getting sessions for read:user,repo,user:email,workflow...
2026-04-17 16:17:17.836 [info] Got 1 sessions for read:user,repo,user:email,workflow...
2026-04-17 16:17:19.916 [info] Getting sessions for all scopes...
2026-04-17 16:17:19.917 [info] Got 1 sessions for ...
2026-04-17 16:17:21.139 [info] Getting sessions for read:user,repo,user:email,workflow...
2026-04-17 16:17:21.139 [info] Got 1 sessions for read:user,repo,user:email,workflow...
2026-04-17 16:17:23.301 [info] Getting sessions for all scopes...
2026-04-17 16:17:23.301 [info] Got 1 sessions for ...
2026-04-17 16:17:24.013 [info] Getting sessions for read:user,repo,user:email,workflow...
2026-04-17 16:17:24.013 [info] Got 1 sessions for read:user,repo,user:email,workflow...
2026-04-17 16:17:25.951 [info] Getting sessions for all scopes...
2026-04-17 16:17:25.951 [info] Got 1 sessions for ...
2026-04-17 16:17:26.676 [info] Getting sessions for read:user,repo,user:email,workflow...
2026-04-17 16:17:26.676 [info] Got 1 sessions for read:user,repo,user:email,workflow...
2026-04-17 16:17:27.716 [info] Getting sessions for all scopes...
2026-04-17 16:17:27.716 [info] Got 1 sessions for ...
2026-04-17 16:17:28.531 [info] Getting sessions for read:user,repo,user:email,workflow...
2026-04-17 16:17:28.531 [info] Got 1 sessions for read:user,repo,user:email,workflow...
2026-04-17 16:17:30.661 [info] Getting sessions for all scopes...
2026-04-17 16:17:30.661 [info] Got 1 sessions for ...
2026-04-17 16:17:31.456 [info] Getting sessions for read:user,repo,user:email,workflow...
2026-04-17 16:17:31.456 [info] Got 1 sessions for read:user,repo,user:email,workflow...
2026-04-17 16:17:33.636 [info] Getting sessions for all scopes...
2026-04-17 16:17:33.636 [info] Got 1 sessions for ...
2026-04-17 16:17:34.407 [info] Getting sessions for read:user,repo,user:email,workflow...
2026-04-17 16:17:34.407 [info] Got 1 sessions for read:user,repo,user:email,workflow...
2026-04-17 16:17:36.541 [info] Getting sessions for all scopes...
2026-04-17 16:17:36.542 [info] Got 1 sessions for ...
2026-04-17 16:17:37.416 [info] Getting sessions for read:user,repo,user:email,workflow...
2026-04-17 16:17:37.416 [info] Got 1 sessions for read:user,repo,user:email,workflow...
2026-04-17 16:17:39.581 [info] Getting sessions for all scopes...
2026-04-17 16:17:39.581 [info] Got 1 sessions for ...
2026-04-17 16:17:40.504 [info] Getting sessions for read:user,repo,user:email,workflow...
2026-04-17 16:17:40.504 [info] Got 1 sessions for read:user,repo,user:email,workflow...
2026-04-17 16:17:42.731 [info] Getting sessions for all scopes...
2026-04-17 16:17:42.731 [info] Got 1 sessions for ...
2026-04-17 16:17:43.496 [info] Getting sessions for read:user,repo,user:email,workflow...
2026-04-17 16:17:43.496 [info] Got 1 sessions for read:user,repo,user:email,workflow...
2026-04-17 16:17:45.535 [info] Getting sessions for all scopes...
2026-04-17 16:17:45.536 [info] Got 1 sessions for ...
2026-04-17 16:17:46.388 [info] Getting sessions for read:user,repo,user:email,workflow...
2026-04-17 16:17:46.388 [info] Got 1 sessions for read:user,repo,user:email,workflow...
2026-04-17 16:17:48.476 [info] Getting sessions for all scopes...
2026-04-17 16:17:48.476 [info] Got 1 sessions for ...
2026-04-17 16:17:50.091 [info] Getting sessions for read:user,repo,user:email,workflow...
2026-04-17 16:17:50.091 [info] Got 1 sessions for read:user,repo,user:email,workflow...
2026-04-17 16:17:52.111 [info] Getting sessions for all scopes...
2026-04-17 16:17:52.111 [info] Got 1 sessions for ...
2026-04-17 16:17:52.892 [info] Getting sessions for read:user,repo,user:email,workflow...
2026-04-17 16:17:52.892 [info] Got 1 sessions for read:user,repo,user:email,workflow...
2026-04-17 16:17:54.783 [info] Getting sessions for all scopes...
2026-04-17 16:17:54.783 [info] Got 1 sessions for ...
2026-04-17 16:17:55.338 [info] Getting sessions for all scopes...
2026-04-17 16:17:55.338 [info] Got 1 sessions for ...
2026-04-17 16:17:55.338 [info] Getting sessions for all scopes...
2026-04-17 16:17:55.338 [info] Got 1 sessions for ...
2026-04-17 16:17:56.151 [info] Getting sessions for read:user,repo,user:email,workflow...
2026-04-17 16:17:56.151 [info] Got 1 sessions for read:user,repo,user:email,workflow...
2026-04-17 16:17:58.151 [info] Getting sessions for all scopes...
2026-04-17 16:17:58.151 [info] Got 1 sessions for ...
2026-04-17 16:17:58.821 [info] Getting sessions for read:user,repo,user:email,workflow...
2026-04-17 16:17:58.821 [info] Got 1 sessions for read:user,repo,user:email,workflow...
2026-04-17 16:18:06.701 [info] Getting sessions for all scopes...
2026-04-17 16:18:06.701 [info] Got 1 sessions for ...
2026-04-17 16:18:07.371 [info] Getting sessions for read:user,repo,user:email,workflow...
2026-04-17 16:18:07.371 [info] Got 1 sessions for read:user,repo,user:email,workflow...
2026-04-17 16:18:09.586 [info] Getting sessions for all scopes...
2026-04-17 16:18:09.586 [info] Got 1 sessions for ...
2026-04-17 16:18:10.231 [info] Getting sessions for read:user,repo,user:email,workflow...
2026-04-17 16:18:10.231 [info] Got 1 sessions for read:user,repo,user:email,workflow...
2026-04-17 16:18:11.396 [info] Getting sessions for all scopes...
2026-04-17 16:18:11.396 [info] Got 1 sessions for ...
2026-04-17 16:18:12.171 [info] Getting sessions for read:user,repo,user:email,workflow...
2026-04-17 16:18:12.171 [info] Got 1 sessions for read:user,repo,user:email,workflow...
2026-04-17 16:18:14.351 [info] Getting sessions for all scopes...
2026-04-17 16:18:14.351 [info] Got 1 sessions for ...
2026-04-17 16:18:15.301 [info] Getting sessions for read:user,repo,user:email,workflow...
2026-04-17 16:18:15.301 [info] Got 1 sessions for read:user,repo,user:email,workflow...
2026-04-17 16:18:16.591 [info] Getting sessions for all scopes...
2026-04-17 16:18:16.591 [info] Got 1 sessions for ...
2026-04-17 16:18:17.256 [info] Getting sessions for read:user,repo,user:email,workflow...
2026-04-17 16:18:17.256 [info] Got 1 sessions for read:user,repo,user:email,workflow...
2026-04-17 16:20:06.436 [info] Getting sessions for all scopes...
2026-04-17 16:20:06.436 [info] Got 1 sessions for ...
2026-04-17 16:20:07.198 [info] Getting sessions for all scopes...
2026-04-17 16:20:07.198 [info] Got 1 sessions for ...
2026-04-17 16:23:38.186 [info] Getting sessions for all scopes...
2026-04-17 16:23:38.186 [info] Got 1 sessions for ...
2026-04-17 16:23:38.787 [info] Getting sessions for all scopes...
2026-04-17 16:23:38.787 [info] Got 1 sessions for ...
2026-04-17 16:27:29.531 [info] Getting sessions for all scopes...
2026-04-17 16:27:29.531 [info] Got 1 sessions for ...
2026-04-17 16:27:30.123 [info] Getting sessions for all scopes...
2026-04-17 16:27:30.123 [info] Got 1 sessions for ...
2026-04-17 16:29:01.910 [info] Getting sessions for all scopes...
2026-04-17 16:29:01.910 [info] Got 1 sessions for ...
2026-04-17 16:29:02.696 [info] Getting sessions for all scopes...
2026-04-17 16:29:02.696 [info] Got 1 sessions for ...
2026-04-17 16:32:04.111 [info] Getting sessions for all scopes...
2026-04-17 16:32:04.111 [info] Got 1 sessions for ...
2026-04-17 16:32:04.833 [info] Getting sessions for all scopes...
2026-04-17 16:32:04.833 [info] Got 1 sessions for ...
2026-04-17 16:32:19.993 [info] Getting sessions for all scopes...
2026-04-17 16:32:19.993 [info] Got 1 sessions for ...
2026-04-17 16:32:20.671 [info] Getting sessions for all scopes...
2026-04-17 16:32:20.671 [info] Got 1 sessions for ...
2026-04-17 16:34:37.051 [info] Getting sessions for all scopes...
2026-04-17 16:34:37.051 [info] Got 1 sessions for ...
2026-04-17 16:34:37.587 [info] Getting sessions for all scopes...
2026-04-17 16:34:37.587 [info] Got 1 sessions for ...
2026-04-17 16:34:49.936 [info] Getting sessions for all scopes...
2026-04-17 16:34:49.936 [info] Got 1 sessions for ...
2026-04-17 16:34:50.483 [info] Getting sessions for all scopes...
2026-04-17 16:34:50.483 [info] Got 1 sessions for ...
2026-04-17 16:34:52.798 [info] Getting sessions for all scopes...
2026-04-17 16:34:52.798 [info] Got 1 sessions for ...
2026-04-17 16:34:53.506 [info] Getting sessions for read:user,repo,user:email,workflow...
2026-04-17 16:34:53.506 [info] Got 1 sessions for read:user,repo,user:email,workflow...
2026-04-17 16:34:55.025 [info] Getting sessions for all scopes...
2026-04-17 16:34:55.026 [info] Got 1 sessions for ...
2026-04-17 16:34:55.026 [info] Getting sessions for all scopes...
2026-04-17 16:34:55.026 [info] Got 1 sessions for ...
2026-04-17 16:34:56.461 [info] Getting sessions for read:user,repo,user:email,workflow...
2026-04-17 16:34:56.461 [info] Got 1 sessions for read:user,repo,user:email,workflow...
2026-04-17 16:34:57.191 [info] Getting sessions for all scopes...
2026-04-17 16:34:57.191 [info] Got 1 sessions for ...
2026-04-17 16:34:57.857 [info] Getting sessions for read:user,repo,user:email,workflow...
2026-04-17 16:34:57.857 [info] Got 1 sessions for read:user,repo,user:email,workflow...
2026-04-17 16:36:42.955 [info] Getting sessions for all scopes...
2026-04-17 16:36:42.955 [info] Got 1 sessions for ...
2026-04-17 16:36:43.679 [info] Getting sessions for all scopes...
2026-04-17 16:36:43.679 [info] Got 1 sessions for ...
2026-04-17 16:38:09.031 [info] Getting sessions for all scopes...
2026-04-17 16:38:09.031 [info] Got 1 sessions for ...
2026-04-17 16:38:09.671 [info] Getting sessions for all scopes...
2026-04-17 16:38:09.671 [info] Got 1 sessions for ...
2026-04-17 16:41:49.387 [info] Getting sessions for all scopes...
2026-04-17 16:41:49.387 [info] Got 1 sessions for ...
2026-04-17 16:41:50.097 [info] Getting sessions for all scopes...
2026-04-17 16:41:50.097 [info] Got 1 sessions for ...
2026-04-17 16:42:01.317 [info] Getting sessions for all scopes...
2026-04-17 16:42:01.317 [info] Got 1 sessions for ...
2026-04-17 16:42:02.210 [info] Getting sessions for all scopes...
2026-04-17 16:42:02.210 [info] Got 1 sessions for ...
2026-04-17 16:43:37.876 [info] Getting sessions for all scopes...
2026-04-17 16:43:37.876 [info] Got 1 sessions for ...
2026-04-17 16:43:38.519 [info] Getting sessions for all scopes...
2026-04-17 16:43:38.519 [info] Got 1 sessions for ...
2026-04-17 16:44:11.857 [info] Getting sessions for all scopes...
2026-04-17 16:44:11.857 [info] Got 1 sessions for ...
2026-04-17 16:44:12.474 [info] Getting sessions for all scopes...
2026-04-17 16:44:12.474 [info] Got 1 sessions for ...
2026-04-17 16:46:06.405 [info] Getting sessions for all scopes...
2026-04-17 16:46:06.406 [info] Got 1 sessions for ...
2026-04-17 16:46:07.215 [info] Getting sessions for read:user,repo,user:email,workflow...
2026-04-17 16:46:07.215 [info] Got 1 sessions for read:user,repo,user:email,workflow...
2026-04-17 16:46:08.238 [info] Getting sessions for all scopes...
2026-04-17 16:46:08.238 [info] Got 1 sessions for ...
2026-04-17 16:46:08.893 [info] Getting sessions for read:user,repo,user:email,workflow...
2026-04-17 16:46:08.893 [info] Got 1 sessions for read:user,repo,user:email,workflow...
2026-04-17 16:46:12.908 [info] Getting sessions for all scopes...
2026-04-17 16:46:12.908 [info] Got 1 sessions for ...
2026-04-17 16:46:13.626 [info] Getting sessions for read:user,repo,user:email,workflow...
2026-04-17 16:46:13.626 [info] Got 1 sessions for read:user,repo,user:email,workflow...
2026-04-17 16:51:46.050 [info] Getting sessions for all scopes...
2026-04-17 16:51:46.051 [info] Got 1 sessions for ...
2026-04-17 16:51:47.182 [info] Getting sessions for all scopes...
2026-04-17 16:51:47.182 [info] Got 1 sessions for ...
2026-04-17 17:00:06.302 [info] Getting sessions for all scopes...
2026-04-17 17:00:06.302 [info] Got 1 sessions for ...
2026-04-17 17:00:07.448 [info] Getting sessions for all scopes...
2026-04-17 17:00:07.448 [info] Got 1 sessions for ...
2026-04-17 17:01:23.346 [info] Getting sessions for all scopes...
2026-04-17 17:01:23.346 [info] Got 1 sessions for ...
2026-04-17 17:01:24.573 [info] Getting sessions for all scopes...
2026-04-17 17:01:24.573 [info] Got 1 sessions for ...
2026-04-17 17:01:42.323 [info] Getting sessions for all scopes...
2026-04-17 17:01:42.323 [info] Got 1 sessions for ...
2026-04-17 17:01:42.956 [info] Getting sessions for read:user,repo,user:email,workflow...
2026-04-17 17:01:42.956 [info] Got 1 sessions for read:user,repo,user:email,workflow...
2026-04-17 17:01:45.475 [info] Getting sessions for all scopes...
2026-04-17 17:01:45.475 [info] Got 1 sessions for ...
2026-04-17 17:01:45.475 [info] Getting sessions for all scopes...
2026-04-17 17:01:45.475 [info] Got 1 sessions for ...
2026-04-17 17:01:46.225 [info] Getting sessions for read:user,repo,user:email,workflow...
2026-04-17 17:01:46.225 [info] Got 1 sessions for read:user,repo,user:email,workflow...
2026-04-17 17:01:46.897 [info] Getting sessions for all scopes...
2026-04-17 17:01:46.897 [info] Got 1 sessions for ...
2026-04-17 17:01:47.518 [info] Getting sessions for read:user,repo,user:email,workflow...
2026-04-17 17:01:47.518 [info] Got 1 sessions for read:user,repo,user:email,workflow...
2026-04-17 17:03:55.852 [info] Getting sessions for all scopes...
2026-04-17 17:03:55.852 [info] Got 1 sessions for ...
2026-04-17 17:03:57.114 [info] Getting sessions for all scopes...
2026-04-17 17:03:57.114 [info] Got 1 sessions for ...
2026-04-17 17:05:43.674 [info] Getting sessions for all scopes...
2026-04-17 17:05:43.674 [info] Got 1 sessions for ...
2026-04-17 17:05:45.100 [info] Getting sessions for all scopes...
2026-04-17 17:05:45.100 [info] Got 1 sessions for ...
2026-04-17 17:06:25.127 [info] Getting sessions for all scopes...
2026-04-17 17:06:25.127 [info] Got 1 sessions for ...
2026-04-17 17:06:26.409 [info] Getting sessions for all scopes...
2026-04-17 17:06:26.409 [info] Got 1 sessions for ...
2026-04-17 17:06:52.829 [info] Getting sessions for all scopes...
2026-04-17 17:06:52.829 [info] Got 1 sessions for ...
2026-04-17 17:06:53.527 [info] Getting sessions for read:user,repo,user:email,workflow...
2026-04-17 17:06:53.527 [info] Got 1 sessions for read:user,repo,user:email,workflow...
2026-04-17 17:06:54.594 [info] Getting sessions for all scopes...
2026-04-17 17:06:54.594 [info] Got 1 sessions for ...
2026-04-17 17:06:55.266 [info] Getting sessions for read:user,repo,user:email,workflow...
2026-04-17 17:06:55.266 [info] Got 1 sessions for read:user,repo,user:email,workflow...
2026-04-17 17:07:01.103 [info] Getting sessions for all scopes...
2026-04-17 17:07:01.103 [info] Got 1 sessions for ...
2026-04-17 17:07:03.126 [info] Getting sessions for read:user,repo,user:email,workflow...
2026-04-17 17:07:03.126 [info] Got 1 sessions for read:user,repo,user:email,workflow...
2026-04-17 17:13:55.862 [info] Getting sessions for read:user,repo,user:email,workflow...
2026-04-17 17:13:55.862 [info] Got 1 sessions for read:user,repo,user:email,workflow...
2026-04-17 17:13:58.985 [info] Getting sessions for all scopes...
2026-04-17 17:13:58.985 [info] Got 1 sessions for ...
2026-04-17 17:14:02.108 [info] Getting sessions for all scopes...
2026-04-17 17:14:02.108 [info] Got 1 sessions for ...
2026-04-17 17:14:02.308 [info] Getting sessions for all scopes...
2026-04-17 17:14:02.308 [info] Got 1 sessions for ...
2026-04-17 17:14:02.546 [info] Getting sessions for all scopes...
2026-04-17 17:14:02.547 [info] Got 1 sessions for ...
2026-04-17 17:14:02.547 [info] Getting sessions for all scopes...
2026-04-17 17:14:02.547 [info] Got 1 sessions for ...
2026-04-17 17:14:04.365 [info] Getting sessions for read:user,repo,user:email,workflow...
2026-04-17 17:14:04.365 [info] Got 1 sessions for read:user,repo,user:email,workflow...
2026-04-17 17:16:37.478 [info] Getting sessions for all scopes...
2026-04-17 17:16:37.479 [info] Got 1 sessions for ...
2026-04-17 17:16:37.726 [info] Getting sessions for all scopes...
2026-04-17 17:16:37.726 [info] Got 1 sessions for ...
2026-04-17 17:16:38.349 [info] Getting sessions for all scopes...
2026-04-17 17:16:38.349 [info] Got 1 sessions for ...
2026-04-17 17:16:38.996 [info] Getting sessions for read:user,repo,user:email,workflow...
2026-04-17 17:16:38.996 [info] Got 1 sessions for read:user,repo,user:email,workflow...
2026-04-17 17:17:18.855 [info] Getting sessions for all scopes...
2026-04-17 17:17:18.856 [info] Got 1 sessions for ...
2026-04-17 17:17:19.485 [info] Getting sessions for read:user,repo,user:email,workflow...
2026-04-17 17:17:19.485 [info] Got 1 sessions for read:user,repo,user:email,workflow...
2026-04-17 17:17:22.097 [info] Getting sessions for all scopes...
2026-04-17 17:17:22.098 [info] Got 1 sessions for ...
2026-04-17 17:17:23.809 [info] Getting sessions for read:user,repo,user:email,workflow...
2026-04-17 17:17:23.809 [info] Got 1 sessions for read:user,repo,user:email,workflow...
2026-04-17 17:17:25.208 [info] Getting sessions for all scopes...
2026-04-17 17:17:25.208 [info] Got 1 sessions for ...
2026-04-17 17:17:25.945 [info] Getting sessions for read:user,repo,user:email,workflow...
2026-04-17 17:17:25.945 [info] Got 1 sessions for read:user,repo,user:email,workflow...
2026-04-17 17:18:05.954 [info] Getting sessions for all scopes...
2026-04-17 17:18:05.954 [info] Got 1 sessions for ...
2026-04-17 17:18:07.060 [info] Getting sessions for all scopes...
2026-04-17 17:18:07.060 [info] Got 1 sessions for ...
2026-04-17 17:19:10.422 [info] Getting sessions for all scopes...
2026-04-17 17:19:10.422 [info] Got 1 sessions for ...
2026-04-17 17:19:11.625 [info] Getting sessions for all scopes...
2026-04-17 17:19:11.625 [info] Got 1 sessions for ...
2026-04-17 17:19:15.267 [info] Getting sessions for all scopes...
2026-04-17 17:19:15.267 [info] Got 1 sessions for ...
2026-04-17 17:19:15.484 [info] Getting sessions for all scopes...
2026-04-17 17:19:15.484 [info] Got 1 sessions for ...
2026-04-17 17:21:11.254 [info] Getting sessions for all scopes...
2026-04-17 17:21:11.254 [info] Got 1 sessions for ...
2026-04-17 17:21:12.383 [info] Getting sessions for all scopes...
2026-04-17 17:21:12.383 [info] Got 1 sessions for ...
2026-04-17 17:22:39.404 [info] Getting sessions for all scopes...
2026-04-17 17:22:39.404 [info] Got 1 sessions for ...
2026-04-17 17:22:40.950 [info] Getting sessions for all scopes...
2026-04-17 17:22:40.951 [info] Got 1 sessions for ...
2026-04-17 17:23:15.997 [info] Getting sessions for all scopes...
2026-04-17 17:23:15.997 [info] Got 1 sessions for ...
2026-04-17 17:23:17.224 [info] Getting sessions for all scopes...
2026-04-17 17:23:17.224 [info] Got 1 sessions for ...
2026-04-17 17:24:36.591 [info] Getting sessions for all scopes...
2026-04-17 17:24:36.591 [info] Got 1 sessions for ...
2026-04-17 17:24:37.757 [info] Getting sessions for all scopes...
2026-04-17 17:24:37.757 [info] Got 1 sessions for ...
2026-04-17 17:24:54.407 [info] Getting sessions for all scopes...
2026-04-17 17:24:54.408 [info] Got 1 sessions for ...
2026-04-17 17:24:55.941 [info] Getting sessions for all scopes...
2026-04-17 17:24:55.941 [info] Got 1 sessions for ...
2026-04-17 17:25:09.648 [info] Getting sessions for all scopes...
2026-04-17 17:25:09.648 [info] Got 1 sessions for ...
2026-04-17 17:25:11.032 [info] Getting sessions for all scopes...
2026-04-17 17:25:11.032 [info] Got 1 sessions for ...
2026-04-17 17:25:30.682 [info] Getting sessions for all scopes...
2026-04-17 17:25:30.682 [info] Got 1 sessions for ...
2026-04-17 17:25:32.159 [info] Getting sessions for all scopes...
2026-04-17 17:25:32.159 [info] Got 1 sessions for ...
2026-04-17 17:25:35.077 [info] Getting sessions for all scopes...
2026-04-17 17:25:35.077 [info] Got 1 sessions for ...
2026-04-17 17:25:35.318 [info] Getting sessions for all scopes...
2026-04-17 17:25:35.318 [info] Got 1 sessions for ...
2026-04-17 17:25:59.708 [info] Getting sessions for all scopes...
2026-04-17 17:25:59.708 [info] Got 1 sessions for ...
2026-04-17 17:26:01.066 [info] Getting sessions for all scopes...
2026-04-17 17:26:01.066 [info] Got 1 sessions for ...
2026-04-17 17:26:10.257 [info] Getting sessions for all scopes...
2026-04-17 17:26:10.258 [info] Got 1 sessions for ...
2026-04-17 17:26:11.626 [info] Getting sessions for all scopes...
2026-04-17 17:26:11.626 [info] Got 1 sessions for ...
2026-04-17 17:26:23.960 [info] Getting sessions for all scopes...
2026-04-17 17:26:23.960 [info] Got 1 sessions for ...
2026-04-17 17:26:25.254 [info] Getting sessions for all scopes...
2026-04-17 17:26:25.254 [info] Got 1 sessions for ...
2026-04-17 17:26:39.768 [info] Getting sessions for all scopes...
2026-04-17 17:26:39.768 [info] Got 1 sessions for ...
2026-04-17 17:26:41.115 [info] Getting sessions for all scopes...
2026-04-17 17:26:41.115 [info] Got 1 sessions for ...
2026-04-17 17:29:16.106 [info] Getting sessions for all scopes...
2026-04-17 17:29:16.106 [info] Got 1 sessions for ...
2026-04-17 17:29:16.836 [info] Getting sessions for all scopes...
2026-04-17 17:29:16.836 [info] Got 1 sessions for ...
2026-04-17 17:29:37.338 [info] Getting sessions for all scopes...
2026-04-17 17:29:37.338 [info] Got 1 sessions for ...
2026-04-17 17:29:38.706 [info] Getting sessions for all scopes...
2026-04-17 17:29:38.706 [info] Got 1 sessions for ...
2026-04-17 17:29:46.870 [info] Getting sessions for all scopes...
2026-04-17 17:29:46.870 [info] Got 1 sessions for ...
2026-04-17 17:29:48.111 [info] Getting sessions for all scopes...
2026-04-17 17:29:48.111 [info] Got 1 sessions for ...
2026-04-17 17:30:09.620 [info] Getting sessions for all scopes...
2026-04-17 17:30:09.620 [info] Got 1 sessions for ...
2026-04-17 17:30:10.860 [info] Getting sessions for all scopes...
2026-04-17 17:30:10.860 [info] Got 1 sessions for ...
2026-04-17 17:30:40.429 [info] Getting sessions for all scopes...
2026-04-17 17:30:40.429 [info] Got 1 sessions for ...
2026-04-17 17:30:40.645 [info] Getting sessions for all scopes...
2026-04-17 17:30:40.646 [info] Got 1 sessions for ...
2026-04-17 17:30:57.662 [info] Getting sessions for all scopes...
2026-04-17 17:30:57.662 [info] Got 1 sessions for ...
2026-04-17 17:30:57.908 [info] Getting sessions for all scopes...
2026-04-17 17:30:57.908 [info] Got 1 sessions for ...
2026-04-17 17:31:46.028 [info] Getting sessions for all scopes...
2026-04-17 17:31:46.028 [info] Got 1 sessions for ...
2026-04-17 17:31:46.240 [info] Getting sessions for all scopes...
2026-04-17 17:31:46.240 [info] Got 1 sessions for ...
2026-04-17 17:31:57.427 [info] Getting sessions for all scopes...
2026-04-17 17:31:57.427 [info] Got 1 sessions for ...
2026-04-17 17:31:57.668 [info] Getting sessions for all scopes...
2026-04-17 17:31:57.668 [info] Got 1 sessions for ...
2026-04-17 17:32:00.986 [info] Getting sessions for read:user,repo,user:email,workflow...
2026-04-17 17:32:00.986 [info] Got 1 sessions for read:user,repo,user:email,workflow...
2026-04-17 17:32:25.115 [info] Getting sessions for all scopes...
2026-04-17 17:32:25.115 [info] Got 1 sessions for ...
2026-04-17 17:32:25.329 [info] Getting sessions for all scopes...
2026-04-17 17:32:25.329 [info] Got 1 sessions for ...
2026-04-17 17:33:16.685 [info] Getting sessions for all scopes...
2026-04-17 17:33:16.685 [info] Got 1 sessions for ...
2026-04-17 17:33:16.895 [info] Getting sessions for all scopes...
2026-04-17 17:33:16.895 [info] Got 1 sessions for ...
2026-04-17 17:34:14.155 [info] Getting sessions for all scopes...
2026-04-17 17:34:14.155 [info] Got 1 sessions for ...
2026-04-17 17:34:14.362 [info] Getting sessions for all scopes...
2026-04-17 17:34:14.362 [info] Got 1 sessions for ...
2026-04-17 17:34:25.115 [info] Getting sessions for read:user,repo,user:email,workflow...
2026-04-17 17:34:25.116 [info] Got 1 sessions for read:user,repo,user:email,workflow...
2026-04-17 17:34:50.377 [info] Getting sessions for all scopes...
2026-04-17 17:34:50.377 [info] Got 1 sessions for ...
2026-04-17 17:34:50.586 [info] Getting sessions for all scopes...
2026-04-17 17:34:50.586 [info] Got 1 sessions for ...
2026-04-17 17:35:51.605 [info] Getting sessions for all scopes...
2026-04-17 17:35:51.605 [info] Got 1 sessions for ...
2026-04-17 17:35:51.815 [info] Getting sessions for all scopes...
2026-04-17 17:35:51.815 [info] Got 1 sessions for ...
