2026-04-17 15:57:05.248 [warning] Shell integration cannot be enabled for executable "/bin/sh" and args undefined
2026-04-17 15:59:54.082 [warning] Shell integration cannot be enabled for executable "/bin/sh" and args undefined
2026-04-17 16:01:55.146 [warning] Shell integration cannot be enabled for executable "/bin/sh" and args undefined
2026-04-17 16:56:20.186 [warning] Shell integration cannot be enabled for executable "/bin/sh" and args undefined
2026-04-17 16:57:04.283 [warning] Shell integration cannot be enabled for executable "/bin/sh" and args undefined
2026-04-17 17:18:34.053 [warning] Shell integration cannot be enabled for executable "/bin/sh" and args undefined
2026-04-17 17:33:36.318 [warning] Shell integration cannot be enabled for executable "/bin/sh" and args undefined
2026-04-17 17:36:03.730 [warning] Shell integration cannot be enabled for executable "/bin/sh" and args undefined
2026-04-17 17:41:08.278 [warning] Shell integration cannot be enabled for executable "/bin/sh" and args undefined
2026-04-17 17:42:26.298 [warning] Shell integration cannot be enabled for executable "/bin/sh" and args undefined
2026-04-17 17:49:22.361 [warning] Shell integration cannot be enabled for executable "/bin/sh" and args undefined
2026-04-17 17:53:56.688 [warning] Shell integration cannot be enabled for executable "/bin/sh" and args undefined
2026-04-17 17:54:24.538 [warning] Shell integration cannot be enabled for executable "/bin/sh" and args undefined
2026-04-17 17:59:56.018 [warning] Shell integration cannot be enabled for executable "/bin/sh" and args undefined
2026-04-17 18:00:28.498 [warning] Shell integration cannot be enabled for executable "/bin/sh" and args undefined
2026-04-17 18:00:44.508 [warning] Shell integration cannot be enabled for executable "/bin/sh" and args undefined
2026-04-18 04:33:19.147 [info] Expanding terminal instance, old id -3026f872-10 -> new id undefined
2026-04-18 04:33:19.150 [info] Expanding terminal instance, old id -3026f872-18 -> new id undefined
2026-04-18 04:33:19.150 [info] Expanding terminal instance, old id -3026f872-19 -> new id undefined
2026-04-18 04:33:23.150 [info] Expanding terminal instance, old id -3026f872-7 -> new id undefined
2026-04-18 04:33:28.643 [warning] Persistent process "10": Process had no disconnect runners but was an orphan
2026-04-18 04:33:28.644 [info] Persistent process reconnection "10"
2026-04-18 04:33:28.644 [warning] Persistent process "18": Process had no disconnect runners but was an orphan
2026-04-18 04:33:28.644 [info] Persistent process reconnection "18"
2026-04-18 04:33:28.721 [warning] Persistent process "19": Process had no disconnect runners but was an orphan
2026-04-18 04:33:28.721 [info] Persistent process reconnection "19"
2026-04-18 04:33:28.891 [info] Persistent process "10": Replaying 5674 chars and 1 size events
2026-04-18 04:33:28.893 [info] Persistent process "18": Replaying 637 chars and 1 size events
2026-04-18 04:33:28.936 [info] Persistent process "19": Replaying 657 chars and 1 size events
2026-04-18 04:48:47.941 [info] Expanding terminal instance, old id -3026f872-10 -> new id undefined
2026-04-18 04:48:47.941 [info] Expanding terminal instance, old id -3026f872-18 -> new id undefined
2026-04-18 04:48:47.942 [info] Expanding terminal instance, old id -3026f872-19 -> new id undefined
2026-04-18 04:48:53.407 [warning] Persistent process "10": Process had no disconnect runners but was an orphan
2026-04-18 04:48:53.407 [info] Persistent process reconnection "10"
2026-04-18 04:48:53.425 [warning] Persistent process "18": Process had no disconnect runners but was an orphan
2026-04-18 04:48:53.425 [info] Persistent process reconnection "18"
2026-04-18 04:48:53.425 [warning] Persistent process "19": Process had no disconnect runners but was an orphan
2026-04-18 04:48:53.425 [info] Persistent process reconnection "19"
2026-04-18 04:48:53.622 [info] Persistent process "10": Replaying 5674 chars and 1 size events
2026-04-18 04:48:53.639 [info] Persistent process "18": Replaying 644 chars and 1 size events
2026-04-18 04:48:53.640 [info] Persistent process "19": Replaying 663 chars and 1 size events
2026-04-18 05:15:40.043 [warning] Shell integration cannot be enabled for executable "/bin/sh" and args undefined
2026-04-18 05:17:40.907 [warning] Shell integration cannot be enabled for executable "/bin/sh" and args undefined
2026-04-18 05:17:40.911 [warning] Shell integration cannot be enabled for executable "/bin/sh" and args undefined
2026-04-18 05:29:15.974 [warning] Shell integration cannot be enabled for executable "/bin/sh" and args undefined
2026-04-18 05:29:37.668 [warning] Shell integration cannot be enabled for executable "/bin/sh" and args undefined
2026-04-18 05:45:15.156 [warning] Shell integration cannot be enabled for executable "/bin/sh" and args undefined
