2026-04-17 16:11:56.913 [info] [aebc6443-996d-45c2-90f0-388ff96faa56] Native Broker is not available in web UI
2026-04-17 16:11:57.597 [info] [getSessions] [all] starting
2026-04-17 16:11:57.597 [info] [getSessions] [all] returned 0 session(s)
2026-04-17 16:11:57.597 [info] [getSessions] [all] starting
2026-04-17 16:11:57.597 [info] [getSessions] [all] returned 0 session(s)
2026-04-17 16:11:57.597 [info] [getSessions] [all] starting
2026-04-17 16:11:57.597 [info] [getSessions] [all] returned 0 session(s)
2026-04-17 16:11:57.856 [info] [getSessions] [499b84ac-1321-427f-aa17-267ca6975798/.default offline_access] starting
2026-04-17 16:11:57.856 [info] [aebc6443-996d-45c2-90f0-388ff96faa56] Native Broker is not available in web UI
2026-04-17 16:11:58.345 [info] [getSessions] [499b84ac-1321-427f-aa17-267ca6975798/.default offline_access] returned 0 session(s)
2026-04-17 16:12:02.211 [info] [getSessions] [499b84ac-1321-427f-aa17-267ca6975798/.default offline_access] starting
2026-04-17 16:12:02.211 [info] [getSessions] [499b84ac-1321-427f-aa17-267ca6975798/.default offline_access] returned 0 session(s)
2026-04-17 16:34:55.025 [info] [getSessions] [499b84ac-1321-427f-aa17-267ca6975798/.default offline_access] starting
2026-04-17 16:34:55.026 [info] [getSessions] [499b84ac-1321-427f-aa17-267ca6975798/.default offline_access] returned 0 session(s)
2026-04-17 17:01:45.475 [info] [getSessions] [499b84ac-1321-427f-aa17-267ca6975798/.default offline_access] starting
2026-04-17 17:01:45.475 [info] [getSessions] [499b84ac-1321-427f-aa17-267ca6975798/.default offline_access] returned 0 session(s)
2026-04-17 17:14:02.546 [info] [getSessions] [499b84ac-1321-427f-aa17-267ca6975798/.default offline_access] starting
2026-04-17 17:14:02.547 [info] [getSessions] [499b84ac-1321-427f-aa17-267ca6975798/.default offline_access] returned 0 session(s)
2026-04-17 17:43:42.486 [info] [getSessions] [499b84ac-1321-427f-aa17-267ca6975798/.default offline_access] starting
2026-04-17 17:43:42.486 [info] [getSessions] [499b84ac-1321-427f-aa17-267ca6975798/.default offline_access] returned 0 session(s)
2026-04-17 18:09:10.946 [info] [getSessions] [499b84ac-1321-427f-aa17-267ca6975798/.default offline_access] starting
2026-04-17 18:09:10.947 [info] [getSessions] [499b84ac-1321-427f-aa17-267ca6975798/.default offline_access] returned 0 session(s)
