0 verbose cli /usr/bin/node /usr/bin/npm
1 info using npm@10.8.2
2 info using node@v20.20.2
3 silly config load:file:/usr/lib/node_modules/npm/npmrc
4 silly config load:file:/tmp/test_build/frontend/.npmrc
5 silly config load:file:/home/user/.npmrc
6 silly config load:file:/usr/etc/npmrc
7 verbose title npm install
8 verbose argv "install"
9 verbose logfile logs-max:10 dir:/home/user/.npm/_logs/2026-04-18T05_27_56_974Z-
10 verbose logfile /home/user/.npm/_logs/2026-04-18T05_27_56_974Z-debug-0.log
11 silly packumentCache heap:4345298944 maxSize:1086324736 maxEntrySize:543162368
12 silly logfile start cleaning logs, removing 1 files
13 silly logfile done cleaning log files
14 silly idealTree buildDeps
15 verbose shrinkwrap failed to load node_modules/.package-lock.json out of date, updated: node_modules
16 silly reify moves {}
17 silly audit bulk request {
17 silly audit   '@alloc/quick-lru': [ '5.2.0' ],
17 silly audit   '@babel/code-frame': [ '7.29.0' ],
17 silly audit   '@babel/compat-data': [ '7.29.0' ],
17 silly audit   '@babel/core': [ '7.29.0' ],
17 silly audit   semver: [ '6.3.1', '7.7.4' ],
17 silly audit   '@babel/generator': [ '7.29.1' ],
17 silly audit   '@babel/helper-compilation-targets': [ '7.28.6' ],
17 silly audit   '@babel/helper-globals': [ '7.28.0' ],
17 silly audit   '@babel/helper-module-imports': [ '7.28.6' ],
17 silly audit   '@babel/helper-module-transforms': [ '7.28.6' ],
17 silly audit   '@babel/helper-plugin-utils': [ '7.28.6' ],
17 silly audit   '@babel/helper-string-parser': [ '7.27.1' ],
17 silly audit   '@babel/helper-validator-identifier': [ '7.28.5' ],
17 silly audit   '@babel/helper-validator-option': [ '7.27.1' ],
17 silly audit   '@babel/helpers': [ '7.29.2' ],
17 silly audit   '@babel/parser': [ '7.29.2' ],
17 silly audit   '@babel/plugin-transform-react-jsx-self': [ '7.27.1' ],
17 silly audit   '@babel/plugin-transform-react-jsx-source': [ '7.27.1' ],
17 silly audit   '@babel/runtime': [ '7.29.2' ],
17 silly audit   '@babel/template': [ '7.28.6' ],
17 silly audit   '@babel/traverse': [ '7.29.0' ],
17 silly audit   '@babel/types': [ '7.29.0' ],
17 silly audit   '@esbuild/aix-ppc64': [ '0.21.5' ],
17 silly audit   '@esbuild/android-arm': [ '0.21.5' ],
17 silly audit   '@esbuild/android-arm64': [ '0.21.5' ],
17 silly audit   '@esbuild/android-x64': [ '0.21.5' ],
17 silly audit   '@esbuild/darwin-arm64': [ '0.21.5' ],
17 silly audit   '@esbuild/darwin-x64': [ '0.21.5' ],
17 silly audit   '@esbuild/freebsd-arm64': [ '0.21.5' ],
17 silly audit   '@esbuild/freebsd-x64': [ '0.21.5' ],
17 silly audit   '@esbuild/linux-arm': [ '0.21.5' ],
17 silly audit   '@esbuild/linux-arm64': [ '0.21.5' ],
17 silly audit   '@esbuild/linux-ia32': [ '0.21.5' ],
17 silly audit   '@esbuild/linux-loong64': [ '0.21.5' ],
17 silly audit   '@esbuild/linux-mips64el': [ '0.21.5' ],
17 silly audit   '@esbuild/linux-ppc64': [ '0.21.5' ],
17 silly audit   '@esbuild/linux-riscv64': [ '0.21.5' ],
17 silly audit   '@esbuild/linux-s390x': [ '0.21.5' ],
17 silly audit   '@esbuild/linux-x64': [ '0.21.5' ],
17 silly audit   '@esbuild/netbsd-x64': [ '0.21.5' ],
17 silly audit   '@esbuild/openbsd-x64': [ '0.21.5' ],
17 silly audit   '@esbuild/sunos-x64': [ '0.21.5' ],
17 silly audit   '@esbuild/win32-arm64': [ '0.21.5' ],
17 silly audit   '@esbuild/win32-ia32': [ '0.21.5' ],
17 silly audit   '@esbuild/win32-x64': [ '0.21.5' ],
17 silly audit   '@eslint-community/eslint-utils': [ '4.9.1' ],
17 silly audit   '@eslint-community/regexpp': [ '4.12.2' ],
17 silly audit   '@eslint/eslintrc': [ '2.1.4' ],
17 silly audit   'brace-expansion': [ '1.1.14', '2.1.0' ],
17 silly audit   minimatch: [ '3.1.5', '9.0.3' ],
17 silly audit   '@eslint/js': [ '8.57.1' ],
17 silly audit   '@humanwhocodes/config-array': [ '0.13.0' ],
17 silly audit   '@humanwhocodes/module-importer': [ '1.0.1' ],
17 silly audit   '@humanwhocodes/object-schema': [ '2.0.3' ],
17 silly audit   '@jridgewell/gen-mapping': [ '0.3.13' ],
17 silly audit   '@jridgewell/remapping': [ '2.3.5' ],
17 silly audit   '@jridgewell/resolve-uri': [ '3.1.2' ],
17 silly audit   '@jridgewell/sourcemap-codec': [ '1.5.5' ],
17 silly audit   '@jridgewell/trace-mapping': [ '0.3.31' ],
17 silly audit   '@nodelib/fs.scandir': [ '2.1.5' ],
17 silly audit   '@nodelib/fs.stat': [ '2.0.5' ],
17 silly audit   '@nodelib/fs.walk': [ '1.2.8' ],
17 silly audit   '@reduxjs/toolkit': [ '1.9.7' ],
17 silly audit   '@rolldown/pluginutils': [ '1.0.0-beta.27' ],
17 silly audit   '@rollup/rollup-android-arm-eabi': [ '4.60.1' ],
17 silly audit   '@rollup/rollup-android-arm64': [ '4.60.1' ],
17 silly audit   '@rollup/rollup-darwin-arm64': [ '4.60.1' ],
17 silly audit   '@rollup/rollup-darwin-x64': [ '4.60.1' ],
17 silly audit   '@rollup/rollup-freebsd-arm64': [ '4.60.1' ],
17 silly audit   '@rollup/rollup-freebsd-x64': [ '4.60.1' ],
17 silly audit   '@rollup/rollup-linux-arm-gnueabihf': [ '4.60.1' ],
17 silly audit   '@rollup/rollup-linux-arm-musleabihf': [ '4.60.1' ],
17 silly audit   '@rollup/rollup-linux-arm64-gnu': [ '4.60.1' ],
17 silly audit   '@rollup/rollup-linux-arm64-musl': [ '4.60.1' ],
17 silly audit   '@rollup/rollup-linux-loong64-gnu': [ '4.60.1' ],
17 silly audit   '@rollup/rollup-linux-loong64-musl': [ '4.60.1' ],
17 silly audit   '@rollup/rollup-linux-ppc64-gnu': [ '4.60.1' ],
17 silly audit   '@rollup/rollup-linux-ppc64-musl': [ '4.60.1' ],
17 silly audit   '@rollup/rollup-linux-riscv64-gnu': [ '4.60.1' ],
17 silly audit   '@rollup/rollup-linux-riscv64-musl': [ '4.60.1' ],
17 silly audit   '@rollup/rollup-linux-s390x-gnu': [ '4.60.1' ],
17 silly audit   '@rollup/rollup-linux-x64-gnu': [ '4.60.1' ],
17 silly audit   '@rollup/rollup-linux-x64-musl': [ '4.60.1' ],
17 silly audit   '@rollup/rollup-openbsd-x64': [ '4.60.1' ],
17 silly audit   '@rollup/rollup-openharmony-arm64': [ '4.60.1' ],
17 silly audit   '@rollup/rollup-win32-arm64-msvc': [ '4.60.1' ],
17 silly audit   '@rollup/rollup-win32-ia32-msvc': [ '4.60.1' ],
17 silly audit   '@rollup/rollup-win32-x64-gnu': [ '4.60.1' ],
17 silly audit   '@rollup/rollup-win32-x64-msvc': [ '4.60.1' ],
17 silly audit   '@types/babel__core': [ '7.20.5' ],
17 silly audit   '@types/babel__generator': [ '7.27.0' ],
17 silly audit   '@types/babel__template': [ '7.4.4' ],
17 silly audit   '@types/babel__traverse': [ '7.28.0' ],
17 silly audit   '@types/estree': [ '1.0.8' ],
17 silly audit   '@types/hoist-non-react-statics': [ '3.3.7' ],
17 silly audit   '@types/json-schema': [ '7.0.15' ],
17 silly audit   '@types/prop-types': [ '15.7.15' ],
17 silly audit   '@types/react': [ '18.3.28' ],
17 silly audit   '@types/react-dom': [ '18.3.7' ],
17 silly audit   '@types/semver': [ '7.7.1' ],
17 silly audit   '@types/use-sync-external-store': [ '0.0.3' ],
17 silly audit   '@typescript-eslint/eslint-plugin': [ '6.21.0' ],
17 silly audit   '@typescript-eslint/parser': [ '6.21.0' ],
17 silly audit   '@typescript-eslint/scope-manager': [ '6.21.0' ],
17 silly audit   '@typescript-eslint/type-utils': [ '6.21.0' ],
17 silly audit   '@typescript-eslint/types': [ '6.21.0' ],
17 silly audit   '@typescript-eslint/typescript-estree': [ '6.21.0' ],
17 silly audit   '@typescript-eslint/utils': [ '6.21.0' ],
17 silly audit   '@typescript-eslint/visitor-keys': [ '6.21.0' ],
17 silly audit   '@ungap/structured-clone': [ '1.3.0' ],
17 silly audit   '@vitejs/plugin-react': [ '4.7.0' ],
17 silly audit   acorn: [ '8.16.0' ],
17 silly audit   'acorn-jsx': [ '5.3.2' ],
17 silly audit   ajv: [ '6.14.0' ],
17 silly audit   'ansi-regex': [ '5.0.1' ],
17 silly audit   'ansi-styles': [ '4.3.0' ],
17 silly audit   'any-promise': [ '1.3.0' ],
17 silly audit   anymatch: [ '3.1.3' ],
17 silly audit   arg: [ '5.0.2' ],
17 silly audit   argparse: [ '2.0.1' ],
17 silly audit   'array-union': [ '2.1.0' ],
17 silly audit   asynckit: [ '0.4.0' ],
17 silly audit   autoprefixer: [ '10.5.0' ],
17 silly audit   axios: [ '1.15.0' ],
17 silly audit   'balanced-match': [ '1.0.2' ],
17 silly audit   'baseline-browser-mapping': [ '2.10.19' ],
17 silly audit   'binary-extensions': [ '2.3.0' ],
17 silly audit   braces: [ '3.0.3' ],
17 silly audit   browserslist: [ '4.28.2' ],
17 silly audit   'call-bind-apply-helpers': [ '1.0.2' ],
17 silly audit   callsites: [ '3.1.0' ],
17 silly audit   'camelcase-css': [ '2.0.1' ],
17 silly audit   'caniuse-lite': [ '1.0.30001788' ],
17 silly audit   chalk: [ '4.1.2' ],
17 silly audit   chokidar: [ '3.6.0' ],
17 silly audit   'glob-parent': [ '5.1.2', '6.0.2' ],
17 silly audit   'class-variance-authority': [ '0.7.1' ],
17 silly audit   clsx: [ '2.1.1' ],
17 silly audit   'color-convert': [ '2.0.1' ],
17 silly audit   'color-name': [ '1.1.4' ],
17 silly audit   'combined-stream': [ '1.0.8' ],
17 silly audit   commander: [ '4.1.1' ],
17 silly audit   'concat-map': [ '0.0.1' ],
17 silly audit   'convert-source-map': [ '2.0.0' ],
17 silly audit   'cross-spawn': [ '7.0.6' ],
17 silly audit   cssesc: [ '3.0.0' ],
17 silly audit   csstype: [ '3.2.3' ],
17 silly audit   'date-fns': [ '2.30.0' ],
17 silly audit   debug: [ '4.4.3' ],
17 silly audit   'deep-is': [ '0.1.4' ],
17 silly audit   'delayed-stream': [ '1.0.0' ],
17 silly audit   didyoumean: [ '1.2.2' ],
17 silly audit   'dir-glob': [ '3.0.1' ],
17 silly audit   dlv: [ '1.1.3' ],
17 silly audit   doctrine: [ '3.0.0' ],
17 silly audit   'dunder-proto': [ '1.0.1' ],
17 silly audit   'electron-to-chromium': [ '1.5.340' ],
17 silly audit   'es-define-property': [ '1.0.1' ],
17 silly audit   'es-errors': [ '1.3.0' ],
17 silly audit   'es-object-atoms': [ '1.1.1' ],
17 silly audit   'es-set-tostringtag': [ '2.1.0' ],
17 silly audit   esbuild: [ '0.21.5' ],
17 silly audit   escalade: [ '3.2.0' ],
17 silly audit   'escape-string-regexp': [ '4.0.0' ],
17 silly audit   eslint: [ '8.57.1' ],
17 silly audit   'eslint-plugin-react-hooks': [ '4.6.2' ],
17 silly audit   'eslint-plugin-react-refresh': [ '0.4.26' ],
17 silly audit   'eslint-scope': [ '7.2.2' ],
17 silly audit   'eslint-visitor-keys': [ '3.4.3' ],
17 silly audit   espree: [ '9.6.1' ],
17 silly audit   esquery: [ '1.7.0' ],
17 silly audit   esrecurse: [ '4.3.0' ],
17 silly audit   estraverse: [ '5.3.0' ],
17 silly audit   esutils: [ '2.0.3' ],
17 silly audit   'fast-deep-equal': [ '3.1.3' ],
17 silly audit   'fast-glob': [ '3.3.3' ],
17 silly audit   'fast-json-stable-stringify': [ '2.1.0' ],
17 silly audit   'fast-levenshtein': [ '2.0.6' ],
17 silly audit   fastq: [ '1.20.1' ],
17 silly audit   'file-entry-cache': [ '6.0.1' ],
17 silly audit   'fill-range': [ '7.1.1' ],
17 silly audit   'find-up': [ '5.0.0' ],
17 silly audit   'flat-cache': [ '3.2.0' ],
17 silly audit   flatted: [ '3.4.2' ],
17 silly audit   'follow-redirects': [ '1.16.0' ],
17 silly audit   'form-data': [ '4.0.5' ],
17 silly audit   'fraction.js': [ '5.3.4' ],
17 silly audit   'fs.realpath': [ '1.0.0' ],
17 silly audit   fsevents: [ '2.3.3' ],
17 silly audit   'function-bind': [ '1.1.2' ],
17 silly audit   gensync: [ '1.0.0-beta.2' ],
17 silly audit   'get-intrinsic': [ '1.3.0' ],
17 silly audit   'get-proto': [ '1.0.1' ],
17 silly audit   glob: [ '7.2.3' ],
17 silly audit   globals: [ '13.24.0' ],
17 silly audit   globby: [ '11.1.0' ],
17 silly audit   gopd: [ '1.2.0' ],
17 silly audit   graphemer: [ '1.4.0' ],
17 silly audit   'has-flag': [ '4.0.0' ],
17 silly audit   'has-symbols': [ '1.1.0' ],
17 silly audit   'has-tostringtag': [ '1.0.2' ],
17 silly audit   hasown: [ '2.0.2' ],
17 silly audit   'hoist-non-react-statics': [ '3.3.2' ],
17 silly audit   'react-is': [ '16.13.1', '18.3.1' ],
17 silly audit   ignore: [ '5.3.2' ],
17 silly audit   immer: [ '9.0.21' ],
17 silly audit   'import-fresh': [ '3.3.1' ],
17 silly audit   imurmurhash: [ '0.1.4' ],
17 silly audit   inflight: [ '1.0.6' ],
17 silly audit   inherits: [ '2.0.4' ],
17 silly audit   'is-binary-path': [ '2.1.0' ],
17 silly audit   'is-core-module': [ '2.16.1' ],
17 silly audit   'is-extglob': [ '2.1.1' ],
17 silly audit   'is-glob': [ '4.0.3' ],
17 silly audit   'is-number': [ '7.0.0' ],
17 silly audit   'is-path-inside': [ '3.0.3' ],
17 silly audit   isexe: [ '2.0.0' ],
17 silly audit   jiti: [ '1.21.7' ],
17 silly audit   'js-tokens': [ '4.0.0' ],
17 silly audit   'js-yaml': [ '4.1.1' ],
17 silly audit   jsesc: [ '3.1.0' ],
17 silly audit   'json-buffer': [ '3.0.1' ],
17 silly audit   'json-schema-traverse': [ '0.4.1' ],
17 silly audit   'json-stable-stringify-without-jsonify': [ '1.0.1' ],
17 silly audit   json5: [ '2.2.3' ],
17 silly audit   keyv: [ '4.5.4' ],
17 silly audit   levn: [ '0.4.1' ],
17 silly audit   lilconfig: [ '3.1.3' ],
17 silly audit   'lines-and-columns': [ '1.2.4' ],
17 silly audit   'locate-path': [ '6.0.0' ],
17 silly audit   'lodash.merge': [ '4.6.2' ],
17 silly audit   'loose-envify': [ '1.4.0' ],
17 silly audit   'lru-cache': [ '5.1.1' ],
17 silly audit   'lucide-react': [ '0.292.0' ],
17 silly audit   'math-intrinsics': [ '1.1.0' ],
17 silly audit   merge2: [ '1.4.1' ],
17 silly audit   micromatch: [ '4.0.8' ],
17 silly audit   'mime-db': [ '1.52.0' ],
17 silly audit   'mime-types': [ '2.1.35' ],
17 silly audit   ms: [ '2.1.3' ],
17 silly audit   mz: [ '2.7.0' ],
17 silly audit   nanoid: [ '3.3.11' ],
17 silly audit   'natural-compare': [ '1.4.0' ],
17 silly audit   'node-releases': [ '2.0.37' ],
17 silly audit   'normalize-path': [ '3.0.0' ],
17 silly audit   'object-assign': [ '4.1.1' ],
17 silly audit   'object-hash': [ '3.0.0' ],
17 silly audit   once: [ '1.4.0' ],
17 silly audit   optionator: [ '0.9.4' ],
17 silly audit   'p-limit': [ '3.1.0' ],
17 silly audit   'p-locate': [ '5.0.0' ],
17 silly audit   'parent-module': [ '1.0.1' ],
17 silly audit   'path-exists': [ '4.0.0' ],
17 silly audit   'path-is-absolute': [ '1.0.1' ],
17 silly audit   'path-key': [ '3.1.1' ],
17 silly audit   'path-parse': [ '1.0.7' ],
17 silly audit   'path-type': [ '4.0.0' ],
17 silly audit   picocolors: [ '1.1.1' ],
17 silly audit   picomatch: [ '2.3.2', '4.0.4' ],
17 silly audit   pify: [ '2.3.0' ],
17 silly audit   pirates: [ '4.0.7' ],
17 silly audit   postcss: [ '8.5.10' ],
17 silly audit   'postcss-import': [ '15.1.0' ],
17 silly audit   'postcss-js': [ '4.1.0' ],
17 silly audit   'postcss-load-config': [ '6.0.1' ],
17 silly audit   'postcss-nested': [ '6.2.0' ],
17 silly audit   'postcss-selector-parser': [ '6.1.2' ],
17 silly audit   'postcss-value-parser': [ '4.2.0' ],
17 silly audit   'prelude-ls': [ '1.2.1' ],
17 silly audit   'proxy-from-env': [ '2.1.0' ],
17 silly audit   punycode: [ '2.3.1' ],
17 silly audit   'queue-microtask': [ '1.2.3' ],
17 silly audit   react: [ '18.3.1' ],
17 silly audit   'react-dom': [ '18.3.1' ],
17 silly audit   'react-redux': [ '8.1.3' ],
17 silly audit   'react-refresh': [ '0.17.0' ],
17 silly audit   'read-cache': [ '1.0.0' ],
17 silly audit   readdirp: [ '3.6.0' ],
17 silly audit   redux: [ '4.2.1' ],
17 silly audit   'redux-thunk': [ '2.4.2' ],
17 silly audit   reselect: [ '4.1.8' ],
17 silly audit   resolve: [ '1.22.12' ],
17 silly audit   'resolve-from': [ '4.0.0' ],
17 silly audit   reusify: [ '1.1.0' ],
17 silly audit   rimraf: [ '3.0.2' ],
17 silly audit   rollup: [ '4.60.1' ],
17 silly audit   'run-parallel': [ '1.2.0' ],
17 silly audit   scheduler: [ '0.23.2' ],
17 silly audit   'shebang-command': [ '2.0.0' ],
17 silly audit   'shebang-regex': [ '3.0.0' ],
17 silly audit   slash: [ '3.0.0' ],
17 silly audit   'source-map-js': [ '1.2.1' ],
17 silly audit   'strip-ansi': [ '6.0.1' ],
17 silly audit   'strip-json-comments': [ '3.1.1' ],
17 silly audit   sucrase: [ '3.35.1' ],
17 silly audit   'supports-color': [ '7.2.0' ],
17 silly audit   'supports-preserve-symlinks-flag': [ '1.0.0' ],
17 silly audit   tailwindcss: [ '3.4.19' ],
17 silly audit   'text-table': [ '0.2.0' ],
17 silly audit   thenify: [ '3.3.1' ],
17 silly audit   'thenify-all': [ '1.6.0' ],
17 silly audit   tinyglobby: [ '0.2.16' ],
17 silly audit   fdir: [ '6.5.0' ],
17 silly audit   'to-regex-range': [ '5.0.1' ],
17 silly audit   'ts-api-utils': [ '1.4.3' ],
17 silly audit   'ts-interface-checker': [ '0.1.13' ],
17 silly audit   'type-check': [ '0.4.0' ],
17 silly audit   'type-fest': [ '0.20.2' ],
17 silly audit   typescript: [ '5.9.3' ],
17 silly audit   'update-browserslist-db': [ '1.2.3' ],
17 silly audit   'uri-js': [ '4.4.1' ],
17 silly audit   'use-sync-external-store': [ '1.6.0' ],
17 silly audit   'util-deprecate': [ '1.0.2' ],
17 silly audit   vite: [ '5.4.21' ],
17 silly audit   which: [ '2.0.2' ],
17 silly audit   'word-wrap': [ '1.2.5' ],
17 silly audit   wrappy: [ '1.0.2' ],
17 silly audit   yallist: [ '3.1.1' ],
17 silly audit   'yocto-queue': [ '0.1.0' ]
17 silly audit }
18 verbose reify failed optional dependency /tmp/test_build/frontend/node_modules/fsevents
19 silly reify mark deleted [ '/tmp/test_build/frontend/node_modules/fsevents' ]
20 verbose reify failed optional dependency /tmp/test_build/frontend/node_modules/@rollup/rollup-win32-x64-msvc
21 silly reify mark deleted [
21 silly reify   '/tmp/test_build/frontend/node_modules/@rollup/rollup-win32-x64-msvc'
21 silly reify ]
22 verbose reify failed optional dependency /tmp/test_build/frontend/node_modules/@rollup/rollup-win32-x64-gnu
23 silly reify mark deleted [
23 silly reify   '/tmp/test_build/frontend/node_modules/@rollup/rollup-win32-x64-gnu'
23 silly reify ]
24 verbose reify failed optional dependency /tmp/test_build/frontend/node_modules/@rollup/rollup-win32-ia32-msvc
25 silly reify mark deleted [
25 silly reify   '/tmp/test_build/frontend/node_modules/@rollup/rollup-win32-ia32-msvc'
25 silly reify ]
26 verbose reify failed optional dependency /tmp/test_build/frontend/node_modules/@rollup/rollup-win32-arm64-msvc
27 silly reify mark deleted [
27 silly reify   '/tmp/test_build/frontend/node_modules/@rollup/rollup-win32-arm64-msvc'
27 silly reify ]
28 verbose reify failed optional dependency /tmp/test_build/frontend/node_modules/@rollup/rollup-openharmony-arm64
29 silly reify mark deleted [
29 silly reify   '/tmp/test_build/frontend/node_modules/@rollup/rollup-openharmony-arm64'
29 silly reify ]
30 verbose reify failed optional dependency /tmp/test_build/frontend/node_modules/@rollup/rollup-openbsd-x64
31 silly reify mark deleted [ '/tmp/test_build/frontend/node_modules/@rollup/rollup-openbsd-x64' ]
32 verbose reify failed optional dependency /tmp/test_build/frontend/node_modules/@rollup/rollup-linux-s390x-gnu
33 silly reify mark deleted [
33 silly reify   '/tmp/test_build/frontend/node_modules/@rollup/rollup-linux-s390x-gnu'
33 silly reify ]
34 verbose reify failed optional dependency /tmp/test_build/frontend/node_modules/@rollup/rollup-linux-riscv64-musl
35 silly reify mark deleted [
35 silly reify   '/tmp/test_build/frontend/node_modules/@rollup/rollup-linux-riscv64-musl'
35 silly reify ]
36 verbose reify failed optional dependency /tmp/test_build/frontend/node_modules/@rollup/rollup-linux-riscv64-gnu
37 silly reify mark deleted [
37 silly reify   '/tmp/test_build/frontend/node_modules/@rollup/rollup-linux-riscv64-gnu'
37 silly reify ]
38 verbose reify failed optional dependency /tmp/test_build/frontend/node_modules/@rollup/rollup-linux-ppc64-musl
39 silly reify mark deleted [
39 silly reify   '/tmp/test_build/frontend/node_modules/@rollup/rollup-linux-ppc64-musl'
39 silly reify ]
40 verbose reify failed optional dependency /tmp/test_build/frontend/node_modules/@rollup/rollup-linux-ppc64-gnu
41 silly reify mark deleted [
41 silly reify   '/tmp/test_build/frontend/node_modules/@rollup/rollup-linux-ppc64-gnu'
41 silly reify ]
42 verbose reify failed optional dependency /tmp/test_build/frontend/node_modules/@rollup/rollup-linux-loong64-musl
43 silly reify mark deleted [
43 silly reify   '/tmp/test_build/frontend/node_modules/@rollup/rollup-linux-loong64-musl'
43 silly reify ]
44 verbose reify failed optional dependency /tmp/test_build/frontend/node_modules/@rollup/rollup-linux-loong64-gnu
45 silly reify mark deleted [
45 silly reify   '/tmp/test_build/frontend/node_modules/@rollup/rollup-linux-loong64-gnu'
45 silly reify ]
46 verbose reify failed optional dependency /tmp/test_build/frontend/node_modules/@rollup/rollup-linux-arm64-musl
47 silly reify mark deleted [
47 silly reify   '/tmp/test_build/frontend/node_modules/@rollup/rollup-linux-arm64-musl'
47 silly reify ]
48 verbose reify failed optional dependency /tmp/test_build/frontend/node_modules/@rollup/rollup-linux-arm64-gnu
49 silly reify mark deleted [
49 silly reify   '/tmp/test_build/frontend/node_modules/@rollup/rollup-linux-arm64-gnu'
49 silly reify ]
50 verbose reify failed optional dependency /tmp/test_build/frontend/node_modules/@rollup/rollup-linux-arm-musleabihf
51 silly reify mark deleted [
51 silly reify   '/tmp/test_build/frontend/node_modules/@rollup/rollup-linux-arm-musleabihf'
51 silly reify ]
52 verbose reify failed optional dependency /tmp/test_build/frontend/node_modules/@rollup/rollup-linux-arm-gnueabihf
53 silly reify mark deleted [
53 silly reify   '/tmp/test_build/frontend/node_modules/@rollup/rollup-linux-arm-gnueabihf'
53 silly reify ]
54 verbose reify failed optional dependency /tmp/test_build/frontend/node_modules/@rollup/rollup-freebsd-x64
55 silly reify mark deleted [ '/tmp/test_build/frontend/node_modules/@rollup/rollup-freebsd-x64' ]
56 verbose reify failed optional dependency /tmp/test_build/frontend/node_modules/@rollup/rollup-freebsd-arm64
57 silly reify mark deleted [
57 silly reify   '/tmp/test_build/frontend/node_modules/@rollup/rollup-freebsd-arm64'
57 silly reify ]
58 verbose reify failed optional dependency /tmp/test_build/frontend/node_modules/@rollup/rollup-darwin-x64
59 silly reify mark deleted [ '/tmp/test_build/frontend/node_modules/@rollup/rollup-darwin-x64' ]
60 verbose reify failed optional dependency /tmp/test_build/frontend/node_modules/@rollup/rollup-darwin-arm64
61 silly reify mark deleted [ '/tmp/test_build/frontend/node_modules/@rollup/rollup-darwin-arm64' ]
62 verbose reify failed optional dependency /tmp/test_build/frontend/node_modules/@rollup/rollup-android-arm64
63 silly reify mark deleted [
63 silly reify   '/tmp/test_build/frontend/node_modules/@rollup/rollup-android-arm64'
63 silly reify ]
64 verbose reify failed optional dependency /tmp/test_build/frontend/node_modules/@rollup/rollup-android-arm-eabi
65 silly reify mark deleted [
65 silly reify   '/tmp/test_build/frontend/node_modules/@rollup/rollup-android-arm-eabi'
65 silly reify ]
66 verbose reify failed optional dependency /tmp/test_build/frontend/node_modules/@esbuild/win32-x64
67 silly reify mark deleted [ '/tmp/test_build/frontend/node_modules/@esbuild/win32-x64' ]
68 verbose reify failed optional dependency /tmp/test_build/frontend/node_modules/@esbuild/win32-ia32
69 silly reify mark deleted [ '/tmp/test_build/frontend/node_modules/@esbuild/win32-ia32' ]
70 verbose reify failed optional dependency /tmp/test_build/frontend/node_modules/@esbuild/win32-arm64
71 silly reify mark deleted [ '/tmp/test_build/frontend/node_modules/@esbuild/win32-arm64' ]
72 verbose reify failed optional dependency /tmp/test_build/frontend/node_modules/@esbuild/sunos-x64
73 silly reify mark deleted [ '/tmp/test_build/frontend/node_modules/@esbuild/sunos-x64' ]
74 verbose reify failed optional dependency /tmp/test_build/frontend/node_modules/@esbuild/openbsd-x64
75 silly reify mark deleted [ '/tmp/test_build/frontend/node_modules/@esbuild/openbsd-x64' ]
76 verbose reify failed optional dependency /tmp/test_build/frontend/node_modules/@esbuild/netbsd-x64
77 silly reify mark deleted [ '/tmp/test_build/frontend/node_modules/@esbuild/netbsd-x64' ]
78 verbose reify failed optional dependency /tmp/test_build/frontend/node_modules/@esbuild/linux-s390x
79 silly reify mark deleted [ '/tmp/test_build/frontend/node_modules/@esbuild/linux-s390x' ]
80 verbose reify failed optional dependency /tmp/test_build/frontend/node_modules/@esbuild/linux-riscv64
81 silly reify mark deleted [ '/tmp/test_build/frontend/node_modules/@esbuild/linux-riscv64' ]
82 verbose reify failed optional dependency /tmp/test_build/frontend/node_modules/@esbuild/linux-ppc64
83 silly reify mark deleted [ '/tmp/test_build/frontend/node_modules/@esbuild/linux-ppc64' ]
84 verbose reify failed optional dependency /tmp/test_build/frontend/node_modules/@esbuild/linux-mips64el
85 silly reify mark deleted [ '/tmp/test_build/frontend/node_modules/@esbuild/linux-mips64el' ]
86 verbose reify failed optional dependency /tmp/test_build/frontend/node_modules/@esbuild/linux-loong64
87 silly reify mark deleted [ '/tmp/test_build/frontend/node_modules/@esbuild/linux-loong64' ]
88 verbose reify failed optional dependency /tmp/test_build/frontend/node_modules/@esbuild/linux-ia32
89 silly reify mark deleted [ '/tmp/test_build/frontend/node_modules/@esbuild/linux-ia32' ]
90 verbose reify failed optional dependency /tmp/test_build/frontend/node_modules/@esbuild/linux-arm64
91 silly reify mark deleted [ '/tmp/test_build/frontend/node_modules/@esbuild/linux-arm64' ]
92 verbose reify failed optional dependency /tmp/test_build/frontend/node_modules/@esbuild/linux-arm
93 silly reify mark deleted [ '/tmp/test_build/frontend/node_modules/@esbuild/linux-arm' ]
94 verbose reify failed optional dependency /tmp/test_build/frontend/node_modules/@esbuild/freebsd-x64
95 silly reify mark deleted [ '/tmp/test_build/frontend/node_modules/@esbuild/freebsd-x64' ]
96 verbose reify failed optional dependency /tmp/test_build/frontend/node_modules/@esbuild/freebsd-arm64
97 silly reify mark deleted [ '/tmp/test_build/frontend/node_modules/@esbuild/freebsd-arm64' ]
98 verbose reify failed optional dependency /tmp/test_build/frontend/node_modules/@esbuild/darwin-x64
99 silly reify mark deleted [ '/tmp/test_build/frontend/node_modules/@esbuild/darwin-x64' ]
100 verbose reify failed optional dependency /tmp/test_build/frontend/node_modules/@esbuild/darwin-arm64
101 silly reify mark deleted [ '/tmp/test_build/frontend/node_modules/@esbuild/darwin-arm64' ]
102 verbose reify failed optional dependency /tmp/test_build/frontend/node_modules/@esbuild/android-x64
103 silly reify mark deleted [ '/tmp/test_build/frontend/node_modules/@esbuild/android-x64' ]
104 verbose reify failed optional dependency /tmp/test_build/frontend/node_modules/@esbuild/android-arm64
105 silly reify mark deleted [ '/tmp/test_build/frontend/node_modules/@esbuild/android-arm64' ]
106 verbose reify failed optional dependency /tmp/test_build/frontend/node_modules/@esbuild/android-arm
107 silly reify mark deleted [ '/tmp/test_build/frontend/node_modules/@esbuild/android-arm' ]
108 verbose reify failed optional dependency /tmp/test_build/frontend/node_modules/@esbuild/aix-ppc64
109 silly reify mark deleted [ '/tmp/test_build/frontend/node_modules/@esbuild/aix-ppc64' ]
110 http fetch POST 200 https://registry.npmjs.org/-/npm/v1/security/advisories/bulk 326ms
111 silly audit report {
111 silly audit report   minimatch: [
111 silly audit report     {
111 silly audit report       id: 1113465,
111 silly audit report       url: 'https://github.com/advisories/GHSA-3ppc-4f35-3m26',
111 silly audit report       title: 'minimatch has a ReDoS via repeated wildcards with non-matching literal in pattern',
111 silly audit report       severity: 'high',
111 silly audit report       vulnerable_versions: '>=9.0.0 <9.0.6',
111 silly audit report       cwe: [Array],
111 silly audit report       cvss: [Object]
111 silly audit report     },
111 silly audit report     {
111 silly audit report       id: 1113544,
111 silly audit report       url: 'https://github.com/advisories/GHSA-7r86-cg39-jmmj',
111 silly audit report       title: 'minimatch has ReDoS: matchOne() combinatorial backtracking via multiple non-adjacent GLOBSTAR segments',
111 silly audit report       severity: 'high',
111 silly audit report       vulnerable_versions: '>=9.0.0 <9.0.7',
111 silly audit report       cwe: [Array],
111 silly audit report       cvss: [Object]
111 silly audit report     },
111 silly audit report     {
111 silly audit report       id: 1113552,
111 silly audit report       url: 'https://github.com/advisories/GHSA-23c5-xmqv-rm74',
111 silly audit report       title: 'minimatch ReDoS: nested *() extglobs generate catastrophically backtracking regular expressions',
111 silly audit report       severity: 'high',
111 silly audit report       vulnerable_versions: '>=9.0.0 <9.0.7',
111 silly audit report       cwe: [Array],
111 silly audit report       cvss: [Object]
111 silly audit report     }
111 silly audit report   ],
111 silly audit report   esbuild: [
111 silly audit report     {
111 silly audit report       id: 1102341,
111 silly audit report       url: 'https://github.com/advisories/GHSA-67mh-4wv8-2f99',
111 silly audit report       title: 'esbuild enables any website to send any requests to the development server and read the response',
111 silly audit report       severity: 'moderate',
111 silly audit report       vulnerable_versions: '<=0.24.2',
111 silly audit report       cwe: [Array],
111 silly audit report       cvss: [Object]
111 silly audit report     }
111 silly audit report   ],
111 silly audit report   vite: [
111 silly audit report     {
111 silly audit report       id: 1116229,
111 silly audit report       url: 'https://github.com/advisories/GHSA-4w7w-66w2-5vf9',
111 silly audit report       title: 'Vite Vulnerable to Path Traversal in Optimized Deps `.map` Handling',
111 silly audit report       severity: 'moderate',
111 silly audit report       vulnerable_versions: '<=6.4.1',
111 silly audit report       cwe: [Array],
111 silly audit report       cvss: [Object]
111 silly audit report     }
111 silly audit report   ]
111 silly audit report }
112 silly packumentCache corgi:https://registry.npmjs.org/minimatch cache-miss
113 silly packumentCache corgi:https://registry.npmjs.org/esbuild cache-miss
114 silly packumentCache corgi:https://registry.npmjs.org/vite cache-miss
115 http fetch GET 200 https://registry.npmjs.org/minimatch 17ms (cache hit)
116 silly packumentCache corgi:https://registry.npmjs.org/minimatch set size:168441 disposed:false
117 http fetch GET 200 https://registry.npmjs.org/esbuild 22ms (cache hit)
118 silly packumentCache corgi:https://registry.npmjs.org/esbuild set size:885757 disposed:false
119 http fetch GET 200 https://registry.npmjs.org/vite 32ms (cache hit)
120 silly packumentCache corgi:https://registry.npmjs.org/vite set size:2229030 disposed:false
121 silly packumentCache corgi:https://registry.npmjs.org/@typescript-eslint%2ftypescript-estree cache-miss
122 http fetch GET 200 https://registry.npmjs.org/@typescript-eslint%2ftypescript-estree 40ms (cache hit)
123 silly packumentCache corgi:https://registry.npmjs.org/@typescript-eslint%2ftypescript-estree set size:8593649 disposed:false
124 silly packumentCache corgi:https://registry.npmjs.org/@vitejs%2fplugin-react cache-miss
125 http fetch GET 200 https://registry.npmjs.org/@vitejs%2fplugin-react 41ms (cache hit)
126 silly packumentCache corgi:https://registry.npmjs.org/@vitejs%2fplugin-react set size:112470 disposed:false
127 silly packumentCache corgi:https://registry.npmjs.org/@typescript-eslint%2fparser cache-miss
128 silly packumentCache corgi:https://registry.npmjs.org/@typescript-eslint%2ftype-utils cache-miss
129 silly packumentCache corgi:https://registry.npmjs.org/@typescript-eslint%2futils cache-miss
130 http fetch GET 200 https://registry.npmjs.org/@typescript-eslint%2ftype-utils 21ms (cache hit)
131 silly packumentCache corgi:https://registry.npmjs.org/@typescript-eslint%2ftype-utils set size:4603916 disposed:false
132 http fetch GET 200 https://registry.npmjs.org/@typescript-eslint%2futils 86ms (cache hit)
133 silly packumentCache corgi:https://registry.npmjs.org/@typescript-eslint%2futils set size:4607453 disposed:false
134 http fetch GET 200 https://registry.npmjs.org/@typescript-eslint%2fparser 177ms (cache hit)
135 silly packumentCache corgi:https://registry.npmjs.org/@typescript-eslint%2fparser set size:7985194 disposed:false
136 silly packumentCache corgi:https://registry.npmjs.org/@typescript-eslint%2feslint-plugin cache-miss
137 http fetch GET 200 https://registry.npmjs.org/@typescript-eslint%2feslint-plugin 42ms (cache hit)
138 silly packumentCache corgi:https://registry.npmjs.org/@typescript-eslint%2feslint-plugin set size:9486034 disposed:false
139 silly ADD
140 silly ADD
141 silly ADD
142 silly ADD
143 silly ADD
144 silly ADD
145 silly ADD
146 silly ADD
147 silly ADD
148 silly ADD
149 silly ADD
150 silly ADD
151 silly ADD
152 silly ADD
153 silly ADD
154 silly ADD
155 silly ADD
156 silly ADD
157 silly ADD
158 silly ADD
159 silly ADD
160 silly ADD
161 silly ADD
162 silly ADD
163 silly ADD
164 silly ADD
165 silly ADD
166 silly ADD
167 silly ADD
168 silly ADD
169 silly ADD
170 silly ADD
171 silly ADD
172 silly ADD
173 silly ADD
174 silly ADD
175 silly ADD
176 silly ADD
177 silly ADD
178 silly ADD
179 silly ADD
180 silly ADD
181 silly ADD
182 silly ADD
183 silly ADD
184 silly ADD
185 verbose cwd /tmp/test_build/frontend
186 verbose os Linux 6.12.77-99.140.amzn2023.x86_64
187 verbose node v20.20.2
188 verbose npm  v10.8.2
189 verbose exit 0
190 info ok
