0 verbose cli /usr/bin/node /usr/bin/npm
1 info using npm@10.8.2
2 info using node@v20.20.2
3 silly config load:file:/usr/lib/node_modules/npm/npmrc
4 silly config load:file:/home/user/yt-dlp-gui/frontend/.npmrc
5 silly config load:file:/home/user/.npmrc
6 silly config load:file:/usr/etc/npmrc
7 verbose title npm install
8 verbose argv "install"
9 verbose logfile logs-max:10 dir:/home/user/.npm/_logs/2026-04-18T05_26_43_228Z-
10 verbose logfile /home/user/.npm/_logs/2026-04-18T05_26_43_228Z-debug-0.log
11 silly packumentCache heap:4345298944 maxSize:1086324736 maxEntrySize:543162368
12 silly logfile start cleaning logs, removing 1 files
13 silly logfile done cleaning log files
14 silly idealTree buildDeps
15 silly reify moves {}
16 silly audit bulk request {
16 silly audit   '@alloc/quick-lru': [ '5.2.0' ],
16 silly audit   '@babel/code-frame': [ '7.29.0' ],
16 silly audit   '@babel/compat-data': [ '7.29.0' ],
16 silly audit   '@babel/core': [ '7.29.0' ],
16 silly audit   semver: [ '6.3.1', '7.7.4' ],
16 silly audit   '@babel/generator': [ '7.29.1' ],
16 silly audit   '@babel/helper-compilation-targets': [ '7.28.6' ],
16 silly audit   '@babel/helper-globals': [ '7.28.0' ],
16 silly audit   '@babel/helper-module-imports': [ '7.28.6' ],
16 silly audit   '@babel/helper-module-transforms': [ '7.28.6' ],
16 silly audit   '@babel/helper-plugin-utils': [ '7.28.6' ],
16 silly audit   '@babel/helper-string-parser': [ '7.27.1' ],
16 silly audit   '@babel/helper-validator-identifier': [ '7.28.5' ],
16 silly audit   '@babel/helper-validator-option': [ '7.27.1' ],
16 silly audit   '@babel/helpers': [ '7.29.2' ],
16 silly audit   '@babel/parser': [ '7.29.2' ],
16 silly audit   '@babel/plugin-transform-react-jsx-self': [ '7.27.1' ],
16 silly audit   '@babel/plugin-transform-react-jsx-source': [ '7.27.1' ],
16 silly audit   '@babel/runtime': [ '7.29.2' ],
16 silly audit   '@babel/template': [ '7.28.6' ],
16 silly audit   '@babel/traverse': [ '7.29.0' ],
16 silly audit   '@babel/types': [ '7.29.0' ],
16 silly audit   '@esbuild/aix-ppc64': [ '0.21.5' ],
16 silly audit   '@esbuild/android-arm': [ '0.21.5' ],
16 silly audit   '@esbuild/android-arm64': [ '0.21.5' ],
16 silly audit   '@esbuild/android-x64': [ '0.21.5' ],
16 silly audit   '@esbuild/darwin-arm64': [ '0.21.5' ],
16 silly audit   '@esbuild/darwin-x64': [ '0.21.5' ],
16 silly audit   '@esbuild/freebsd-arm64': [ '0.21.5' ],
16 silly audit   '@esbuild/freebsd-x64': [ '0.21.5' ],
16 silly audit   '@esbuild/linux-arm': [ '0.21.5' ],
16 silly audit   '@esbuild/linux-arm64': [ '0.21.5' ],
16 silly audit   '@esbuild/linux-ia32': [ '0.21.5' ],
16 silly audit   '@esbuild/linux-loong64': [ '0.21.5' ],
16 silly audit   '@esbuild/linux-mips64el': [ '0.21.5' ],
16 silly audit   '@esbuild/linux-ppc64': [ '0.21.5' ],
16 silly audit   '@esbuild/linux-riscv64': [ '0.21.5' ],
16 silly audit   '@esbuild/linux-s390x': [ '0.21.5' ],
16 silly audit   '@esbuild/linux-x64': [ '0.21.5' ],
16 silly audit   '@esbuild/netbsd-x64': [ '0.21.5' ],
16 silly audit   '@esbuild/openbsd-x64': [ '0.21.5' ],
16 silly audit   '@esbuild/sunos-x64': [ '0.21.5' ],
16 silly audit   '@esbuild/win32-arm64': [ '0.21.5' ],
16 silly audit   '@esbuild/win32-ia32': [ '0.21.5' ],
16 silly audit   '@esbuild/win32-x64': [ '0.21.5' ],
16 silly audit   '@eslint-community/eslint-utils': [ '4.9.1' ],
16 silly audit   '@eslint-community/regexpp': [ '4.12.2' ],
16 silly audit   '@eslint/eslintrc': [ '2.1.4' ],
16 silly audit   'brace-expansion': [ '1.1.14', '2.1.0' ],
16 silly audit   minimatch: [ '3.1.5', '9.0.3' ],
16 silly audit   '@eslint/js': [ '8.57.1' ],
16 silly audit   '@humanwhocodes/config-array': [ '0.13.0' ],
16 silly audit   '@humanwhocodes/module-importer': [ '1.0.1' ],
16 silly audit   '@humanwhocodes/object-schema': [ '2.0.3' ],
16 silly audit   '@jridgewell/gen-mapping': [ '0.3.13' ],
16 silly audit   '@jridgewell/remapping': [ '2.3.5' ],
16 silly audit   '@jridgewell/resolve-uri': [ '3.1.2' ],
16 silly audit   '@jridgewell/sourcemap-codec': [ '1.5.5' ],
16 silly audit   '@jridgewell/trace-mapping': [ '0.3.31' ],
16 silly audit   '@nodelib/fs.scandir': [ '2.1.5' ],
16 silly audit   '@nodelib/fs.stat': [ '2.0.5' ],
16 silly audit   '@nodelib/fs.walk': [ '1.2.8' ],
16 silly audit   '@reduxjs/toolkit': [ '1.9.7' ],
16 silly audit   '@rolldown/pluginutils': [ '1.0.0-beta.27' ],
16 silly audit   '@rollup/rollup-android-arm-eabi': [ '4.60.1' ],
16 silly audit   '@rollup/rollup-android-arm64': [ '4.60.1' ],
16 silly audit   '@rollup/rollup-darwin-arm64': [ '4.60.1' ],
16 silly audit   '@rollup/rollup-darwin-x64': [ '4.60.1' ],
16 silly audit   '@rollup/rollup-freebsd-arm64': [ '4.60.1' ],
16 silly audit   '@rollup/rollup-freebsd-x64': [ '4.60.1' ],
16 silly audit   '@rollup/rollup-linux-arm-gnueabihf': [ '4.60.1' ],
16 silly audit   '@rollup/rollup-linux-arm-musleabihf': [ '4.60.1' ],
16 silly audit   '@rollup/rollup-linux-arm64-gnu': [ '4.60.1' ],
16 silly audit   '@rollup/rollup-linux-arm64-musl': [ '4.60.1' ],
16 silly audit   '@rollup/rollup-linux-loong64-gnu': [ '4.60.1' ],
16 silly audit   '@rollup/rollup-linux-loong64-musl': [ '4.60.1' ],
16 silly audit   '@rollup/rollup-linux-ppc64-gnu': [ '4.60.1' ],
16 silly audit   '@rollup/rollup-linux-ppc64-musl': [ '4.60.1' ],
16 silly audit   '@rollup/rollup-linux-riscv64-gnu': [ '4.60.1' ],
16 silly audit   '@rollup/rollup-linux-riscv64-musl': [ '4.60.1' ],
16 silly audit   '@rollup/rollup-linux-s390x-gnu': [ '4.60.1' ],
16 silly audit   '@rollup/rollup-linux-x64-gnu': [ '4.60.1' ],
16 silly audit   '@rollup/rollup-linux-x64-musl': [ '4.60.1' ],
16 silly audit   '@rollup/rollup-openbsd-x64': [ '4.60.1' ],
16 silly audit   '@rollup/rollup-openharmony-arm64': [ '4.60.1' ],
16 silly audit   '@rollup/rollup-win32-arm64-msvc': [ '4.60.1' ],
16 silly audit   '@rollup/rollup-win32-ia32-msvc': [ '4.60.1' ],
16 silly audit   '@rollup/rollup-win32-x64-gnu': [ '4.60.1' ],
16 silly audit   '@rollup/rollup-win32-x64-msvc': [ '4.60.1' ],
16 silly audit   '@types/babel__core': [ '7.20.5' ],
16 silly audit   '@types/babel__generator': [ '7.27.0' ],
16 silly audit   '@types/babel__template': [ '7.4.4' ],
16 silly audit   '@types/babel__traverse': [ '7.28.0' ],
16 silly audit   '@types/estree': [ '1.0.8' ],
16 silly audit   '@types/hoist-non-react-statics': [ '3.3.7' ],
16 silly audit   '@types/json-schema': [ '7.0.15' ],
16 silly audit   '@types/prop-types': [ '15.7.15' ],
16 silly audit   '@types/react': [ '18.3.28' ],
16 silly audit   '@types/react-dom': [ '18.3.7' ],
16 silly audit   '@types/semver': [ '7.7.1' ],
16 silly audit   '@types/use-sync-external-store': [ '0.0.3' ],
16 silly audit   '@typescript-eslint/eslint-plugin': [ '6.21.0' ],
16 silly audit   '@typescript-eslint/parser': [ '6.21.0' ],
16 silly audit   '@typescript-eslint/scope-manager': [ '6.21.0' ],
16 silly audit   '@typescript-eslint/type-utils': [ '6.21.0' ],
16 silly audit   '@typescript-eslint/types': [ '6.21.0' ],
16 silly audit   '@typescript-eslint/typescript-estree': [ '6.21.0' ],
16 silly audit   '@typescript-eslint/utils': [ '6.21.0' ],
16 silly audit   '@typescript-eslint/visitor-keys': [ '6.21.0' ],
16 silly audit   '@ungap/structured-clone': [ '1.3.0' ],
16 silly audit   '@vitejs/plugin-react': [ '4.7.0' ],
16 silly audit   acorn: [ '8.16.0' ],
16 silly audit   'acorn-jsx': [ '5.3.2' ],
16 silly audit   ajv: [ '6.14.0' ],
16 silly audit   'ansi-regex': [ '5.0.1' ],
16 silly audit   'ansi-styles': [ '4.3.0' ],
16 silly audit   'any-promise': [ '1.3.0' ],
16 silly audit   anymatch: [ '3.1.3' ],
16 silly audit   arg: [ '5.0.2' ],
16 silly audit   argparse: [ '2.0.1' ],
16 silly audit   'array-union': [ '2.1.0' ],
16 silly audit   asynckit: [ '0.4.0' ],
16 silly audit   autoprefixer: [ '10.5.0' ],
16 silly audit   axios: [ '1.15.0' ],
16 silly audit   'balanced-match': [ '1.0.2' ],
16 silly audit   'baseline-browser-mapping': [ '2.10.19' ],
16 silly audit   'binary-extensions': [ '2.3.0' ],
16 silly audit   braces: [ '3.0.3' ],
16 silly audit   browserslist: [ '4.28.2' ],
16 silly audit   'call-bind-apply-helpers': [ '1.0.2' ],
16 silly audit   callsites: [ '3.1.0' ],
16 silly audit   'camelcase-css': [ '2.0.1' ],
16 silly audit   'caniuse-lite': [ '1.0.30001788' ],
16 silly audit   chalk: [ '4.1.2' ],
16 silly audit   chokidar: [ '3.6.0' ],
16 silly audit   'glob-parent': [ '5.1.2', '6.0.2' ],
16 silly audit   'class-variance-authority': [ '0.7.1' ],
16 silly audit   clsx: [ '2.1.1' ],
16 silly audit   'color-convert': [ '2.0.1' ],
16 silly audit   'color-name': [ '1.1.4' ],
16 silly audit   'combined-stream': [ '1.0.8' ],
16 silly audit   commander: [ '4.1.1' ],
16 silly audit   'concat-map': [ '0.0.1' ],
16 silly audit   'convert-source-map': [ '2.0.0' ],
16 silly audit   'cross-spawn': [ '7.0.6' ],
16 silly audit   cssesc: [ '3.0.0' ],
16 silly audit   csstype: [ '3.2.3' ],
16 silly audit   'date-fns': [ '2.30.0' ],
16 silly audit   debug: [ '4.4.3' ],
16 silly audit   'deep-is': [ '0.1.4' ],
16 silly audit   'delayed-stream': [ '1.0.0' ],
16 silly audit   didyoumean: [ '1.2.2' ],
16 silly audit   'dir-glob': [ '3.0.1' ],
16 silly audit   dlv: [ '1.1.3' ],
16 silly audit   doctrine: [ '3.0.0' ],
16 silly audit   'dunder-proto': [ '1.0.1' ],
16 silly audit   'electron-to-chromium': [ '1.5.340' ],
16 silly audit   'es-define-property': [ '1.0.1' ],
16 silly audit   'es-errors': [ '1.3.0' ],
16 silly audit   'es-object-atoms': [ '1.1.1' ],
16 silly audit   'es-set-tostringtag': [ '2.1.0' ],
16 silly audit   esbuild: [ '0.21.5' ],
16 silly audit   escalade: [ '3.2.0' ],
16 silly audit   'escape-string-regexp': [ '4.0.0' ],
16 silly audit   eslint: [ '8.57.1' ],
16 silly audit   'eslint-plugin-react-hooks': [ '4.6.2' ],
16 silly audit   'eslint-plugin-react-refresh': [ '0.4.26' ],
16 silly audit   'eslint-scope': [ '7.2.2' ],
16 silly audit   'eslint-visitor-keys': [ '3.4.3' ],
16 silly audit   espree: [ '9.6.1' ],
16 silly audit   esquery: [ '1.7.0' ],
16 silly audit   esrecurse: [ '4.3.0' ],
16 silly audit   estraverse: [ '5.3.0' ],
16 silly audit   esutils: [ '2.0.3' ],
16 silly audit   'fast-deep-equal': [ '3.1.3' ],
16 silly audit   'fast-glob': [ '3.3.3' ],
16 silly audit   'fast-json-stable-stringify': [ '2.1.0' ],
16 silly audit   'fast-levenshtein': [ '2.0.6' ],
16 silly audit   fastq: [ '1.20.1' ],
16 silly audit   'file-entry-cache': [ '6.0.1' ],
16 silly audit   'fill-range': [ '7.1.1' ],
16 silly audit   'find-up': [ '5.0.0' ],
16 silly audit   'flat-cache': [ '3.2.0' ],
16 silly audit   flatted: [ '3.4.2' ],
16 silly audit   'follow-redirects': [ '1.16.0' ],
16 silly audit   'form-data': [ '4.0.5' ],
16 silly audit   'fraction.js': [ '5.3.4' ],
16 silly audit   'fs.realpath': [ '1.0.0' ],
16 silly audit   fsevents: [ '2.3.3' ],
16 silly audit   'function-bind': [ '1.1.2' ],
16 silly audit   gensync: [ '1.0.0-beta.2' ],
16 silly audit   'get-intrinsic': [ '1.3.0' ],
16 silly audit   'get-proto': [ '1.0.1' ],
16 silly audit   glob: [ '7.2.3' ],
16 silly audit   globals: [ '13.24.0' ],
16 silly audit   globby: [ '11.1.0' ],
16 silly audit   gopd: [ '1.2.0' ],
16 silly audit   graphemer: [ '1.4.0' ],
16 silly audit   'has-flag': [ '4.0.0' ],
16 silly audit   'has-symbols': [ '1.1.0' ],
16 silly audit   'has-tostringtag': [ '1.0.2' ],
16 silly audit   hasown: [ '2.0.2' ],
16 silly audit   'hoist-non-react-statics': [ '3.3.2' ],
16 silly audit   'react-is': [ '16.13.1', '18.3.1' ],
16 silly audit   ignore: [ '5.3.2' ],
16 silly audit   immer: [ '9.0.21' ],
16 silly audit   'import-fresh': [ '3.3.1' ],
16 silly audit   imurmurhash: [ '0.1.4' ],
16 silly audit   inflight: [ '1.0.6' ],
16 silly audit   inherits: [ '2.0.4' ],
16 silly audit   'is-binary-path': [ '2.1.0' ],
16 silly audit   'is-core-module': [ '2.16.1' ],
16 silly audit   'is-extglob': [ '2.1.1' ],
16 silly audit   'is-glob': [ '4.0.3' ],
16 silly audit   'is-number': [ '7.0.0' ],
16 silly audit   'is-path-inside': [ '3.0.3' ],
16 silly audit   isexe: [ '2.0.0' ],
16 silly audit   jiti: [ '1.21.7' ],
16 silly audit   'js-tokens': [ '4.0.0' ],
16 silly audit   'js-yaml': [ '4.1.1' ],
16 silly audit   jsesc: [ '3.1.0' ],
16 silly audit   'json-buffer': [ '3.0.1' ],
16 silly audit   'json-schema-traverse': [ '0.4.1' ],
16 silly audit   'json-stable-stringify-without-jsonify': [ '1.0.1' ],
16 silly audit   json5: [ '2.2.3' ],
16 silly audit   keyv: [ '4.5.4' ],
16 silly audit   levn: [ '0.4.1' ],
16 silly audit   lilconfig: [ '3.1.3' ],
16 silly audit   'lines-and-columns': [ '1.2.4' ],
16 silly audit   'locate-path': [ '6.0.0' ],
16 silly audit   'lodash.merge': [ '4.6.2' ],
16 silly audit   'loose-envify': [ '1.4.0' ],
16 silly audit   'lru-cache': [ '5.1.1' ],
16 silly audit   'lucide-react': [ '0.292.0' ],
16 silly audit   'math-intrinsics': [ '1.1.0' ],
16 silly audit   merge2: [ '1.4.1' ],
16 silly audit   micromatch: [ '4.0.8' ],
16 silly audit   'mime-db': [ '1.52.0' ],
16 silly audit   'mime-types': [ '2.1.35' ],
16 silly audit   ms: [ '2.1.3' ],
16 silly audit   mz: [ '2.7.0' ],
16 silly audit   nanoid: [ '3.3.11' ],
16 silly audit   'natural-compare': [ '1.4.0' ],
16 silly audit   'node-releases': [ '2.0.37' ],
16 silly audit   'normalize-path': [ '3.0.0' ],
16 silly audit   'object-assign': [ '4.1.1' ],
16 silly audit   'object-hash': [ '3.0.0' ],
16 silly audit   once: [ '1.4.0' ],
16 silly audit   optionator: [ '0.9.4' ],
16 silly audit   'p-limit': [ '3.1.0' ],
16 silly audit   'p-locate': [ '5.0.0' ],
16 silly audit   'parent-module': [ '1.0.1' ],
16 silly audit   'path-exists': [ '4.0.0' ],
16 silly audit   'path-is-absolute': [ '1.0.1' ],
16 silly audit   'path-key': [ '3.1.1' ],
16 silly audit   'path-parse': [ '1.0.7' ],
16 silly audit   'path-type': [ '4.0.0' ],
16 silly audit   picocolors: [ '1.1.1' ],
16 silly audit   picomatch: [ '2.3.2', '4.0.4' ],
16 silly audit   pify: [ '2.3.0' ],
16 silly audit   pirates: [ '4.0.7' ],
16 silly audit   postcss: [ '8.5.10' ],
16 silly audit   'postcss-import': [ '15.1.0' ],
16 silly audit   'postcss-js': [ '4.1.0' ],
16 silly audit   'postcss-load-config': [ '6.0.1' ],
16 silly audit   'postcss-nested': [ '6.2.0' ],
16 silly audit   'postcss-selector-parser': [ '6.1.2' ],
16 silly audit   'postcss-value-parser': [ '4.2.0' ],
16 silly audit   'prelude-ls': [ '1.2.1' ],
16 silly audit   'proxy-from-env': [ '2.1.0' ],
16 silly audit   punycode: [ '2.3.1' ],
16 silly audit   'queue-microtask': [ '1.2.3' ],
16 silly audit   react: [ '18.3.1' ],
16 silly audit   'react-dom': [ '18.3.1' ],
16 silly audit   'react-redux': [ '8.1.3' ],
16 silly audit   'react-refresh': [ '0.17.0' ],
16 silly audit   'read-cache': [ '1.0.0' ],
16 silly audit   readdirp: [ '3.6.0' ],
16 silly audit   redux: [ '4.2.1' ],
16 silly audit   'redux-thunk': [ '2.4.2' ],
16 silly audit   reselect: [ '4.1.8' ],
16 silly audit   resolve: [ '1.22.12' ],
16 silly audit   'resolve-from': [ '4.0.0' ],
16 silly audit   reusify: [ '1.1.0' ],
16 silly audit   rimraf: [ '3.0.2' ],
16 silly audit   rollup: [ '4.60.1' ],
16 silly audit   'run-parallel': [ '1.2.0' ],
16 silly audit   scheduler: [ '0.23.2' ],
16 silly audit   'shebang-command': [ '2.0.0' ],
16 silly audit   'shebang-regex': [ '3.0.0' ],
16 silly audit   slash: [ '3.0.0' ],
16 silly audit   'source-map-js': [ '1.2.1' ],
16 silly audit   'strip-ansi': [ '6.0.1' ],
16 silly audit   'strip-json-comments': [ '3.1.1' ],
16 silly audit   sucrase: [ '3.35.1' ],
16 silly audit   'supports-color': [ '7.2.0' ],
16 silly audit   'supports-preserve-symlinks-flag': [ '1.0.0' ],
16 silly audit   tailwindcss: [ '3.4.19' ],
16 silly audit   'text-table': [ '0.2.0' ],
16 silly audit   thenify: [ '3.3.1' ],
16 silly audit   'thenify-all': [ '1.6.0' ],
16 silly audit   tinyglobby: [ '0.2.16' ],
16 silly audit   fdir: [ '6.5.0' ],
16 silly audit   'to-regex-range': [ '5.0.1' ],
16 silly audit   'ts-api-utils': [ '1.4.3' ],
16 silly audit   'ts-interface-checker': [ '0.1.13' ],
16 silly audit   'type-check': [ '0.4.0' ],
16 silly audit   'type-fest': [ '0.20.2' ],
16 silly audit   typescript: [ '5.9.3' ],
16 silly audit   'update-browserslist-db': [ '1.2.3' ],
16 silly audit   'uri-js': [ '4.4.1' ],
16 silly audit   'use-sync-external-store': [ '1.6.0' ],
16 silly audit   'util-deprecate': [ '1.0.2' ],
16 silly audit   vite: [ '5.4.21' ],
16 silly audit   which: [ '2.0.2' ],
16 silly audit   'word-wrap': [ '1.2.5' ],
16 silly audit   wrappy: [ '1.0.2' ],
16 silly audit   yallist: [ '3.1.1' ],
16 silly audit   'yocto-queue': [ '0.1.0' ]
16 silly audit }
17 verbose reify failed optional dependency /home/user/yt-dlp-gui/frontend/node_modules/fsevents
18 silly reify mark deleted [ '/home/user/yt-dlp-gui/frontend/node_modules/fsevents' ]
19 verbose reify failed optional dependency /home/user/yt-dlp-gui/frontend/node_modules/@rollup/rollup-win32-x64-msvc
20 silly reify mark deleted [
20 silly reify   '/home/user/yt-dlp-gui/frontend/node_modules/@rollup/rollup-win32-x64-msvc'
20 silly reify ]
21 verbose reify failed optional dependency /home/user/yt-dlp-gui/frontend/node_modules/@rollup/rollup-win32-x64-gnu
22 silly reify mark deleted [
22 silly reify   '/home/user/yt-dlp-gui/frontend/node_modules/@rollup/rollup-win32-x64-gnu'
22 silly reify ]
23 verbose reify failed optional dependency /home/user/yt-dlp-gui/frontend/node_modules/@rollup/rollup-win32-ia32-msvc
24 silly reify mark deleted [
24 silly reify   '/home/user/yt-dlp-gui/frontend/node_modules/@rollup/rollup-win32-ia32-msvc'
24 silly reify ]
25 verbose reify failed optional dependency /home/user/yt-dlp-gui/frontend/node_modules/@rollup/rollup-win32-arm64-msvc
26 silly reify mark deleted [
26 silly reify   '/home/user/yt-dlp-gui/frontend/node_modules/@rollup/rollup-win32-arm64-msvc'
26 silly reify ]
27 verbose reify failed optional dependency /home/user/yt-dlp-gui/frontend/node_modules/@rollup/rollup-openharmony-arm64
28 silly reify mark deleted [
28 silly reify   '/home/user/yt-dlp-gui/frontend/node_modules/@rollup/rollup-openharmony-arm64'
28 silly reify ]
29 verbose reify failed optional dependency /home/user/yt-dlp-gui/frontend/node_modules/@rollup/rollup-openbsd-x64
30 silly reify mark deleted [
30 silly reify   '/home/user/yt-dlp-gui/frontend/node_modules/@rollup/rollup-openbsd-x64'
30 silly reify ]
31 verbose reify failed optional dependency /home/user/yt-dlp-gui/frontend/node_modules/@rollup/rollup-linux-s390x-gnu
32 silly reify mark deleted [
32 silly reify   '/home/user/yt-dlp-gui/frontend/node_modules/@rollup/rollup-linux-s390x-gnu'
32 silly reify ]
33 verbose reify failed optional dependency /home/user/yt-dlp-gui/frontend/node_modules/@rollup/rollup-linux-riscv64-musl
34 silly reify mark deleted [
34 silly reify   '/home/user/yt-dlp-gui/frontend/node_modules/@rollup/rollup-linux-riscv64-musl'
34 silly reify ]
35 verbose reify failed optional dependency /home/user/yt-dlp-gui/frontend/node_modules/@rollup/rollup-linux-riscv64-gnu
36 silly reify mark deleted [
36 silly reify   '/home/user/yt-dlp-gui/frontend/node_modules/@rollup/rollup-linux-riscv64-gnu'
36 silly reify ]
37 verbose reify failed optional dependency /home/user/yt-dlp-gui/frontend/node_modules/@rollup/rollup-linux-ppc64-musl
38 silly reify mark deleted [
38 silly reify   '/home/user/yt-dlp-gui/frontend/node_modules/@rollup/rollup-linux-ppc64-musl'
38 silly reify ]
39 verbose reify failed optional dependency /home/user/yt-dlp-gui/frontend/node_modules/@rollup/rollup-linux-ppc64-gnu
40 silly reify mark deleted [
40 silly reify   '/home/user/yt-dlp-gui/frontend/node_modules/@rollup/rollup-linux-ppc64-gnu'
40 silly reify ]
41 verbose reify failed optional dependency /home/user/yt-dlp-gui/frontend/node_modules/@rollup/rollup-linux-loong64-musl
42 silly reify mark deleted [
42 silly reify   '/home/user/yt-dlp-gui/frontend/node_modules/@rollup/rollup-linux-loong64-musl'
42 silly reify ]
43 verbose reify failed optional dependency /home/user/yt-dlp-gui/frontend/node_modules/@rollup/rollup-linux-loong64-gnu
44 silly reify mark deleted [
44 silly reify   '/home/user/yt-dlp-gui/frontend/node_modules/@rollup/rollup-linux-loong64-gnu'
44 silly reify ]
45 verbose reify failed optional dependency /home/user/yt-dlp-gui/frontend/node_modules/@rollup/rollup-linux-arm64-musl
46 silly reify mark deleted [
46 silly reify   '/home/user/yt-dlp-gui/frontend/node_modules/@rollup/rollup-linux-arm64-musl'
46 silly reify ]
47 verbose reify failed optional dependency /home/user/yt-dlp-gui/frontend/node_modules/@rollup/rollup-linux-arm64-gnu
48 silly reify mark deleted [
48 silly reify   '/home/user/yt-dlp-gui/frontend/node_modules/@rollup/rollup-linux-arm64-gnu'
48 silly reify ]
49 verbose reify failed optional dependency /home/user/yt-dlp-gui/frontend/node_modules/@rollup/rollup-linux-arm-musleabihf
50 silly reify mark deleted [
50 silly reify   '/home/user/yt-dlp-gui/frontend/node_modules/@rollup/rollup-linux-arm-musleabihf'
50 silly reify ]
51 verbose reify failed optional dependency /home/user/yt-dlp-gui/frontend/node_modules/@rollup/rollup-linux-arm-gnueabihf
52 silly reify mark deleted [
52 silly reify   '/home/user/yt-dlp-gui/frontend/node_modules/@rollup/rollup-linux-arm-gnueabihf'
52 silly reify ]
53 verbose reify failed optional dependency /home/user/yt-dlp-gui/frontend/node_modules/@rollup/rollup-freebsd-x64
54 silly reify mark deleted [
54 silly reify   '/home/user/yt-dlp-gui/frontend/node_modules/@rollup/rollup-freebsd-x64'
54 silly reify ]
55 verbose reify failed optional dependency /home/user/yt-dlp-gui/frontend/node_modules/@rollup/rollup-freebsd-arm64
56 silly reify mark deleted [
56 silly reify   '/home/user/yt-dlp-gui/frontend/node_modules/@rollup/rollup-freebsd-arm64'
56 silly reify ]
57 verbose reify failed optional dependency /home/user/yt-dlp-gui/frontend/node_modules/@rollup/rollup-darwin-x64
58 silly reify mark deleted [
58 silly reify   '/home/user/yt-dlp-gui/frontend/node_modules/@rollup/rollup-darwin-x64'
58 silly reify ]
59 verbose reify failed optional dependency /home/user/yt-dlp-gui/frontend/node_modules/@rollup/rollup-darwin-arm64
60 silly reify mark deleted [
60 silly reify   '/home/user/yt-dlp-gui/frontend/node_modules/@rollup/rollup-darwin-arm64'
60 silly reify ]
61 verbose reify failed optional dependency /home/user/yt-dlp-gui/frontend/node_modules/@rollup/rollup-android-arm64
62 silly reify mark deleted [
62 silly reify   '/home/user/yt-dlp-gui/frontend/node_modules/@rollup/rollup-android-arm64'
62 silly reify ]
63 verbose reify failed optional dependency /home/user/yt-dlp-gui/frontend/node_modules/@rollup/rollup-android-arm-eabi
64 silly reify mark deleted [
64 silly reify   '/home/user/yt-dlp-gui/frontend/node_modules/@rollup/rollup-android-arm-eabi'
64 silly reify ]
65 verbose reify failed optional dependency /home/user/yt-dlp-gui/frontend/node_modules/@esbuild/win32-x64
66 silly reify mark deleted [ '/home/user/yt-dlp-gui/frontend/node_modules/@esbuild/win32-x64' ]
67 verbose reify failed optional dependency /home/user/yt-dlp-gui/frontend/node_modules/@esbuild/win32-ia32
68 silly reify mark deleted [ '/home/user/yt-dlp-gui/frontend/node_modules/@esbuild/win32-ia32' ]
69 verbose reify failed optional dependency /home/user/yt-dlp-gui/frontend/node_modules/@esbuild/win32-arm64
70 silly reify mark deleted [ '/home/user/yt-dlp-gui/frontend/node_modules/@esbuild/win32-arm64' ]
71 verbose reify failed optional dependency /home/user/yt-dlp-gui/frontend/node_modules/@esbuild/sunos-x64
72 silly reify mark deleted [ '/home/user/yt-dlp-gui/frontend/node_modules/@esbuild/sunos-x64' ]
73 verbose reify failed optional dependency /home/user/yt-dlp-gui/frontend/node_modules/@esbuild/openbsd-x64
74 silly reify mark deleted [ '/home/user/yt-dlp-gui/frontend/node_modules/@esbuild/openbsd-x64' ]
75 verbose reify failed optional dependency /home/user/yt-dlp-gui/frontend/node_modules/@esbuild/netbsd-x64
76 silly reify mark deleted [ '/home/user/yt-dlp-gui/frontend/node_modules/@esbuild/netbsd-x64' ]
77 verbose reify failed optional dependency /home/user/yt-dlp-gui/frontend/node_modules/@esbuild/linux-s390x
78 silly reify mark deleted [ '/home/user/yt-dlp-gui/frontend/node_modules/@esbuild/linux-s390x' ]
79 verbose reify failed optional dependency /home/user/yt-dlp-gui/frontend/node_modules/@esbuild/linux-riscv64
80 silly reify mark deleted [
80 silly reify   '/home/user/yt-dlp-gui/frontend/node_modules/@esbuild/linux-riscv64'
80 silly reify ]
81 verbose reify failed optional dependency /home/user/yt-dlp-gui/frontend/node_modules/@esbuild/linux-ppc64
82 silly reify mark deleted [ '/home/user/yt-dlp-gui/frontend/node_modules/@esbuild/linux-ppc64' ]
83 verbose reify failed optional dependency /home/user/yt-dlp-gui/frontend/node_modules/@esbuild/linux-mips64el
84 silly reify mark deleted [
84 silly reify   '/home/user/yt-dlp-gui/frontend/node_modules/@esbuild/linux-mips64el'
84 silly reify ]
85 verbose reify failed optional dependency /home/user/yt-dlp-gui/frontend/node_modules/@esbuild/linux-loong64
86 silly reify mark deleted [
86 silly reify   '/home/user/yt-dlp-gui/frontend/node_modules/@esbuild/linux-loong64'
86 silly reify ]
87 verbose reify failed optional dependency /home/user/yt-dlp-gui/frontend/node_modules/@esbuild/linux-ia32
88 silly reify mark deleted [ '/home/user/yt-dlp-gui/frontend/node_modules/@esbuild/linux-ia32' ]
89 verbose reify failed optional dependency /home/user/yt-dlp-gui/frontend/node_modules/@esbuild/linux-arm64
90 silly reify mark deleted [ '/home/user/yt-dlp-gui/frontend/node_modules/@esbuild/linux-arm64' ]
91 verbose reify failed optional dependency /home/user/yt-dlp-gui/frontend/node_modules/@esbuild/linux-arm
92 silly reify mark deleted [ '/home/user/yt-dlp-gui/frontend/node_modules/@esbuild/linux-arm' ]
93 verbose reify failed optional dependency /home/user/yt-dlp-gui/frontend/node_modules/@esbuild/freebsd-x64
94 silly reify mark deleted [ '/home/user/yt-dlp-gui/frontend/node_modules/@esbuild/freebsd-x64' ]
95 verbose reify failed optional dependency /home/user/yt-dlp-gui/frontend/node_modules/@esbuild/freebsd-arm64
96 silly reify mark deleted [
96 silly reify   '/home/user/yt-dlp-gui/frontend/node_modules/@esbuild/freebsd-arm64'
96 silly reify ]
97 verbose reify failed optional dependency /home/user/yt-dlp-gui/frontend/node_modules/@esbuild/darwin-x64
98 silly reify mark deleted [ '/home/user/yt-dlp-gui/frontend/node_modules/@esbuild/darwin-x64' ]
99 verbose reify failed optional dependency /home/user/yt-dlp-gui/frontend/node_modules/@esbuild/darwin-arm64
100 silly reify mark deleted [ '/home/user/yt-dlp-gui/frontend/node_modules/@esbuild/darwin-arm64' ]
101 verbose reify failed optional dependency /home/user/yt-dlp-gui/frontend/node_modules/@esbuild/android-x64
102 silly reify mark deleted [ '/home/user/yt-dlp-gui/frontend/node_modules/@esbuild/android-x64' ]
103 verbose reify failed optional dependency /home/user/yt-dlp-gui/frontend/node_modules/@esbuild/android-arm64
104 silly reify mark deleted [
104 silly reify   '/home/user/yt-dlp-gui/frontend/node_modules/@esbuild/android-arm64'
104 silly reify ]
105 verbose reify failed optional dependency /home/user/yt-dlp-gui/frontend/node_modules/@esbuild/android-arm
106 silly reify mark deleted [ '/home/user/yt-dlp-gui/frontend/node_modules/@esbuild/android-arm' ]
107 verbose reify failed optional dependency /home/user/yt-dlp-gui/frontend/node_modules/@esbuild/aix-ppc64
108 silly reify mark deleted [ '/home/user/yt-dlp-gui/frontend/node_modules/@esbuild/aix-ppc64' ]
109 http fetch POST 200 https://registry.npmjs.org/-/npm/v1/security/advisories/bulk 372ms
110 silly audit report {
110 silly audit report   minimatch: [
110 silly audit report     {
110 silly audit report       id: 1113465,
110 silly audit report       url: 'https://github.com/advisories/GHSA-3ppc-4f35-3m26',
110 silly audit report       title: 'minimatch has a ReDoS via repeated wildcards with non-matching literal in pattern',
110 silly audit report       severity: 'high',
110 silly audit report       vulnerable_versions: '>=9.0.0 <9.0.6',
110 silly audit report       cwe: [Array],
110 silly audit report       cvss: [Object]
110 silly audit report     },
110 silly audit report     {
110 silly audit report       id: 1113544,
110 silly audit report       url: 'https://github.com/advisories/GHSA-7r86-cg39-jmmj',
110 silly audit report       title: 'minimatch has ReDoS: matchOne() combinatorial backtracking via multiple non-adjacent GLOBSTAR segments',
110 silly audit report       severity: 'high',
110 silly audit report       vulnerable_versions: '>=9.0.0 <9.0.7',
110 silly audit report       cwe: [Array],
110 silly audit report       cvss: [Object]
110 silly audit report     },
110 silly audit report     {
110 silly audit report       id: 1113552,
110 silly audit report       url: 'https://github.com/advisories/GHSA-23c5-xmqv-rm74',
110 silly audit report       title: 'minimatch ReDoS: nested *() extglobs generate catastrophically backtracking regular expressions',
110 silly audit report       severity: 'high',
110 silly audit report       vulnerable_versions: '>=9.0.0 <9.0.7',
110 silly audit report       cwe: [Array],
110 silly audit report       cvss: [Object]
110 silly audit report     }
110 silly audit report   ],
110 silly audit report   esbuild: [
110 silly audit report     {
110 silly audit report       id: 1102341,
110 silly audit report       url: 'https://github.com/advisories/GHSA-67mh-4wv8-2f99',
110 silly audit report       title: 'esbuild enables any website to send any requests to the development server and read the response',
110 silly audit report       severity: 'moderate',
110 silly audit report       vulnerable_versions: '<=0.24.2',
110 silly audit report       cwe: [Array],
110 silly audit report       cvss: [Object]
110 silly audit report     }
110 silly audit report   ],
110 silly audit report   vite: [
110 silly audit report     {
110 silly audit report       id: 1116229,
110 silly audit report       url: 'https://github.com/advisories/GHSA-4w7w-66w2-5vf9',
110 silly audit report       title: 'Vite Vulnerable to Path Traversal in Optimized Deps `.map` Handling',
110 silly audit report       severity: 'moderate',
110 silly audit report       vulnerable_versions: '<=6.4.1',
110 silly audit report       cwe: [Array],
110 silly audit report       cvss: [Object]
110 silly audit report     }
110 silly audit report   ]
110 silly audit report }
111 silly packumentCache corgi:https://registry.npmjs.org/minimatch cache-miss
112 silly packumentCache corgi:https://registry.npmjs.org/esbuild cache-miss
113 silly packumentCache corgi:https://registry.npmjs.org/vite cache-miss
114 http fetch GET 200 https://registry.npmjs.org/minimatch 26ms (cache hit)
115 silly packumentCache corgi:https://registry.npmjs.org/minimatch set size:168441 disposed:false
116 http fetch GET 200 https://registry.npmjs.org/esbuild 34ms (cache hit)
117 silly packumentCache corgi:https://registry.npmjs.org/esbuild set size:885757 disposed:false
118 http fetch GET 200 https://registry.npmjs.org/vite 49ms (cache hit)
119 silly packumentCache corgi:https://registry.npmjs.org/vite set size:2229030 disposed:false
120 silly packumentCache corgi:https://registry.npmjs.org/@typescript-eslint%2ftypescript-estree cache-miss
121 http fetch GET 200 https://registry.npmjs.org/@typescript-eslint%2ftypescript-estree 32ms (cache hit)
122 silly packumentCache corgi:https://registry.npmjs.org/@typescript-eslint%2ftypescript-estree set size:8593649 disposed:false
123 silly packumentCache corgi:https://registry.npmjs.org/@vitejs%2fplugin-react cache-miss
124 http fetch GET 200 https://registry.npmjs.org/@vitejs%2fplugin-react 5ms (cache hit)
125 silly packumentCache corgi:https://registry.npmjs.org/@vitejs%2fplugin-react set size:112470 disposed:false
126 silly packumentCache corgi:https://registry.npmjs.org/@typescript-eslint%2fparser cache-miss
127 silly packumentCache corgi:https://registry.npmjs.org/@typescript-eslint%2ftype-utils cache-miss
128 silly packumentCache corgi:https://registry.npmjs.org/@typescript-eslint%2futils cache-miss
129 http fetch GET 200 https://registry.npmjs.org/@typescript-eslint%2ftype-utils 23ms (cache hit)
130 silly packumentCache corgi:https://registry.npmjs.org/@typescript-eslint%2ftype-utils set size:4603916 disposed:false
131 http fetch GET 200 https://registry.npmjs.org/@typescript-eslint%2futils 105ms (cache hit)
132 silly packumentCache corgi:https://registry.npmjs.org/@typescript-eslint%2futils set size:4607453 disposed:false
133 http fetch GET 200 https://registry.npmjs.org/@typescript-eslint%2fparser 186ms (cache hit)
134 silly packumentCache corgi:https://registry.npmjs.org/@typescript-eslint%2fparser set size:7985194 disposed:false
135 silly packumentCache corgi:https://registry.npmjs.org/@typescript-eslint%2feslint-plugin cache-miss
136 http fetch GET 200 https://registry.npmjs.org/@typescript-eslint%2feslint-plugin 27ms (cache hit)
137 silly packumentCache corgi:https://registry.npmjs.org/@typescript-eslint%2feslint-plugin set size:9486034 disposed:false
138 silly ADD
139 silly ADD
140 silly ADD
141 silly ADD
142 silly ADD
143 silly ADD
144 silly ADD
145 silly ADD
146 silly ADD
147 silly ADD
148 silly ADD
149 silly ADD
150 silly ADD
151 silly ADD
152 silly ADD
153 silly ADD
154 silly ADD
155 silly ADD
156 silly ADD
157 silly ADD
158 silly ADD
159 silly ADD
160 silly ADD
161 silly ADD
162 silly ADD
163 silly ADD
164 silly ADD
165 silly ADD
166 silly ADD
167 silly ADD
168 silly ADD
169 silly ADD
170 silly ADD
171 silly ADD
172 silly ADD
173 silly ADD
174 silly ADD
175 silly ADD
176 silly ADD
177 silly ADD
178 silly ADD
179 silly ADD
180 silly ADD
181 silly ADD
182 silly ADD
183 silly ADD
184 verbose cwd /home/user/yt-dlp-gui/frontend
185 verbose os Linux 6.12.77-99.140.amzn2023.x86_64
186 verbose node v20.20.2
187 verbose npm  v10.8.2
188 verbose exit 0
189 info ok
