2026-04-18 04:48:50.792 [info] Reading sessions from keychain...
2026-04-18 04:48:50.792 [info] Got stored sessions!
2026-04-18 04:48:50.792 [info] Got 1 verified sessions.
2026-04-18 04:48:50.792 [info] Getting sessions for all scopes...
2026-04-18 04:48:50.792 [info] Got 1 sessions for ...
2026-04-18 04:48:50.792 [info] Getting sessions for all scopes...
2026-04-18 04:48:50.792 [info] Got 1 sessions for ...
2026-04-18 04:48:50.792 [info] Getting sessions for all scopes...
2026-04-18 04:48:50.792 [info] Got 1 sessions for ...
2026-04-18 04:48:50.792 [info] Getting sessions for all scopes...
2026-04-18 04:48:50.792 [info] Got 1 sessions for ...
2026-04-18 04:48:51.003 [info] Getting sessions for all scopes...
2026-04-18 04:48:51.003 [info] Got 1 sessions for ...
2026-04-18 04:48:55.010 [info] Getting sessions for all scopes...
2026-04-18 04:48:55.010 [info] Got 1 sessions for ...
2026-04-18 04:48:55.011 [info] Getting sessions for all scopes...
2026-04-18 04:48:55.011 [info] Got 1 sessions for ...
2026-04-18 04:48:55.438 [info] Getting sessions for all scopes...
2026-04-18 04:48:55.438 [info] Got 1 sessions for ...
2026-04-18 04:48:56.323 [info] Getting sessions for read:user,repo,user:email,workflow...
2026-04-18 04:48:56.323 [info] Got 1 sessions for read:user,repo,user:email,workflow...
2026-04-18 04:48:56.705 [info] Getting sessions for read:user,repo,user:email,workflow...
2026-04-18 04:48:56.706 [info] Got 1 sessions for read:user,repo,user:email,workflow...
2026-04-18 04:48:57.856 [info] Getting sessions for all scopes...
2026-04-18 04:48:57.856 [info] Got 1 sessions for ...
2026-04-18 04:48:57.856 [info] Getting sessions for all scopes...
2026-04-18 04:48:57.856 [info] Got 1 sessions for ...
2026-04-18 04:48:58.580 [info] Getting sessions for read:user,repo,user:email,workflow...
2026-04-18 04:48:58.580 [info] Got 1 sessions for read:user,repo,user:email,workflow...
2026-04-18 04:48:59.929 [info] Getting sessions for all scopes...
2026-04-18 04:48:59.929 [info] Got 1 sessions for ...
2026-04-18 04:49:00.077 [info] Getting sessions for all scopes...
2026-04-18 04:49:00.077 [info] Got 1 sessions for ...
2026-04-18 04:49:00.078 [info] Getting sessions for all scopes...
2026-04-18 04:49:00.078 [info] Got 1 sessions for ...
2026-04-18 04:49:00.078 [info] Getting sessions for all scopes...
2026-04-18 04:49:00.078 [info] Got 1 sessions for ...
2026-04-18 04:49:00.192 [info] Getting sessions for all scopes...
2026-04-18 04:49:00.192 [info] Got 1 sessions for ...
2026-04-18 04:49:00.738 [info] Getting sessions for read:user,repo,user:email,workflow...
2026-04-18 04:49:00.738 [info] Got 1 sessions for read:user,repo,user:email,workflow...
2026-04-18 04:49:01.785 [info] Getting sessions for all scopes...
2026-04-18 04:49:01.785 [info] Got 1 sessions for ...
2026-04-18 04:49:01.895 [info] Getting sessions for all scopes...
2026-04-18 04:49:01.895 [info] Got 1 sessions for ...
2026-04-18 04:49:02.469 [info] Getting sessions for read:user,repo,user:email,workflow...
2026-04-18 04:49:02.469 [info] Got 1 sessions for read:user,repo,user:email,workflow...
2026-04-18 04:49:03.271 [info] Getting sessions for all scopes...
2026-04-18 04:49:03.271 [info] Got 1 sessions for ...
2026-04-18 04:49:04.004 [info] Getting sessions for read:user,repo,user:email,workflow...
2026-04-18 04:49:04.004 [info] Got 1 sessions for read:user,repo,user:email,workflow...
2026-04-18 04:49:04.558 [info] Getting sessions for all scopes...
2026-04-18 04:49:04.558 [info] Got 1 sessions for ...
2026-04-18 04:49:05.199 [info] Getting sessions for read:user,repo,user:email,workflow...
2026-04-18 04:49:05.199 [info] Got 1 sessions for read:user,repo,user:email,workflow...
2026-04-18 04:50:19.288 [info] Getting sessions for all scopes...
2026-04-18 04:50:19.288 [info] Got 1 sessions for ...
2026-04-18 04:50:19.503 [info] Getting sessions for all scopes...
2026-04-18 04:50:19.503 [info] Got 1 sessions for ...
2026-04-18 04:50:22.870 [info] Getting sessions for all scopes...
2026-04-18 04:50:22.870 [info] Got 1 sessions for ...
2026-04-18 04:50:23.502 [info] Getting sessions for read:user,repo,user:email,workflow...
2026-04-18 04:50:23.502 [info] Got 1 sessions for read:user,repo,user:email,workflow...
2026-04-18 04:51:45.720 [info] Getting sessions for all scopes...
2026-04-18 04:51:45.720 [info] Got 1 sessions for ...
2026-04-18 04:51:45.924 [info] Getting sessions for all scopes...
2026-04-18 04:51:45.924 [info] Got 1 sessions for ...
2026-04-18 04:53:25.993 [info] Getting sessions for all scopes...
2026-04-18 04:53:25.993 [info] Got 1 sessions for ...
2026-04-18 04:53:26.198 [info] Getting sessions for all scopes...
2026-04-18 04:53:26.198 [info] Got 1 sessions for ...
2026-04-18 04:54:30.610 [info] Getting sessions for all scopes...
2026-04-18 04:54:30.610 [info] Got 1 sessions for ...
2026-04-18 04:54:30.869 [info] Getting sessions for all scopes...
2026-04-18 04:54:30.869 [info] Got 1 sessions for ...
2026-04-18 05:00:04.515 [info] Getting sessions for all scopes...
2026-04-18 05:00:04.515 [info] Got 1 sessions for ...
2026-04-18 05:00:04.729 [info] Getting sessions for all scopes...
2026-04-18 05:00:04.729 [info] Got 1 sessions for ...
2026-04-18 05:00:22.834 [info] Getting sessions for all scopes...
2026-04-18 05:00:22.834 [info] Got 1 sessions for ...
2026-04-18 05:00:23.479 [info] Getting sessions for read:user,repo,user:email,workflow...
2026-04-18 05:00:23.479 [info] Got 1 sessions for read:user,repo,user:email,workflow...
2026-04-18 05:03:43.745 [info] Getting sessions for all scopes...
2026-04-18 05:03:43.745 [info] Got 1 sessions for ...
2026-04-18 05:03:43.988 [info] Getting sessions for all scopes...
2026-04-18 05:03:43.989 [info] Got 1 sessions for ...
2026-04-18 05:07:09.659 [info] Getting sessions for all scopes...
2026-04-18 05:07:09.659 [info] Got 1 sessions for ...
2026-04-18 05:07:09.860 [info] Getting sessions for all scopes...
2026-04-18 05:07:09.860 [info] Got 1 sessions for ...
2026-04-18 05:10:24.490 [info] Getting sessions for all scopes...
2026-04-18 05:10:24.490 [info] Got 1 sessions for ...
2026-04-18 05:10:25.110 [info] Getting sessions for read:user,repo,user:email,workflow...
2026-04-18 05:10:25.110 [info] Got 1 sessions for read:user,repo,user:email,workflow...
2026-04-18 05:10:33.095 [info] Getting sessions for all scopes...
2026-04-18 05:10:33.095 [info] Got 1 sessions for ...
2026-04-18 05:10:33.798 [info] Getting sessions for read:user,repo,user:email,workflow...
2026-04-18 05:10:33.798 [info] Got 1 sessions for read:user,repo,user:email,workflow...
2026-04-18 05:10:35.039 [info] Getting sessions for all scopes...
2026-04-18 05:10:35.040 [info] Got 1 sessions for ...
2026-04-18 05:10:35.040 [info] Getting sessions for all scopes...
2026-04-18 05:10:35.040 [info] Got 1 sessions for ...
2026-04-18 05:10:35.647 [info] Getting sessions for read:user,repo,user:email,workflow...
2026-04-18 05:10:35.647 [info] Got 1 sessions for read:user,repo,user:email,workflow...
2026-04-18 05:10:36.284 [info] Getting sessions for all scopes...
2026-04-18 05:10:36.284 [info] Got 1 sessions for ...
2026-04-18 05:10:36.904 [info] Getting sessions for read:user,repo,user:email,workflow...
2026-04-18 05:10:36.904 [info] Got 1 sessions for read:user,repo,user:email,workflow...
2026-04-18 05:14:35.271 [info] Getting sessions for all scopes...
2026-04-18 05:14:35.271 [info] Got 1 sessions for ...
2026-04-18 05:14:35.930 [info] Getting sessions for read:user,repo,user:email,workflow...
2026-04-18 05:14:35.930 [info] Got 1 sessions for read:user,repo,user:email,workflow...
2026-04-18 05:14:39.508 [info] Getting sessions for all scopes...
2026-04-18 05:14:39.508 [info] Got 1 sessions for ...
2026-04-18 05:14:40.124 [info] Getting sessions for read:user,repo,user:email,workflow...
2026-04-18 05:14:40.124 [info] Got 1 sessions for read:user,repo,user:email,workflow...
2026-04-18 05:16:14.236 [info] Getting sessions for all scopes...
2026-04-18 05:16:14.236 [info] Got 1 sessions for ...
2026-04-18 05:16:14.481 [info] Getting sessions for all scopes...
2026-04-18 05:16:14.481 [info] Got 1 sessions for ...
2026-04-18 05:17:45.275 [info] Getting sessions for all scopes...
2026-04-18 05:17:45.275 [info] Got 1 sessions for ...
2026-04-18 05:17:45.481 [info] Getting sessions for all scopes...
2026-04-18 05:17:45.481 [info] Got 1 sessions for ...
2026-04-18 05:18:03.643 [info] Getting sessions for all scopes...
2026-04-18 05:18:03.643 [info] Got 1 sessions for ...
2026-04-18 05:18:03.917 [info] Getting sessions for all scopes...
2026-04-18 05:18:03.917 [info] Got 1 sessions for ...
2026-04-18 05:18:05.905 [info] Getting sessions for all scopes...
2026-04-18 05:18:05.905 [info] Got 1 sessions for ...
2026-04-18 05:18:06.129 [info] Getting sessions for all scopes...
2026-04-18 05:18:06.129 [info] Got 1 sessions for ...
2026-04-18 05:18:12.241 [info] Getting sessions for all scopes...
2026-04-18 05:18:12.241 [info] Got 1 sessions for ...
2026-04-18 05:18:12.448 [info] Getting sessions for all scopes...
2026-04-18 05:18:12.448 [info] Got 1 sessions for ...
2026-04-18 05:18:15.472 [info] Getting sessions for all scopes...
2026-04-18 05:18:15.473 [info] Got 1 sessions for ...
2026-04-18 05:18:15.675 [info] Getting sessions for all scopes...
2026-04-18 05:18:15.675 [info] Got 1 sessions for ...
2026-04-18 05:18:16.451 [info] Getting sessions for all scopes...
2026-04-18 05:18:16.451 [info] Got 1 sessions for ...
2026-04-18 05:18:16.656 [info] Getting sessions for all scopes...
2026-04-18 05:18:16.656 [info] Got 1 sessions for ...
2026-04-18 05:18:16.975 [info] Getting sessions for all scopes...
2026-04-18 05:18:16.975 [info] Got 1 sessions for ...
2026-04-18 05:18:17.180 [info] Getting sessions for all scopes...
2026-04-18 05:18:17.180 [info] Got 1 sessions for ...
2026-04-18 05:20:24.615 [info] Getting sessions for all scopes...
2026-04-18 05:20:24.615 [info] Got 1 sessions for ...
2026-04-18 05:20:25.333 [info] Getting sessions for read:user,repo,user:email,workflow...
2026-04-18 05:20:25.333 [info] Got 1 sessions for read:user,repo,user:email,workflow...
2026-04-18 05:30:24.483 [info] Getting sessions for all scopes...
2026-04-18 05:30:24.483 [info] Got 1 sessions for ...
2026-04-18 05:30:25.098 [info] Getting sessions for read:user,repo,user:email,workflow...
2026-04-18 05:30:25.098 [info] Got 1 sessions for read:user,repo,user:email,workflow...
2026-04-18 05:32:55.695 [info] Getting sessions for all scopes...
2026-04-18 05:32:55.695 [info] Got 1 sessions for ...
2026-04-18 05:32:56.350 [info] Getting sessions for read:user,repo,user:email,workflow...
2026-04-18 05:32:56.350 [info] Got 1 sessions for read:user,repo,user:email,workflow...
2026-04-18 05:32:56.901 [info] Getting sessions for all scopes...
2026-04-18 05:32:56.901 [info] Got 1 sessions for ...
2026-04-18 05:32:57.171 [info] Getting sessions for all scopes...
2026-04-18 05:32:57.171 [info] Got 1 sessions for ...
2026-04-18 05:32:57.703 [info] Getting sessions for all scopes...
2026-04-18 05:32:57.704 [info] Got 1 sessions for ...
2026-04-18 05:32:57.704 [info] Getting sessions for all scopes...
2026-04-18 05:32:57.704 [info] Got 1 sessions for ...
2026-04-18 05:32:58.491 [info] Getting sessions for read:user,repo,user:email,workflow...
2026-04-18 05:32:58.491 [info] Got 1 sessions for read:user,repo,user:email,workflow...
2026-04-18 05:32:59.049 [info] Getting sessions for all scopes...
2026-04-18 05:32:59.049 [info] Got 1 sessions for ...
2026-04-18 05:32:59.120 [info] Getting sessions for all scopes...
2026-04-18 05:32:59.120 [info] Got 1 sessions for ...
2026-04-18 05:32:59.250 [info] Getting sessions for all scopes...
2026-04-18 05:32:59.250 [info] Got 1 sessions for ...
2026-04-18 05:32:59.802 [info] Getting sessions for read:user,repo,user:email,workflow...
2026-04-18 05:32:59.802 [info] Got 1 sessions for read:user,repo,user:email,workflow...
2026-04-18 05:36:46.639 [info] Getting sessions for all scopes...
2026-04-18 05:36:46.640 [info] Got 1 sessions for ...
2026-04-18 05:36:47.002 [info] Getting sessions for all scopes...
2026-04-18 05:36:47.002 [info] Got 1 sessions for ...
2026-04-18 05:38:15.109 [info] Getting sessions for all scopes...
2026-04-18 05:38:15.109 [info] Got 1 sessions for ...
2026-04-18 05:38:15.332 [info] Getting sessions for all scopes...
2026-04-18 05:38:15.332 [info] Got 1 sessions for ...
2026-04-18 05:40:24.499 [info] Getting sessions for all scopes...
2026-04-18 05:40:24.499 [info] Got 1 sessions for ...
2026-04-18 05:40:25.371 [info] Getting sessions for read:user,repo,user:email,workflow...
2026-04-18 05:40:25.371 [info] Got 1 sessions for read:user,repo,user:email,workflow...
2026-04-18 05:45:05.754 [info] Getting sessions for all scopes...
2026-04-18 05:45:05.754 [info] Got 1 sessions for ...
2026-04-18 05:45:05.959 [info] Getting sessions for all scopes...
2026-04-18 05:45:05.959 [info] Got 1 sessions for ...
