2026-04-17 15:52:01.146 [info] [main] Log level: Info
2026-04-17 15:52:01.146 [info] [main] Validating found git in: "git"
2026-04-17 15:52:01.146 [info] [main] Using git "2.30.2" from "git"
2026-04-17 15:52:01.146 [info] [Model][doInitialScan] Initial repository scan started
2026-04-17 15:52:01.146 [info] > git rev-parse --show-toplevel [2ms]
2026-04-17 15:52:01.146 [info] fatal: not a git repository (or any of the parent directories): .git
2026-04-17 15:52:01.146 [info] > git rev-parse --show-toplevel [1ms]
2026-04-17 15:52:01.146 [info] fatal: not a git repository (or any of the parent directories): .git
2026-04-17 15:52:01.146 [info] > git rev-parse --show-toplevel [1ms]
2026-04-17 15:52:01.146 [info] fatal: not a git repository (or any of the parent directories): .git
2026-04-17 15:52:01.146 [info] > git rev-parse --show-toplevel [0ms]
2026-04-17 15:52:01.146 [info] fatal: not a git repository (or any of the parent directories): .git
2026-04-17 15:52:01.146 [info] [Model][doInitialScan] Initial repository scan completed - repositories (0), closed repositories (0), parent repositories (0), unsafe repositories (0)
2026-04-17 15:54:02.672 [info] > git rev-parse --show-toplevel [2ms]
2026-04-17 15:54:02.672 [info] fatal: not a git repository (or any of the parent directories): .git
2026-04-17 15:54:03.453 [info] > git rev-parse --show-toplevel [2ms]
2026-04-17 15:54:03.453 [info] fatal: not a git repository (or any of the parent directories): .git
2026-04-17 15:54:35.493 [info] > git rev-parse --show-toplevel [1ms]
2026-04-17 15:54:35.493 [info] fatal: not a git repository (or any of the parent directories): .git
2026-04-17 15:55:59.158 [info] > git rev-parse --show-toplevel [1ms]
2026-04-17 15:55:59.158 [info] fatal: not a git repository (or any of the parent directories): .git
2026-04-17 15:56:57.101 [warning] [Model][getRepositoryExact] Failed to get repository realpath for: "/home/user/.local/share/code-server/extensions/.9e111c6c-dd41-4912-8953-6cb64489b44a/". Error:Error: ENOENT: no such file or directory, realpath '/home/user/.local/share/code-server/extensions/.9e111c6c-dd41-4912-8953-6cb64489b44a/'
2026-04-17 15:56:57.634 [warning] [Model][getRepositoryExact] Failed to get repository realpath for: "/home/user/.local/share/code-server/extensions/.3d0765c2-8681-497f-bd7a-79dd6ad52a9b/bundled/libs/debugpy/_vendored/pydevd/_pydevd_frame_eval/". Error:Error: ENOENT: no such file or directory, realpath '/home/user/.local/share/code-server/extensions/.3d0765c2-8681-497f-bd7a-79dd6ad52a9b/bundled/libs/debugpy/_vendored/pydevd/_pydevd_frame_eval/'
2026-04-17 15:56:57.638 [warning] [Model][getRepositoryExact] Failed to get repository realpath for: "/home/user/.local/share/code-server/extensions/.3d0765c2-8681-497f-bd7a-79dd6ad52a9b/bundled/libs/debugpy/_vendored/pydevd/pydevd_attach_to_process/linux_and_mac/". Error:Error: ENOENT: no such file or directory, realpath '/home/user/.local/share/code-server/extensions/.3d0765c2-8681-497f-bd7a-79dd6ad52a9b/bundled/libs/debugpy/_vendored/pydevd/pydevd_attach_to_process/linux_and_mac/'
2026-04-17 15:56:59.416 [info] > git rev-parse --show-toplevel [1ms]
2026-04-17 15:56:59.416 [info] fatal: not a git repository (or any of the parent directories): .git
2026-04-17 15:57:03.795 [info] > git rev-parse --show-toplevel [1ms]
2026-04-17 15:57:03.795 [info] fatal: not a git repository (or any of the parent directories): .git
2026-04-17 15:57:39.001 [info] > git rev-parse --show-toplevel [2ms]
2026-04-17 15:57:39.001 [info] fatal: not a git repository (or any of the parent directories): .git
2026-04-17 15:57:50.763 [info] > git rev-parse --show-toplevel [1ms]
2026-04-17 15:57:50.763 [info] fatal: not a git repository (or any of the parent directories): .git
2026-04-17 15:58:01.936 [info] > git rev-parse --show-toplevel [2ms]
2026-04-17 15:58:01.937 [info] fatal: not a git repository (or any of the parent directories): .git
2026-04-17 15:58:10.012 [info] > git rev-parse --show-toplevel [1ms]
2026-04-17 15:58:10.012 [info] fatal: not a git repository (or any of the parent directories): .git
2026-04-17 15:59:19.371 [info] > git init -b main [6ms]
2026-04-17 15:59:19.375 [info] > git rev-parse --show-toplevel [1ms]
2026-04-17 15:59:19.381 [info] > git rev-parse --git-dir --git-common-dir --show-superproject-working-tree [2ms]
2026-04-17 15:59:19.605 [info] [Model][openRepository] Opened repository (path): /home/user
2026-04-17 15:59:19.605 [info] [Model][openRepository] Opened repository (real path): /home/user
2026-04-17 15:59:19.605 [info] [Model][openRepository] Opened repository (kind): repository
2026-04-17 15:59:19.612 [info] [Git][getRemotes] No remotes found in the git config file
2026-04-17 15:59:19.613 [info] > git config --get commit.template [4ms]
2026-04-17 15:59:19.613 [info] > git for-each-ref --format=%(refname)%00%(upstream:short)%00%(objectname)%00%(upstream:track)%00%(upstream:remotename)%00%(upstream:remoteref) refs/heads/main refs/remotes/main [1ms]
2026-04-17 15:59:19.613 [warning] [Git][getBranch] No such branch: main
2026-04-17 15:59:19.622 [info] > git for-each-ref --sort -committerdate --format %(refname)%00%(objectname)%00%(*objectname) [2ms]
2026-04-17 15:59:19.636 [info] > git status -z -uall [20ms]
2026-04-17 15:59:19.697 [info] > git for-each-ref --format=%(refname)%00%(upstream:short)%00%(objectname)%00%(upstream:track)%00%(upstream:remotename)%00%(upstream:remoteref) refs/heads/main refs/remotes/main [6ms]
2026-04-17 15:59:19.697 [warning] [Git][getBranch] No such branch: main
2026-04-17 15:59:19.698 [error] [GitHistoryProvider][resolveHEADMergeBase] Failed to resolve merge base for main: Error: No such branch: main.
2026-04-17 15:59:19.699 [info] > git config --get commit.template [3ms]
2026-04-17 15:59:20.131 [info] [Git][getRemotes] No remotes found in the git config file
2026-04-17 15:59:20.134 [info] > git for-each-ref --format=%(refname)%00%(upstream:short)%00%(objectname)%00%(upstream:track)%00%(upstream:remotename)%00%(upstream:remoteref) refs/heads/main refs/remotes/main [3ms]
2026-04-17 15:59:20.134 [warning] [Git][getBranch] No such branch: main
2026-04-17 15:59:20.141 [info] > git for-each-ref --sort -committerdate --format %(refname)%00%(objectname)%00%(*objectname) [2ms]
2026-04-17 15:59:20.153 [info] > git status -z -uall [17ms]
2026-04-17 15:59:20.751 [info] > git log --format=%H%n%aN%n%aE%n%at%n%ct%n%P%n%D%n%B -z --shortstat -n50 --skip=0 --topo-order --decorate=full --stdin [3ms]
2026-04-17 15:59:20.751 [info] fatal: bad revision 'refs/heads/main'
2026-04-17 15:59:20.751 [error] [GitHistoryProvider][provideHistoryItems] Failed to get history items with options '{"historyItemRefs":["refs/heads/main"],"limit":50,"skip":0}': Failed to execute git {
  "exitCode": 128,
  "gitCommand": "log",
  "stdout": "",
  "stderr": "fatal: bad revision 'refs/heads/main'\n"
}
2026-04-17 15:59:21.096 [info] > git check-ignore -v -z --stdin [1ms]
2026-04-17 15:59:21.754 [info] > git check-ignore -v -z --stdin [1ms]
2026-04-17 15:59:22.573 [info] [Git][getRemotes] No remotes found in the git config file
2026-04-17 15:59:22.574 [info] > git config --get commit.template [4ms]
2026-04-17 15:59:22.574 [info] > git for-each-ref --format=%(refname)%00%(upstream:short)%00%(objectname)%00%(upstream:track)%00%(upstream:remotename)%00%(upstream:remoteref) refs/heads/main refs/remotes/main [1ms]
2026-04-17 15:59:22.574 [warning] [Git][getBranch] No such branch: main
2026-04-17 15:59:22.580 [info] > git for-each-ref --sort -committerdate --format %(refname)%00%(objectname)%00%(*objectname) [1ms]
2026-04-17 15:59:22.592 [info] > git status -z -uall [16ms]
2026-04-17 15:59:27.625 [info] [Git][getRemotes] No remotes found in the git config file
2026-04-17 15:59:27.626 [info] > git config --get commit.template [4ms]
2026-04-17 15:59:27.626 [info] > git for-each-ref --format=%(refname)%00%(upstream:short)%00%(objectname)%00%(upstream:track)%00%(upstream:remotename)%00%(upstream:remoteref) refs/heads/main refs/remotes/main [1ms]
2026-04-17 15:59:27.626 [warning] [Git][getBranch] No such branch: main
2026-04-17 15:59:27.632 [info] > git for-each-ref --sort -committerdate --format %(refname)%00%(objectname)%00%(*objectname) [1ms]
2026-04-17 15:59:27.645 [info] > git status -z -uall [15ms]
2026-04-17 15:59:29.048 [info] > git check-ignore -v -z --stdin [1ms]
2026-04-17 15:59:32.625 [info] > git check-ignore -v -z --stdin [1ms]
2026-04-17 15:59:32.669 [info] [Git][getRemotes] No remotes found in the git config file
2026-04-17 15:59:32.672 [info] > git config --get commit.template [4ms]
2026-04-17 15:59:32.672 [info] > git for-each-ref --format=%(refname)%00%(upstream:short)%00%(objectname)%00%(upstream:track)%00%(upstream:remotename)%00%(upstream:remoteref) refs/heads/main refs/remotes/main [1ms]
2026-04-17 15:59:32.672 [warning] [Git][getBranch] No such branch: main
2026-04-17 15:59:32.678 [info] > git for-each-ref --sort -committerdate --format %(refname)%00%(objectname)%00%(*objectname) [1ms]
2026-04-17 15:59:32.687 [info] > git status -z -uall [12ms]
2026-04-17 15:59:33.686 [info] > git check-ignore -v -z --stdin [1ms]
2026-04-17 15:59:35.057 [info] > git check-ignore -v -z --stdin [2ms]
2026-04-17 15:59:35.738 [info] > git check-ignore -v -z --stdin [1ms]
2026-04-17 15:59:37.714 [info] [Git][getRemotes] No remotes found in the git config file
2026-04-17 15:59:37.718 [info] > git config --get commit.template [4ms]
2026-04-17 15:59:37.718 [info] > git for-each-ref --format=%(refname)%00%(upstream:short)%00%(objectname)%00%(upstream:track)%00%(upstream:remotename)%00%(upstream:remoteref) refs/heads/main refs/remotes/main [1ms]
2026-04-17 15:59:37.718 [warning] [Git][getBranch] No such branch: main
2026-04-17 15:59:37.725 [info] > git for-each-ref --sort -committerdate --format %(refname)%00%(objectname)%00%(*objectname) [1ms]
2026-04-17 15:59:37.734 [info] > git status -z -uall [13ms]
2026-04-17 15:59:41.445 [info] > git check-ignore -v -z --stdin [1ms]
2026-04-17 15:59:42.779 [info] [Git][getRemotes] No remotes found in the git config file
2026-04-17 15:59:42.779 [info] > git config --get commit.template [3ms]
2026-04-17 15:59:42.779 [info] > git for-each-ref --format=%(refname)%00%(upstream:short)%00%(objectname)%00%(upstream:track)%00%(upstream:remotename)%00%(upstream:remoteref) refs/heads/main refs/remotes/main [1ms]
2026-04-17 15:59:42.779 [warning] [Git][getBranch] No such branch: main
2026-04-17 15:59:42.785 [info] > git for-each-ref --sort -committerdate --format %(refname)%00%(objectname)%00%(*objectname) [1ms]
2026-04-17 15:59:42.795 [info] > git status -z -uall [14ms]
2026-04-17 15:59:42.831 [info] > git check-ignore -v -z --stdin [1ms]
2026-04-17 15:59:47.686 [info] > git check-ignore -v -z --stdin [1ms]
2026-04-17 15:59:47.827 [info] [Git][getRemotes] No remotes found in the git config file
2026-04-17 15:59:47.828 [info] > git config --get commit.template [5ms]
2026-04-17 15:59:47.828 [info] > git for-each-ref --format=%(refname)%00%(upstream:short)%00%(objectname)%00%(upstream:track)%00%(upstream:remotename)%00%(upstream:remoteref) refs/heads/main refs/remotes/main [1ms]
2026-04-17 15:59:47.828 [warning] [Git][getBranch] No such branch: main
2026-04-17 15:59:47.835 [info] > git for-each-ref --sort -committerdate --format %(refname)%00%(objectname)%00%(*objectname) [1ms]
2026-04-17 15:59:47.844 [info] > git status -z -uall [13ms]
2026-04-17 15:59:52.884 [info] [Git][getRemotes] No remotes found in the git config file
2026-04-17 15:59:52.884 [info] > git config --get commit.template [3ms]
2026-04-17 15:59:52.885 [info] > git for-each-ref --format=%(refname)%00%(upstream:short)%00%(objectname)%00%(upstream:track)%00%(upstream:remotename)%00%(upstream:remoteref) refs/heads/main refs/remotes/main [1ms]
2026-04-17 15:59:52.885 [warning] [Git][getBranch] No such branch: main
2026-04-17 15:59:52.891 [info] > git for-each-ref --sort -committerdate --format %(refname)%00%(objectname)%00%(*objectname) [1ms]
2026-04-17 15:59:52.900 [info] > git status -z -uall [13ms]
2026-04-17 15:59:57.938 [info] [Git][getRemotes] No remotes found in the git config file
2026-04-17 15:59:57.938 [info] > git config --get commit.template [4ms]
2026-04-17 15:59:57.939 [info] > git for-each-ref --format=%(refname)%00%(upstream:short)%00%(objectname)%00%(upstream:track)%00%(upstream:remotename)%00%(upstream:remoteref) refs/heads/main refs/remotes/main [2ms]
2026-04-17 15:59:57.939 [warning] [Git][getBranch] No such branch: main
2026-04-17 15:59:57.945 [info] > git for-each-ref --sort -committerdate --format %(refname)%00%(objectname)%00%(*objectname) [1ms]
2026-04-17 15:59:57.954 [info] > git status -z -uall [13ms]
2026-04-17 16:00:03.731 [info] [Git][getRemotes] No remotes found in the git config file
2026-04-17 16:00:03.735 [info] > git config --get commit.template [4ms]
2026-04-17 16:00:03.735 [info] > git for-each-ref --format=%(refname)%00%(upstream:short)%00%(objectname)%00%(upstream:track)%00%(upstream:remotename)%00%(upstream:remoteref) refs/heads/main refs/remotes/main [1ms]
2026-04-17 16:00:03.735 [warning] [Git][getBranch] No such branch: main
2026-04-17 16:00:03.742 [info] > git for-each-ref --sort -committerdate --format %(refname)%00%(objectname)%00%(*objectname) [1ms]
2026-04-17 16:00:03.751 [info] > git status -z -uall [13ms]
2026-04-17 16:00:08.781 [info] [Git][getRemotes] No remotes found in the git config file
2026-04-17 16:00:08.781 [info] > git config --get commit.template [4ms]
2026-04-17 16:00:08.782 [info] > git for-each-ref --format=%(refname)%00%(upstream:short)%00%(objectname)%00%(upstream:track)%00%(upstream:remotename)%00%(upstream:remoteref) refs/heads/main refs/remotes/main [2ms]
2026-04-17 16:00:08.782 [warning] [Git][getBranch] No such branch: main
2026-04-17 16:00:08.788 [info] > git for-each-ref --sort -committerdate --format %(refname)%00%(objectname)%00%(*objectname) [1ms]
2026-04-17 16:00:08.797 [info] > git status -z -uall [13ms]
2026-04-17 16:00:16.656 [info] [Git][getRemotes] No remotes found in the git config file
2026-04-17 16:00:16.657 [info] > git config --get commit.template [5ms]
2026-04-17 16:00:16.657 [info] > git for-each-ref --format=%(refname)%00%(upstream:short)%00%(objectname)%00%(upstream:track)%00%(upstream:remotename)%00%(upstream:remoteref) refs/heads/main refs/remotes/main [1ms]
2026-04-17 16:00:16.657 [warning] [Git][getBranch] No such branch: main
2026-04-17 16:00:16.664 [info] > git for-each-ref --sort -committerdate --format %(refname)%00%(objectname)%00%(*objectname) [0ms]
2026-04-17 16:00:16.673 [info] > git status -z -uall [13ms]
2026-04-17 16:00:21.713 [info] [Git][getRemotes] No remotes found in the git config file
2026-04-17 16:00:21.713 [info] > git config --get commit.template [4ms]
2026-04-17 16:00:21.713 [info] > git for-each-ref --format=%(refname)%00%(upstream:short)%00%(objectname)%00%(upstream:track)%00%(upstream:remotename)%00%(upstream:remoteref) refs/heads/main refs/remotes/main [0ms]
2026-04-17 16:00:21.714 [warning] [Git][getBranch] No such branch: main
2026-04-17 16:00:21.720 [info] > git for-each-ref --sort -committerdate --format %(refname)%00%(objectname)%00%(*objectname) [1ms]
2026-04-17 16:00:21.730 [info] > git status -z -uall [14ms]
2026-04-17 16:01:22.042 [info] > git config --get commit.template [1ms]
2026-04-17 16:01:22.045 [info] [Git][getRemotes] No remotes found in the git config file
2026-04-17 16:01:22.046 [info] > git for-each-ref --format=%(refname)%00%(upstream:short)%00%(objectname)%00%(upstream:track)%00%(upstream:remotename)%00%(upstream:remoteref) refs/heads/main refs/remotes/main [1ms]
2026-04-17 16:01:22.046 [warning] [Git][getBranch] No such branch: main
2026-04-17 16:01:22.052 [info] > git for-each-ref --sort -committerdate --format %(refname)%00%(objectname)%00%(*objectname) [1ms]
2026-04-17 16:01:22.065 [info] > git status -z -uall [17ms]
2026-04-17 16:01:27.105 [info] [Git][getRemotes] No remotes found in the git config file
2026-04-17 16:01:27.108 [info] > git config --get commit.template [4ms]
2026-04-17 16:01:27.108 [info] > git for-each-ref --format=%(refname)%00%(upstream:short)%00%(objectname)%00%(upstream:track)%00%(upstream:remotename)%00%(upstream:remoteref) refs/heads/main refs/remotes/main [1ms]
2026-04-17 16:01:27.108 [warning] [Git][getBranch] No such branch: main
2026-04-17 16:01:27.114 [info] > git for-each-ref --sort -committerdate --format %(refname)%00%(objectname)%00%(*objectname) [1ms]
2026-04-17 16:01:27.124 [info] > git status -z -uall [14ms]
2026-04-17 16:01:32.157 [info] [Git][getRemotes] No remotes found in the git config file
2026-04-17 16:01:32.157 [info] > git config --get commit.template [4ms]
2026-04-17 16:01:32.158 [info] > git for-each-ref --format=%(refname)%00%(upstream:short)%00%(objectname)%00%(upstream:track)%00%(upstream:remotename)%00%(upstream:remoteref) refs/heads/main refs/remotes/main [2ms]
2026-04-17 16:01:32.158 [warning] [Git][getBranch] No such branch: main
2026-04-17 16:01:32.165 [info] > git for-each-ref --sort -committerdate --format %(refname)%00%(objectname)%00%(*objectname) [1ms]
2026-04-17 16:01:32.174 [info] > git status -z -uall [13ms]
2026-04-17 16:01:37.897 [info] [Git][getRemotes] No remotes found in the git config file
2026-04-17 16:01:37.897 [info] > git config --get commit.template [5ms]
2026-04-17 16:01:37.898 [info] > git for-each-ref --format=%(refname)%00%(upstream:short)%00%(objectname)%00%(upstream:track)%00%(upstream:remotename)%00%(upstream:remoteref) refs/heads/main refs/remotes/main [2ms]
2026-04-17 16:01:37.898 [warning] [Git][getBranch] No such branch: main
2026-04-17 16:01:37.906 [info] > git for-each-ref --sort -committerdate --format %(refname)%00%(objectname)%00%(*objectname) [1ms]
2026-04-17 16:01:37.914 [info] > git status -z -uall [13ms]
2026-04-17 16:01:42.950 [info] [Git][getRemotes] No remotes found in the git config file
2026-04-17 16:01:42.951 [info] > git config --get commit.template [4ms]
2026-04-17 16:01:42.951 [info] > git for-each-ref --format=%(refname)%00%(upstream:short)%00%(objectname)%00%(upstream:track)%00%(upstream:remotename)%00%(upstream:remoteref) refs/heads/main refs/remotes/main [1ms]
2026-04-17 16:01:42.951 [warning] [Git][getBranch] No such branch: main
2026-04-17 16:01:42.957 [info] > git for-each-ref --sort -committerdate --format %(refname)%00%(objectname)%00%(*objectname) [1ms]
2026-04-17 16:01:42.966 [info] > git status -z -uall [12ms]
2026-04-17 16:01:47.999 [info] [Git][getRemotes] No remotes found in the git config file
2026-04-17 16:01:48.000 [info] > git config --get commit.template [4ms]
2026-04-17 16:01:48.000 [info] > git for-each-ref --format=%(refname)%00%(upstream:short)%00%(objectname)%00%(upstream:track)%00%(upstream:remotename)%00%(upstream:remoteref) refs/heads/main refs/remotes/main [1ms]
2026-04-17 16:01:48.000 [warning] [Git][getBranch] No such branch: main
2026-04-17 16:01:48.007 [info] > git for-each-ref --sort -committerdate --format %(refname)%00%(objectname)%00%(*objectname) [1ms]
2026-04-17 16:01:48.015 [info] > git status -z -uall [12ms]
2026-04-17 16:01:53.055 [info] [Git][getRemotes] No remotes found in the git config file
2026-04-17 16:01:53.055 [info] > git config --get commit.template [4ms]
2026-04-17 16:01:53.056 [info] > git for-each-ref --format=%(refname)%00%(upstream:short)%00%(objectname)%00%(upstream:track)%00%(upstream:remotename)%00%(upstream:remoteref) refs/heads/main refs/remotes/main [1ms]
2026-04-17 16:01:53.056 [warning] [Git][getBranch] No such branch: main
2026-04-17 16:01:53.063 [info] > git for-each-ref --sort -committerdate --format %(refname)%00%(objectname)%00%(*objectname) [1ms]
2026-04-17 16:01:53.072 [info] > git status -z -uall [13ms]
2026-04-17 16:01:58.099 [info] [Git][getRemotes] No remotes found in the git config file
2026-04-17 16:01:58.099 [info] > git config --get commit.template [4ms]
2026-04-17 16:01:58.099 [info] > git for-each-ref --format=%(refname)%00%(upstream:short)%00%(objectname)%00%(upstream:track)%00%(upstream:remotename)%00%(upstream:remoteref) refs/heads/main refs/remotes/main [1ms]
2026-04-17 16:01:58.099 [warning] [Git][getBranch] No such branch: main
2026-04-17 16:01:58.107 [info] > git for-each-ref --sort -committerdate --format %(refname)%00%(objectname)%00%(*objectname) [1ms]
2026-04-17 16:01:58.117 [info] > git status -z -uall [14ms]
2026-04-17 16:02:03.145 [info] [Git][getRemotes] No remotes found in the git config file
2026-04-17 16:02:03.148 [info] > git config --get commit.template [4ms]
2026-04-17 16:02:03.149 [info] > git for-each-ref --format=%(refname)%00%(upstream:short)%00%(objectname)%00%(upstream:track)%00%(upstream:remotename)%00%(upstream:remoteref) refs/heads/main refs/remotes/main [1ms]
2026-04-17 16:02:03.149 [warning] [Git][getBranch] No such branch: main
2026-04-17 16:02:03.155 [info] > git for-each-ref --sort -committerdate --format %(refname)%00%(objectname)%00%(*objectname) [1ms]
2026-04-17 16:02:03.164 [info] > git status -z -uall [13ms]
2026-04-17 16:02:08.192 [info] [Git][getRemotes] No remotes found in the git config file
2026-04-17 16:02:08.193 [info] > git config --get commit.template [5ms]
2026-04-17 16:02:08.193 [info] > git for-each-ref --format=%(refname)%00%(upstream:short)%00%(objectname)%00%(upstream:track)%00%(upstream:remotename)%00%(upstream:remoteref) refs/heads/main refs/remotes/main [1ms]
2026-04-17 16:02:08.193 [warning] [Git][getBranch] No such branch: main
2026-04-17 16:02:08.201 [info] > git for-each-ref --sort -committerdate --format %(refname)%00%(objectname)%00%(*objectname) [1ms]
2026-04-17 16:02:08.210 [info] > git status -z -uall [14ms]
2026-04-17 16:02:13.238 [info] [Git][getRemotes] No remotes found in the git config file
2026-04-17 16:02:13.238 [info] > git config --get commit.template [4ms]
2026-04-17 16:02:13.238 [info] > git for-each-ref --format=%(refname)%00%(upstream:short)%00%(objectname)%00%(upstream:track)%00%(upstream:remotename)%00%(upstream:remoteref) refs/heads/main refs/remotes/main [1ms]
2026-04-17 16:02:13.238 [warning] [Git][getBranch] No such branch: main
2026-04-17 16:02:13.244 [info] > git for-each-ref --sort -committerdate --format %(refname)%00%(objectname)%00%(*objectname) [0ms]
2026-04-17 16:02:13.254 [info] > git status -z -uall [13ms]
2026-04-17 16:02:18.282 [info] [Git][getRemotes] No remotes found in the git config file
2026-04-17 16:02:18.283 [info] > git config --get commit.template [3ms]
2026-04-17 16:02:18.283 [info] > git for-each-ref --format=%(refname)%00%(upstream:short)%00%(objectname)%00%(upstream:track)%00%(upstream:remotename)%00%(upstream:remoteref) refs/heads/main refs/remotes/main [1ms]
2026-04-17 16:02:18.283 [warning] [Git][getBranch] No such branch: main
2026-04-17 16:02:18.291 [info] > git for-each-ref --sort -committerdate --format %(refname)%00%(objectname)%00%(*objectname) [2ms]
2026-04-17 16:02:18.303 [info] > git status -z -uall [18ms]
2026-04-17 16:02:24.186 [info] [Git][getRemotes] No remotes found in the git config file
2026-04-17 16:02:24.190 [info] > git config --get commit.template [4ms]
2026-04-17 16:02:24.190 [info] > git for-each-ref --format=%(refname)%00%(upstream:short)%00%(objectname)%00%(upstream:track)%00%(upstream:remotename)%00%(upstream:remoteref) refs/heads/main refs/remotes/main [1ms]
2026-04-17 16:02:24.190 [warning] [Git][getBranch] No such branch: main
2026-04-17 16:02:24.197 [info] > git for-each-ref --sort -committerdate --format %(refname)%00%(objectname)%00%(*objectname) [0ms]
2026-04-17 16:02:24.207 [info] > git status -z -uall [14ms]
2026-04-17 16:02:29.252 [info] [Git][getRemotes] No remotes found in the git config file
2026-04-17 16:02:29.252 [info] > git config --get commit.template [3ms]
2026-04-17 16:02:29.253 [info] > git for-each-ref --format=%(refname)%00%(upstream:short)%00%(objectname)%00%(upstream:track)%00%(upstream:remotename)%00%(upstream:remoteref) refs/heads/main refs/remotes/main [1ms]
2026-04-17 16:02:29.253 [warning] [Git][getBranch] No such branch: main
2026-04-17 16:02:29.259 [info] > git for-each-ref --sort -committerdate --format %(refname)%00%(objectname)%00%(*objectname) [1ms]
2026-04-17 16:02:29.268 [info] > git status -z -uall [13ms]
2026-04-17 16:02:34.298 [info] [Git][getRemotes] No remotes found in the git config file
2026-04-17 16:02:34.298 [info] > git config --get commit.template [3ms]
2026-04-17 16:02:34.298 [info] > git for-each-ref --format=%(refname)%00%(upstream:short)%00%(objectname)%00%(upstream:track)%00%(upstream:remotename)%00%(upstream:remoteref) refs/heads/main refs/remotes/main [1ms]
2026-04-17 16:02:34.298 [warning] [Git][getBranch] No such branch: main
2026-04-17 16:02:34.304 [info] > git for-each-ref --sort -committerdate --format %(refname)%00%(objectname)%00%(*objectname) [1ms]
2026-04-17 16:02:34.314 [info] > git status -z -uall [13ms]
2026-04-17 16:02:39.346 [info] [Git][getRemotes] No remotes found in the git config file
2026-04-17 16:02:39.348 [info] > git config --get commit.template [5ms]
2026-04-17 16:02:39.348 [info] > git for-each-ref --format=%(refname)%00%(upstream:short)%00%(objectname)%00%(upstream:track)%00%(upstream:remotename)%00%(upstream:remoteref) refs/heads/main refs/remotes/main [2ms]
2026-04-17 16:02:39.348 [warning] [Git][getBranch] No such branch: main
2026-04-17 16:02:39.356 [info] > git for-each-ref --sort -committerdate --format %(refname)%00%(objectname)%00%(*objectname) [1ms]
2026-04-17 16:02:39.367 [info] > git status -z -uall [16ms]
2026-04-17 16:02:44.398 [info] [Git][getRemotes] No remotes found in the git config file
2026-04-17 16:02:44.398 [info] > git config --get commit.template [3ms]
2026-04-17 16:02:44.399 [info] > git for-each-ref --format=%(refname)%00%(upstream:short)%00%(objectname)%00%(upstream:track)%00%(upstream:remotename)%00%(upstream:remoteref) refs/heads/main refs/remotes/main [1ms]
2026-04-17 16:02:44.399 [warning] [Git][getBranch] No such branch: main
2026-04-17 16:02:44.404 [info] > git for-each-ref --sort -committerdate --format %(refname)%00%(objectname)%00%(*objectname) [0ms]
2026-04-17 16:02:44.413 [info] > git status -z -uall [12ms]
2026-04-17 16:02:49.447 [info] [Git][getRemotes] No remotes found in the git config file
2026-04-17 16:02:49.448 [info] > git config --get commit.template [1ms]
2026-04-17 16:02:49.453 [info] > git for-each-ref --format=%(refname)%00%(upstream:short)%00%(objectname)%00%(upstream:track)%00%(upstream:remotename)%00%(upstream:remoteref) refs/heads/main refs/remotes/main [1ms]
2026-04-17 16:02:49.453 [warning] [Git][getBranch] No such branch: main
2026-04-17 16:02:49.461 [info] > git for-each-ref --sort -committerdate --format %(refname)%00%(objectname)%00%(*objectname) [1ms]
2026-04-17 16:02:49.469 [info] > git status -z -uall [13ms]
2026-04-17 16:02:54.508 [info] [Git][getRemotes] No remotes found in the git config file
2026-04-17 16:02:54.509 [info] > git config --get commit.template [5ms]
2026-04-17 16:02:54.509 [info] > git for-each-ref --format=%(refname)%00%(upstream:short)%00%(objectname)%00%(upstream:track)%00%(upstream:remotename)%00%(upstream:remoteref) refs/heads/main refs/remotes/main [1ms]
2026-04-17 16:02:54.509 [warning] [Git][getBranch] No such branch: main
2026-04-17 16:02:54.517 [info] > git for-each-ref --sort -committerdate --format %(refname)%00%(objectname)%00%(*objectname) [1ms]
2026-04-17 16:02:54.527 [info] > git status -z -uall [14ms]
2026-04-17 16:02:59.567 [info] [Git][getRemotes] No remotes found in the git config file
2026-04-17 16:02:59.567 [info] > git config --get commit.template [4ms]
2026-04-17 16:02:59.568 [info] > git for-each-ref --format=%(refname)%00%(upstream:short)%00%(objectname)%00%(upstream:track)%00%(upstream:remotename)%00%(upstream:remoteref) refs/heads/main refs/remotes/main [2ms]
2026-04-17 16:02:59.568 [warning] [Git][getBranch] No such branch: main
2026-04-17 16:02:59.576 [info] > git for-each-ref --sort -committerdate --format %(refname)%00%(objectname)%00%(*objectname) [1ms]
2026-04-17 16:02:59.584 [info] > git status -z -uall [13ms]
2026-04-17 16:03:04.611 [info] [Git][getRemotes] No remotes found in the git config file
2026-04-17 16:03:04.612 [info] > git config --get commit.template [4ms]
2026-04-17 16:03:04.612 [info] > git for-each-ref --format=%(refname)%00%(upstream:short)%00%(objectname)%00%(upstream:track)%00%(upstream:remotename)%00%(upstream:remoteref) refs/heads/main refs/remotes/main [1ms]
2026-04-17 16:03:04.612 [warning] [Git][getBranch] No such branch: main
2026-04-17 16:03:04.619 [info] > git for-each-ref --sort -committerdate --format %(refname)%00%(objectname)%00%(*objectname) [1ms]
2026-04-17 16:03:04.628 [info] > git status -z -uall [13ms]
2026-04-17 16:03:09.657 [info] [Git][getRemotes] No remotes found in the git config file
2026-04-17 16:03:09.657 [info] > git config --get commit.template [5ms]
2026-04-17 16:03:09.658 [info] > git for-each-ref --format=%(refname)%00%(upstream:short)%00%(objectname)%00%(upstream:track)%00%(upstream:remotename)%00%(upstream:remoteref) refs/heads/main refs/remotes/main [1ms]
2026-04-17 16:03:09.658 [warning] [Git][getBranch] No such branch: main
2026-04-17 16:03:09.667 [info] > git for-each-ref --sort -committerdate --format %(refname)%00%(objectname)%00%(*objectname) [1ms]
2026-04-17 16:03:09.678 [info] > git status -z -uall [17ms]
2026-04-17 16:03:14.714 [info] [Git][getRemotes] No remotes found in the git config file
2026-04-17 16:03:14.714 [info] > git config --get commit.template [4ms]
2026-04-17 16:03:14.715 [info] > git for-each-ref --format=%(refname)%00%(upstream:short)%00%(objectname)%00%(upstream:track)%00%(upstream:remotename)%00%(upstream:remoteref) refs/heads/main refs/remotes/main [1ms]
2026-04-17 16:03:14.715 [warning] [Git][getBranch] No such branch: main
2026-04-17 16:03:14.722 [info] > git for-each-ref --sort -committerdate --format %(refname)%00%(objectname)%00%(*objectname) [1ms]
2026-04-17 16:03:14.730 [info] > git status -z -uall [12ms]
2026-04-17 16:03:19.770 [info] [Git][getRemotes] No remotes found in the git config file
2026-04-17 16:03:19.771 [info] > git config --get commit.template [6ms]
2026-04-17 16:03:19.771 [info] > git for-each-ref --format=%(refname)%00%(upstream:short)%00%(objectname)%00%(upstream:track)%00%(upstream:remotename)%00%(upstream:remoteref) refs/heads/main refs/remotes/main [1ms]
2026-04-17 16:03:19.771 [warning] [Git][getBranch] No such branch: main
2026-04-17 16:03:19.780 [info] > git for-each-ref --sort -committerdate --format %(refname)%00%(objectname)%00%(*objectname) [1ms]
2026-04-17 16:03:19.791 [info] > git status -z -uall [16ms]
2026-04-17 16:03:24.829 [info] [Git][getRemotes] No remotes found in the git config file
2026-04-17 16:03:24.830 [info] > git config --get commit.template [5ms]
2026-04-17 16:03:24.830 [info] > git for-each-ref --format=%(refname)%00%(upstream:short)%00%(objectname)%00%(upstream:track)%00%(upstream:remotename)%00%(upstream:remoteref) refs/heads/main refs/remotes/main [1ms]
2026-04-17 16:03:24.830 [warning] [Git][getBranch] No such branch: main
2026-04-17 16:03:24.839 [info] > git for-each-ref --sort -committerdate --format %(refname)%00%(objectname)%00%(*objectname) [1ms]
2026-04-17 16:03:24.847 [info] > git status -z -uall [13ms]
2026-04-17 16:03:29.877 [info] [Git][getRemotes] No remotes found in the git config file
2026-04-17 16:03:29.878 [info] > git config --get commit.template [6ms]
2026-04-17 16:03:29.878 [info] > git for-each-ref --format=%(refname)%00%(upstream:short)%00%(objectname)%00%(upstream:track)%00%(upstream:remotename)%00%(upstream:remoteref) refs/heads/main refs/remotes/main [1ms]
2026-04-17 16:03:29.878 [warning] [Git][getBranch] No such branch: main
2026-04-17 16:03:29.887 [info] > git for-each-ref --sort -committerdate --format %(refname)%00%(objectname)%00%(*objectname) [1ms]
2026-04-17 16:03:29.894 [info] > git status -z -uall [12ms]
2026-04-17 16:03:34.930 [info] [Git][getRemotes] No remotes found in the git config file
2026-04-17 16:03:34.931 [info] > git config --get commit.template [4ms]
2026-04-17 16:03:34.931 [info] > git for-each-ref --format=%(refname)%00%(upstream:short)%00%(objectname)%00%(upstream:track)%00%(upstream:remotename)%00%(upstream:remoteref) refs/heads/main refs/remotes/main [1ms]
2026-04-17 16:03:34.931 [warning] [Git][getBranch] No such branch: main
2026-04-17 16:03:34.941 [info] > git for-each-ref --sort -committerdate --format %(refname)%00%(objectname)%00%(*objectname) [1ms]
2026-04-17 16:03:34.949 [info] > git status -z -uall [14ms]
2026-04-17 16:03:39.990 [info] [Git][getRemotes] No remotes found in the git config file
2026-04-17 16:03:39.990 [info] > git config --get commit.template [5ms]
2026-04-17 16:03:39.991 [info] > git for-each-ref --format=%(refname)%00%(upstream:short)%00%(objectname)%00%(upstream:track)%00%(upstream:remotename)%00%(upstream:remoteref) refs/heads/main refs/remotes/main [1ms]
2026-04-17 16:03:39.991 [warning] [Git][getBranch] No such branch: main
2026-04-17 16:03:40.000 [info] > git for-each-ref --sort -committerdate --format %(refname)%00%(objectname)%00%(*objectname) [1ms]
2026-04-17 16:03:40.008 [info] > git status -z -uall [13ms]
2026-04-17 16:03:45.035 [info] [Git][getRemotes] No remotes found in the git config file
2026-04-17 16:03:45.039 [info] > git config --get commit.template [4ms]
2026-04-17 16:03:45.040 [info] > git for-each-ref --format=%(refname)%00%(upstream:short)%00%(objectname)%00%(upstream:track)%00%(upstream:remotename)%00%(upstream:remoteref) refs/heads/main refs/remotes/main [1ms]
2026-04-17 16:03:45.040 [warning] [Git][getBranch] No such branch: main
2026-04-17 16:03:45.048 [info] > git for-each-ref --sort -committerdate --format %(refname)%00%(objectname)%00%(*objectname) [1ms]
2026-04-17 16:03:45.056 [info] > git status -z -uall [13ms]
2026-04-17 16:03:50.086 [info] [Git][getRemotes] No remotes found in the git config file
2026-04-17 16:03:50.087 [info] > git config --get commit.template [5ms]
2026-04-17 16:03:50.087 [info] > git for-each-ref --format=%(refname)%00%(upstream:short)%00%(objectname)%00%(upstream:track)%00%(upstream:remotename)%00%(upstream:remoteref) refs/heads/main refs/remotes/main [1ms]
2026-04-17 16:03:50.087 [warning] [Git][getBranch] No such branch: main
2026-04-17 16:03:50.096 [info] > git for-each-ref --sort -committerdate --format %(refname)%00%(objectname)%00%(*objectname) [0ms]
2026-04-17 16:03:50.104 [info] > git status -z -uall [13ms]
2026-04-17 16:03:52.069 [info] > git check-ignore -v -z --stdin [1ms]
2026-04-17 16:03:55.693 [info] [Git][getRemotes] No remotes found in the git config file
2026-04-17 16:03:55.697 [info] > git config --get commit.template [4ms]
2026-04-17 16:03:55.698 [info] > git for-each-ref --format=%(refname)%00%(upstream:short)%00%(objectname)%00%(upstream:track)%00%(upstream:remotename)%00%(upstream:remoteref) refs/heads/main refs/remotes/main [1ms]
2026-04-17 16:03:55.698 [warning] [Git][getBranch] No such branch: main
2026-04-17 16:03:55.706 [info] > git for-each-ref --sort -committerdate --format %(refname)%00%(objectname)%00%(*objectname) [1ms]
2026-04-17 16:03:55.714 [info] > git status -z -uall [13ms]
