2026-04-17 15:57:00.889 [warning] Dir "/home/user/.pixi/envs" is not watchable (directory does not exist)
2026-04-17 15:57:02.807 [info] Starting Environment refresh
2026-04-17 15:57:02.807 [info] Searching for interpreters in posix paths locator
2026-04-17 15:57:02.813 [info] Searching for pyenv environments
2026-04-17 15:57:02.813 [info] Searching for conda environments
2026-04-17 15:57:02.813 [info] Searching for global virtual environments
2026-04-17 15:57:02.813 [info] Searching for custom virtual environments
2026-04-17 15:57:02.865 [info] Skipping ActivatedEnv Detection:  process.env.VSCODE_CLI !== '1'
2026-04-17 15:57:02.865 [info] Skipping ActivatedEnv Detection:  process.env.VSCODE_CLI !== '1'
2026-04-17 15:57:02.867 [info] pyenv is not installed
2026-04-17 15:57:02.867 [info] Finished searching for pyenv environments: 59 milliseconds
2026-04-17 15:57:02.867 [info] Finished searching for custom virtual envs: 58 milliseconds
2026-04-17 15:57:02.871 [info] > conda info --json
2026-04-17 15:57:02.875 [info] > hatch env show --json
2026-04-17 15:57:02.875 [info] cwd: .
2026-04-17 15:57:02.878 [info] > pyenv which python
2026-04-17 15:57:02.878 [info] cwd: .
2026-04-17 15:57:02.878 [info] Finished searching for global virtual envs: 69 milliseconds
2026-04-17 15:57:02.891 [info] Found: /usr/local/bin/python --> /usr/local/bin/python3.9
2026-04-17 15:57:02.891 [info] Found: /usr/local/bin/python3 --> /usr/local/bin/python3.9
2026-04-17 15:57:02.891 [info] Found: /usr/local/bin/python3.9 --> /usr/local/bin/python3.9
2026-04-17 15:57:02.893 [info] Finished searching for interpreters in posix paths locator: 87 milliseconds
2026-04-17 15:57:02.907 [info] > /usr/local/bin/python -I ./.local/share/code-server/extensions/ms-python.python-2026.4.0-universal/python_files/get_output_via_markers.py ./.local/share/code-server/extensions/ms-python.python-2026.4.0-universal/python_files/interpreterInfo.py
2026-04-17 15:57:02.907 [info] Environments refresh paths discovered (event): 101 milliseconds
2026-04-17 15:57:02.907 [info] Environments refresh paths discovered: 101 milliseconds
2026-04-17 15:57:03.049 [info] Environments refresh finished (event): 242 milliseconds
2026-04-17 15:57:03.055 [info] Environment refresh took 249 milliseconds
2026-04-17 15:57:03.058 [info] Python interpreter path: /usr/local/bin/python
2026-04-17 15:57:05.687 [info] Starting Jedi language server for user.
